1455120856 0 100 0.0
1455120864 50 50 0.0
1455120865 50 50 0.0
1455120866 50 50 0.0
1455120867 50 50 0.0
1455120868 50 50 0.0
1455120869 50 50 0.0
1455120870 50 50 0.0
1455120871 50 50 0.0
1455120872 50 50 0.0
1455120873 50 50 0.0
1455120874 50 50 0.0
1455120875 50 50 0.0
1455120876 50 50 0.0
1455120877 50 50 0.0
1455121969 0 100 0.0
1455121988 50 50 0.0
1455121989 50 50 0.0
1455121990 50 50 0.0
1455121991 50 50 0.0
1455121992 50 50 0.0
1455121993 50 50 0.0
1455121994 50 50 0.0
1455121995 50 50 0.0
1455121996 50 50 0.0
1455121997 50 50 0.0
1455121998 50 50 0.0
1455121999 50 50 0.0
1455122000 50 50 0.0
1455122001 50 50 0.0
1455122002 50 50 0.0
1455122003 50 50 0.0
1455122004 50 50 0.0
1455122005 50 50 0.0
1455122006 50 50 0.0
1455122007 50 50 0.0
1455122008 50 50 0.0
1455122009 50 50 0.0
1455122010 50 50 0.0
1455122011 50 50 0.0
1455122012 50 50 0.0
1455122013 50 50 0.0
1455122014 50 50 0.0
1455122015 50 50 0.0
1455122016 50 50 0.0
1455122017 50 50 0.0
1455122018 50 50 0.0
1455122019 50 50 0.0
1455122020 50 50 0.0
1455122021 50 50 0.0
1455122022 50 50 0.0
1455122023 50 50 0.0
1455122024 50 50 0.0
1455122025 50 50 0.0
1455122026 50 50 0.0
1455122027 50 50 0.0
1455122028 50 50 0.0
1455122029 50 50 0.0
1455122030 50 50 0.0
1455122031 50 50 0.0
1455122032 50 50 0.0
1455122033 50 50 0.0
1455122034 50 50 0.0
1455122035 50 50 0.0
1455122036 50 50 0.0
1455122037 50 50 0.0
1455122302 0 100 0.0
1455122461 50 50 0.0
1455122462 50 50 0.0
1455122463 50 50 0.0
1455122464 50 50 0.0
1455122465 50 50 0.0
1455122466 50 50 0.0
1455122467 50 50 0.0
1455122468 50 50 0.0
1455122469 50 50 0.0
1455122470 50 50 0.0
1455122471 50 50 0.0
1455122472 50 50 0.0
1455122473 50 50 0.0
1455122474 50 50 0.0
1455122475 50 50 0.0
1455122476 50 50 0.0
1455122477 50 50 0.0
1455122478 50 50 0.0
1455122479 50 50 0.0
1455122480 50 50 0.0
1455122481 50 50 0.0
1455122482 50 50 0.0
1455122483 50 50 0.0
1455122484 50 50 0.0
1455122485 50 50 0.0
1455122486 50 50 0.0
1455122487 50 50 0.0
1455122488 50 50 0.0
1455122489 50 50 0.0
1455122490 50 50 0.0
1455122491 50 50 0.0
1455122492 50 50 0.0
1455122493 50 50 0.0
1455122494 50 50 0.0
1455122495 50 50 0.0
1455122496 50 50 0.0
1455122497 50 50 0.0
1455122498 50 50 0.0
1455122499 50 50 0.0
1455122500 50 50 0.0
1455122501 50 50 0.0
1455122502 50 50 0.0
1455122503 50 50 0.0
1455122504 50 50 0.0
1455122505 50 50 0.0
1455122506 50 50 0.0
1455122507 50 50 0.0
1455122508 50 50 0.0
1455122509 50 50 0.0
1455122510 50 50 0.0
1455122511 50 50 0.0
1455122512 50 50 0.0
1455122513 50 50 0.0
1455122514 50 50 0.0
1455122515 50 50 0.0
1455122516 50 50 0.0
1455122517 50 50 0.0
1455122518 50 50 0.0
1455122519 50 50 0.0
1455122520 50 50 0.0
1455122521 50 50 0.0
1455122522 50 50 0.0
1455122523 50 50 0.0
1455122524 50 50 0.0
1455122525 50 50 0.0
1455122526 50 50 0.0
1455122527 50 50 0.0
1455122528 50 50 0.0
1455122529 50 50 0.0
1455122530 50 50 0.0
1455122531 50 50 0.0
1455122532 50 50 0.0
1455122533 50 50 0.0
1455122534 50 50 0.0
1455122535 50 50 0.0
1455122536 50 50 0.0
1455122537 50 50 0.0
1455122538 50 50 0.0
1455122539 50 50 0.0
1455122540 50 50 0.0
1455122541 50 50 0.0
1455122542 50 50 0.0
1455122543 50 50 0.0
1455122544 50 50 0.0
1455122545 50 50 0.0
1455122546 50 50 0.0
1455122547 50 50 0.0
1455122548 50 50 0.0
1455122549 50 50 0.0
1455122550 50 50 0.0
1455122551 50 50 0.0
1455122552 50 50 0.0
1455122553 50 50 0.0
1455122554 50 50 0.0
1455122555 50 50 0.0
1455122556 50 50 0.0
1455122557 50 50 0.0
1455122558 50 50 0.0
1455122559 50 50 0.0
1455122560 50 50 0.0
1455122561 50 50 0.0
1455122562 50 50 0.0
1455122563 50 50 0.0
1455122564 50 50 0.0
1455122565 50 50 0.0
1455122566 50 50 0.0
1455122567 50 50 0.0
1455122568 50 50 0.0
1455122569 50 50 0.0
1455122570 50 50 0.0
1455122571 50 50 0.0
1455122572 50 50 0.0
1455122573 50 50 0.0
1455122574 50 50 0.0
1455122575 50 50 0.0
1455122576 50 50 0.0
1455122577 50 50 0.0
1455122578 50 50 0.0
1455122579 50 50 0.0
1455122580 50 50 0.0
1455122581 50 50 0.0
1455122582 50 50 0.0
1455122583 50 50 0.0
1455122584 50 50 0.0
1455122585 50 50 0.0
1455122586 50 50 0.0
1455122587 50 50 0.0
1455122588 50 50 0.0
1455122589 50 50 0.0
1455122590 50 50 0.0
1455122591 50 50 0.0
1455122592 50 50 0.0
1455122593 50 50 0.0
1455122594 50 50 0.0
1455122595 50 50 0.0
1455122596 50 50 0.0
1455122597 50 50 0.0
1455122598 50 50 0.0
1455122599 50 50 0.0
1455122600 50 50 0.0
1455122601 50 50 0.0
1455122602 50 50 0.0
1455122603 50 50 0.0
1455122604 50 50 0.0
1455122605 50 50 0.0
1455122606 50 50 0.0
1455122607 50 50 0.0
1455122608 50 50 0.0
1455122609 50 50 0.0
1455122610 50 50 0.0
1455122611 50 50 0.0
1455122612 50 50 0.0
1455122613 50 50 0.0
1455122614 50 50 0.0
1455122615 50 50 0.0
1455122616 50 50 0.0
1455122617 50 50 0.0
1455122618 50 50 0.0
1455122619 50 50 0.0
1455122620 50 50 0.0
1455122621 50 50 0.0
1455122622 50 50 0.0
1455122623 50 50 0.0
1455122624 50 50 0.0
1455122625 50 50 0.0
1455122626 50 50 0.0
1455122627 50 50 0.0
1455122628 50 50 0.0
1455122629 50 50 0.0
1455122630 50 50 0.0
1455122631 50 50 0.0
1455122632 50 50 0.0
1455122633 50 50 0.0
1455122634 50 50 0.0
1455122635 50 50 0.0
1455122636 50 50 0.0
1455122637 50 50 0.0
1455122638 50 50 0.0
1455122639 50 50 0.0
1455122640 50 50 0.0
1455122641 50 50 0.0
1455122642 50 50 0.0
1455122643 50 50 0.0
1455122644 50 50 0.0
1455122645 50 50 0.0
1455122646 50 50 0.0
1455122647 50 50 0.0
1455122648 50 50 0.0
1455122649 50 50 0.0
1455122650 50 50 0.0
1455122651 50 50 0.0
1455122652 50 50 0.0
1455122653 50 50 0.0
1455122654 50 50 0.0
1455122655 50 50 0.0
1455122656 50 50 0.0
1455122657 50 50 0.0
1455122658 50 50 0.0
1455122659 50 50 0.0
1455122660 50 50 0.0
1455122661 50 50 0.0
1455122662 50 50 0.0
1455122663 50 50 0.0
1455122664 50 50 0.0
1455122665 50 50 0.0
1455122666 50 50 0.0
1455122667 50 50 0.0
1455122668 50 50 0.0
1455122669 50 50 0.0
1455122670 50 50 0.0
1455122671 50 50 0.0
1455122672 50 50 0.0
1455122673 50 50 0.0
1455122674 50 50 0.0
1455122675 50 50 0.0
1455122676 50 50 0.0
1455122677 50 50 0.0
1455122678 50 50 0.0
1455122679 50 50 0.0
1455122680 50 50 0.0
1455122681 50 50 0.0
1455122682 50 50 0.0
1455122683 50 50 0.0
1455122684 50 50 0.0
1455122685 50 50 0.0
1455122686 50 50 0.0
1455122687 50 50 0.0
1455122688 50 50 0.0
1455122689 50 50 0.0
1455122690 50 50 0.0
1455122691 50 50 0.0
1455122692 50 50 0.0
1455122693 50 50 0.0
1455122694 50 50 0.0
1455122695 50 50 0.0
1455122696 50 50 0.0
1455122697 50 50 0.0
1455122698 50 50 0.0
1455122699 50 50 0.0
1455122700 50 50 0.0
1455122701 50 50 0.0
1455122702 50 50 0.0
1455122703 50 50 0.0
1455122704 50 50 0.0
1455122705 50 50 0.0
1455122706 50 50 0.0
1455122707 50 50 0.0
1455122708 50 50 0.0
1455122709 50 50 0.0
1455122710 50 50 0.0
1455122711 50 50 0.0
1455122712 50 50 0.0
1455122713 50 50 0.0
1455122714 50 50 0.0
1455122715 50 50 0.0
1455122716 50 50 0.0
1455122717 50 50 0.0
1455122718 50 50 0.0
1455122719 50 50 0.0
1455122721 50 50 0.0
1455122721 50 50 0.0
1455122724 50 50 0.0
1455122724 50 50 0.0
1455122725 50 50 0.0
1455122726 50 50 0.0
1455122727 50 50 0.0
1455122728 50 50 0.0
1455122729 50 50 0.0
1455122730 50 50 0.0
1455122731 50 50 0.0
1455122732 50 50 0.0
1455122733 50 50 0.0
1455122734 50 50 0.0
1455122735 50 50 0.0
1455122736 50 50 0.0
1455122737 50 50 0.0
1455122739 50 50 0.0
1455122739 50 50 0.0
1455122741 50 50 0.0
1455122741 50 50 0.0
1455122742 50 50 0.0
1455122743 50 50 0.0
1455122744 50 50 0.0
1455122745 50 50 0.0
1455122746 50 50 0.0
1455122747 50 50 0.0
1455122748 50 50 0.0
1455122749 50 50 0.0
1455122750 50 50 0.0
1455122751 50 50 0.0
1455122752 50 50 0.0
1455122753 50 50 0.0
1455122754 50 50 0.0
1455122755 50 50 0.0
1455122756 50 50 0.0
1455122758 50 50 0.0
1455122758 50 50 0.0
1455122759 50 50 0.0
1455122760 50 50 0.0
1455122761 50 50 0.0
1455122762 50 50 0.0
1455122763 50 50 0.0
1455122764 50 50 0.0
1455122765 50 50 0.0
1455122766 50 50 0.0
1455122767 50 50 0.0
1455122768 50 50 0.0
1455122769 50 50 0.0
1455122770 50 50 0.0
1455122771 50 50 0.0
1455122772 50 50 0.0
1455122773 50 50 0.0
1455122774 50 50 0.0
1455122775 50 50 0.0
1455122776 50 50 0.0
1455122777 50 50 0.0
1455122778 50 50 0.0
1455122779 50 50 0.0
1455122780 50 50 0.0
1455122781 50 50 0.0
1455122782 50 50 0.0
1455122783 50 50 0.0
1455122784 50 50 0.0
1455122785 50 50 0.0
1455122786 50 50 0.0
1455122787 50 50 0.0
1455122788 50 50 0.0
1455122789 50 50 0.0
1455122790 50 50 0.0
1455122791 50 50 0.0
1455122792 50 50 0.0
1455122793 50 50 0.0
1455122794 50 50 0.0
1455122795 50 50 0.0
1455122796 50 50 0.0
1455122797 50 50 0.0
1455122798 50 50 0.0
1455122799 50 50 0.0
1455122800 50 50 0.0
1455122801 50 50 0.0
1455122802 50 50 0.0
1455122803 50 50 0.0
1455122804 50 50 0.0
1455122805 50 50 0.0
1455122806 50 50 0.0
1455122807 50 50 0.0
1455122808 50 50 0.0
1455122809 50 50 0.0
1455122810 50 50 0.0
1455122811 50 50 0.0
1455122812 50 50 0.0
1455122813 50 50 0.0
1455122814 50 50 0.0
1455122815 50 50 0.0
1455122816 50 50 0.0
1455122817 50 50 0.0
1455122818 50 50 0.0
1455122819 50 50 0.0
1455122820 50 50 0.0
1455122821 50 50 0.0
1455122822 50 50 0.0
1455122823 50 50 0.0
1455122824 50 50 0.0
1455122825 50 50 0.0
1455122826 50 50 0.0
1455122827 50 50 0.0
1455122828 50 50 0.0
1455122829 50 50 0.0
1455122830 50 50 0.0
1455122831 50 50 0.0
1455122832 50 50 0.0
1455122833 50 50 0.0
1455122834 50 50 0.0
1455122835 50 50 0.0
1455122836 50 50 0.0
1455122837 50 50 0.0
1455122838 50 50 0.0
1455122839 50 50 0.0
1455122840 50 50 0.0
1455122841 50 50 0.0
1455122842 50 50 0.0
1455122843 50 50 0.0
1455122844 50 50 0.0
1455122845 50 50 0.0
1455122846 50 50 0.0
1455122847 50 50 0.0
1455122848 50 50 0.0
1455122849 50 50 0.0
1455122850 50 50 0.0
1455122851 50 50 0.0
1455122852 50 50 0.0
1455122853 50 50 0.0
1455122854 50 50 0.0
1455122855 50 50 0.0
1455122856 50 50 0.0
1455122857 50 50 0.0
1455122858 50 50 0.0
1455122859 50 50 0.0
1455122860 50 50 0.0
1455122861 70 50 0.0
1455122862 70 50 0.0
1455122863 70 50 0.0
1455122864 70 50 0.0
1455122865 70 50 0.0
1455122866 70 50 0.0
1455122867 70 50 0.0
1455122868 70 50 0.0
1455122869 70 50 0.0
1455122870 70 50 0.0
1455122871 70 50 0.0
1455122872 70 50 0.0
1455122873 70 50 0.0
1455122874 70 50 0.0
1455122875 70 50 0.0
1455122877 70 50 0.0
1455122878 70 50 0.0
1455122878 70 50 0.0
1455122879 70 50 0.0
1455122881 70 50 0.0
1455122882 70 50 0.0
1455122883 70 50 0.0
1455122884 70 50 0.0
1455122884 70 50 0.0
1455122885 70 50 0.0
1455122887 70 50 0.0
1455122888 70 50 0.0
1455122888 70 50 0.0
1455122890 70 50 0.0
1455122891 70 50 0.0
1455122892 70 50 0.0
1455122892 70 50 0.0
1455122894 70 50 0.0
1455122895 70 50 0.0
1455122896 70 50 0.0
1455122897 70 50 0.0
1455122897 70 50 0.0
1455122899 70 50 0.0
1455122899 70 50 0.0
1455122900 70 50 0.0
1455122901 70 50 0.0
1455122902 70 50 0.0
1455122903 70 50 0.0
1455122904 70 50 0.0
1455122905 70 50 0.0
1455122906 70 50 0.0
1455122907 70 50 0.0
1455122908 70 50 0.0
1455122909 70 50 0.0
1455122910 70 50 0.0
1455122911 70 50 0.0
1455122912 70 50 0.0
1455122913 70 50 0.0
1455122914 70 50 0.0
1455122915 70 50 0.0
1455122916 70 50 0.0
1455122917 70 50 0.0
1455122918 70 50 0.0
1455122919 70 50 0.0
1455122920 70 50 0.0
1455122921 70 50 0.0
1455122922 70 50 0.0
1455122923 70 50 0.0
1455122924 70 50 0.0
1455122925 70 50 0.0
1455122926 70 50 0.0
1455122927 70 50 0.0
1455122928 70 50 0.0
1455122929 70 50 0.0
1455122930 70 50 0.0
1455122931 70 50 0.0
1455122932 70 50 0.0
1455122933 70 50 0.0
1455122934 70 50 0.0
1455122935 70 50 0.0
1455122936 70 50 0.0
1455122937 70 50 0.0
1455122938 70 50 0.0
1455122939 70 50 0.0
1455122940 70 50 0.0
1455122941 70 50 0.0
1455122942 70 50 0.0
1455122943 70 50 0.0
1455122944 70 50 0.0
1455122945 70 50 0.0
1455122946 70 50 0.0
1455122947 70 50 0.0
1455122948 70 50 0.0
1455122949 70 50 0.0
1455122950 70 50 0.0
1455122951 70 50 0.0
1455122952 70 50 0.0
1455122953 70 50 0.0
1455122954 70 50 0.0
1455122955 70 50 0.0
1455122956 70 50 0.0
1455122957 70 50 0.0
1455122958 70 50 0.0
1455122959 70 50 0.0
1455122960 70 50 0.0
1455122961 70 50 0.0
1455122962 70 50 0.0
1455122963 70 50 0.0
1455122964 70 50 0.0
1455122965 70 50 0.0
1455122966 70 50 0.0
1455122967 70 50 0.0
1455122968 70 50 0.0
1455122969 70 50 0.0
1455122970 70 50 0.0
1455122971 70 50 0.0
1455122972 70 50 0.0
1455122973 70 50 0.0
1455122974 70 50 0.0
1455122975 70 50 0.0
1455122976 70 50 0.0
1455122977 70 50 0.0
1455122978 70 50 0.0
1455122979 70 50 0.0
1455122980 70 50 0.0
1455122981 70 50 0.0
1455122982 70 50 0.0
1455122983 70 50 0.0
1455122984 70 50 0.0
1455122985 70 50 0.0
1455122986 70 50 0.0
1455122987 70 50 0.0
1455122988 70 50 0.0
1455122989 70 50 0.0
1455122990 70 50 0.0
1455122991 70 50 0.0
1455122992 70 50 0.0
1455122993 70 50 0.0
1455122994 70 50 0.0
1455122995 70 50 0.0
1455122996 70 50 0.0
1455122997 70 50 0.0
1455122998 70 50 0.0
1455122999 70 50 0.0
1455123000 70 50 0.0
1455123001 70 50 0.0
1455123002 70 50 0.0
1455123003 70 50 0.0
1455123004 70 50 0.0
1455123005 70 50 0.0
1455123006 70 50 0.0
1455123007 70 50 0.0
1455123008 70 50 0.0
1455123009 70 50 0.0
1455123010 70 50 0.0
1455123011 70 50 0.0
1455123012 70 50 0.0
1455123013 70 50 0.0
1455123016 70 50 0.0
1455123016 70 50 0.0
1455123017 70 50 0.0
1455123018 70 50 0.0
1455123019 70 50 0.0
1455123020 70 50 0.0
1455123021 70 50 0.0
1455123022 70 50 0.0
1455123023 70 50 0.0
1455123024 70 50 0.0
1455123025 70 50 0.0
1455123026 70 50 0.0
1455123027 70 50 0.0
1455123028 70 50 0.0
1455123029 70 50 0.0
1455123030 70 50 0.0
1455123031 70 50 0.0
1455123032 70 50 0.0
1455123033 70 50 0.0
1455123034 70 50 0.0
1455123035 70 50 0.0
1455123036 70 50 0.0
1455123037 70 50 0.0
1455123038 70 50 0.0
1455123039 70 50 0.0
1455123040 70 50 0.0
1455123041 70 50 0.0
1455123042 70 50 0.0
1455123043 70 50 0.0
1455123044 70 50 0.0
1455123045 70 50 0.0
1455123046 70 50 0.0
1455123047 70 50 0.0
1455123048 70 50 0.0
1455123049 70 50 0.0
1455123050 70 50 0.0
1455123051 70 50 0.0
1455123052 70 50 0.0
1455123053 70 50 0.0
1455123054 70 50 0.0
1455123055 70 50 0.0
1455123056 70 50 0.0
1455123057 70 50 0.0
1455123058 70 50 0.0
1455123059 70 50 0.0
1455123060 70 50 0.0
1455123061 70 50 0.0
1455123062 70 50 0.0
1455123063 70 50 0.0
1455123064 70 50 0.0
1455123065 70 50 0.0
1455123066 70 50 0.0
1455123067 70 50 0.0
1455123068 70 50 0.0
1455123069 70 50 0.0
1455123070 70 50 0.0
1455123071 70 50 0.0
1455123072 70 50 0.0
1455123073 70 50 0.0
1455123074 70 50 0.0
1455123075 70 50 0.0
1455123076 70 50 0.0
1455123077 70 50 0.0
1455123078 70 50 0.0
1455123079 70 50 0.0
1455123080 70 50 0.0
1455123081 70 50 0.0
1455123082 70 50 0.0
1455123083 70 50 0.0
1455123084 70 50 0.0
1455123085 70 50 0.0
1455123086 70 50 0.0
1455123087 70 50 0.0
1455123088 70 50 0.0
1455123089 70 50 0.0
1455123090 70 50 0.0
1455123091 70 50 0.0
1455123092 70 50 0.0
1455123093 70 50 0.0
1455123094 70 50 0.0
1455123095 70 50 0.0
1455123096 70 50 0.0
1455123097 70 50 0.0
1455123098 70 50 0.0
1455123099 70 50 0.0
1455123100 70 50 0.0
1455123101 70 50 0.0
1455123102 70 50 0.0
1455123103 70 50 0.0
1455123104 70 50 0.0
1455123105 70 50 0.0
1455123106 70 50 0.0
1455123107 70 50 0.0
1455123108 70 50 0.0
1455123109 70 50 0.0
1455123110 70 50 0.0
1455123111 70 50 0.0
1455123112 70 50 0.0
1455123113 70 50 0.0
1455123114 70 50 0.0
1455123115 70 50 0.0
1455123116 70 50 0.0
1455123117 70 50 0.0
1455123118 70 50 0.0
1455123119 70 50 0.0
1455123120 70 50 0.0
1455123121 70 50 0.0
1455123122 70 50 0.0
1455123123 70 50 0.0
1455123124 70 50 0.0
1455123125 70 50 0.0
1455123126 70 50 0.0
1455123127 70 50 0.0
1455123128 70 50 0.0
1455123129 70 50 0.0
1455123130 70 50 0.0
1455123132 70 50 0.0
1455123132 70 50 0.0
1455123133 70 50 0.0
1455123134 70 50 0.0
1455123135 70 50 0.0
1455123136 70 50 0.0
1455123734 0 100 0.0
1455123764 50 50 0.0
1455123765 50 50 0.0
1455123766 50 50 0.0
1455123767 50 50 0.0
1455123768 50 50 0.0
1455123769 50 50 0.0
1455123770 50 50 0.0
1455123771 50 50 0.0
1455123772 50 50 0.0
1455123773 50 50 0.0
1455123774 50 50 0.0
1455123775 50 50 0.0
1455123776 50 50 0.0
1455123777 50 50 0.0
1455123778 50 50 0.0
1455123779 50 50 0.0
1455123780 50 50 0.0
1455123781 50 50 0.0
1455123782 50 50 0.0
1455123783 50 50 0.0
1455123784 50 50 0.0
1455123785 50 50 0.0
1455123786 50 50 0.0
1455123787 50 50 0.0
1455123788 50 50 0.0
1455123789 50 50 0.0
1455123790 50 50 0.0
1455123791 50 50 0.0
1455123792 50 50 0.0
1455123793 50 50 0.0
1455123794 50 50 0.0
1455123795 50 50 0.0
1455123796 50 50 0.0
1455123797 50 50 0.0
1455123798 50 50 0.0
1455123799 50 50 0.0
1455123800 50 50 0.0
1455123801 50 50 0.0
1455123802 50 50 0.0
1455123803 50 50 0.0
1455123804 50 50 0.0
1455123805 50 50 0.0
1455123806 50 50 0.0
1455123807 50 50 0.0
1455123808 50 50 0.0
1455123809 50 50 0.0
1455123810 50 50 0.0
1455123811 50 50 0.0
1455123812 50 50 0.0
1455123813 50 50 0.0
1455123814 50 50 0.0
1455123815 50 50 0.0
1455123816 50 50 0.0
1455123817 50 50 0.0
1455123818 50 50 0.0
1455123819 50 50 0.0
1455123820 50 50 0.0
1455123821 50 50 0.0
1455123822 50 50 0.0
1455123823 50 50 0.0
1455123824 50 50 0.0
1455123825 50 50 0.0
1455123826 50 50 0.0
1455123827 50 50 0.0
1455123828 50 50 0.0
1455123829 50 50 0.0
1455123830 50 50 0.0
1455123831 50 50 0.0
1455123832 50 50 0.0
1455123833 50 50 0.0
1455123834 50 50 0.0
1455123835 50 50 0.0
1455123836 50 50 0.0
1455123837 50 50 0.0
1455123838 50 50 0.0
1455123839 50 50 0.0
1455123840 50 50 0.0
1455123841 50 50 0.0
1455123842 50 50 0.0
1455123843 50 50 0.0
1455123844 50 50 0.0
1455123845 50 50 0.0
1455123846 50 50 0.0
1455123847 50 50 0.0
1455123848 50 50 0.0
1455123849 50 50 0.0
1455123850 50 50 0.0
1455123851 50 50 0.0
1455123852 50 50 0.0
1455123853 50 50 0.0
1455123854 50 50 0.0
1455123855 50 50 0.0
1455123856 50 50 0.0
1455123857 50 50 0.0
1455123858 50 50 0.0
1455123859 50 50 0.0
1455123860 50 50 0.0
1455123861 50 50 0.0
1455123862 50 50 0.0
1455123863 50 50 0.0
1455123864 50 50 0.0
1455123865 50 50 0.0
1455123866 50 50 0.0
1455123867 50 50 0.0
1455123868 50 50 0.0
1455123869 50 50 0.0
1455123870 50 50 0.0
1455123871 50 50 0.0
1455123872 50 50 0.0
1455123873 50 50 0.0
1455123874 50 50 0.0
1455123875 50 50 0.0
1455123876 50 50 0.0
1455123877 50 50 0.0
1455123878 50 50 0.0
1455123879 50 50 0.0
1455123880 50 50 0.0
1455123881 50 50 0.0
1455123882 50 50 0.0
1455123883 50 50 0.0
1455123884 50 50 0.0
1455123885 50 50 0.0
1455123886 50 50 0.0
1455123887 50 50 0.0
1455123888 50 50 0.0
1455123889 50 50 0.0
1455123890 50 50 0.0
1455123891 50 50 0.0
1455123892 50 50 0.0
1455123893 50 50 0.0
1455123894 50 50 0.0
1455123895 50 50 0.0
1455123896 50 50 0.0
1455123897 50 50 0.0
1455123898 50 50 0.0
1455123899 50 50 0.0
1455123900 50 50 0.0
1455123901 50 50 0.0
1455123902 50 50 0.0
1455123903 50 50 0.0
1455123904 50 50 0.0
1455123905 50 50 0.0
1455123906 50 50 0.0
1455123907 50 50 0.0
1455123908 50 50 0.0
1455123909 50 50 0.0
1455123910 50 50 0.0
1455123911 50 50 0.0
1455123912 50 50 0.0
1455123913 50 50 0.0
1455123914 50 50 0.0
1455123915 50 50 0.0
1455123916 50 50 0.0
1455123917 50 50 0.0
1455123918 50 50 0.0
1455123919 50 50 0.0
1455123920 50 50 0.0
1455123921 50 50 0.0
1455123922 50 50 0.0
1455123923 50 50 0.0
1455123924 50 50 0.0
1455123925 50 50 0.0
1455123926 50 50 0.0
1455123927 50 50 0.0
1455123928 50 50 0.0
1455123929 50 50 0.0
1455123930 50 50 0.0
1455123931 50 50 0.0
1455123932 50 50 0.0
1455123933 50 50 0.0
1455123934 50 50 0.0
1455123935 50 50 0.0
1455123936 50 50 0.0
1455123937 50 50 0.0
1455123938 50 50 0.0
1455123939 50 50 0.0
1455123940 50 50 0.0
1455123941 50 50 0.0
1455123942 50 50 0.0
1455123943 50 50 0.0
1455123944 50 50 0.0
1455123945 50 50 0.0
1455123946 50 50 0.0
1455123947 50 50 0.0
1455123948 50 50 0.0
1455123949 50 50 0.0
1455123950 50 50 0.0
1455123951 50 50 0.0
1455123952 50 50 0.0
1455123953 50 50 0.0
1455123954 50 50 0.0
1455123955 50 50 0.0
1455123956 50 50 0.0
1455123957 50 50 0.0
1455123958 50 50 0.0
1455123959 50 50 0.0
1455123960 50 50 0.0
1455123961 50 50 0.0
1455123962 50 50 0.0
1455123963 50 50 0.0
1455123964 50 50 0.0
1455123965 50 50 0.0
1455123966 50 50 0.0
1455123967 50 50 0.0
1455123968 50 50 0.0
1455123969 50 50 0.0
1455123970 50 50 0.0
1455123971 50 50 0.0
1455123972 50 50 0.0
1455123973 50 50 0.0
1455123974 50 50 0.0
1455123975 50 50 0.0
1455123976 50 50 0.0
1455123977 50 50 0.0
1455123978 50 50 0.0
1455123979 50 50 0.0
1455123980 50 50 0.0
1455123981 50 50 0.0
1455123982 50 50 0.0
1455123983 50 50 0.0
1455123984 50 50 0.0
1455123985 50 50 0.0
1455123986 50 50 0.0
1455123987 50 50 0.0
1455123988 50 50 0.0
1455123989 50 50 0.0
1455123990 50 50 0.0
1455123991 50 50 0.0
1455123992 50 50 0.0
1455123993 50 50 0.0
1455123994 50 50 0.0
1455123995 50 50 0.0
1455123996 50 50 0.0
1455123997 50 50 0.0
1455123998 50 50 0.0
1455123999 50 50 0.0
1455124000 50 50 0.0
1455124001 50 50 0.0
1455124002 50 50 0.0
1455124003 50 50 0.0
1455124004 50 50 0.0
1455124005 50 50 0.0
1455124006 50 50 0.0
1455124007 50 50 0.0
1455124008 50 50 0.0
1455124009 50 50 0.0
1455124010 50 50 0.0
1455124011 50 50 0.0
1455124012 50 50 0.0
1455124013 50 50 0.0
1455124014 50 50 0.0
1455124015 50 50 0.0
1455124016 50 50 0.0
1455124017 50 50 0.0
1455124018 50 50 0.0
1455124019 50 50 0.0
1455124020 50 50 0.0
1455124021 50 50 0.0
1455124022 50 50 0.0
1455124023 50 50 0.0
1455124024 50 50 0.0
1455124025 50 50 0.0
1455124026 50 50 0.0
1455124027 50 50 0.0
1455124028 50 50 0.0
1455124029 50 50 0.0
1455124030 50 50 0.0
1455124031 50 50 0.0
1455124032 50 50 0.0
1455124033 50 50 0.0
1455124034 50 50 0.0
1455124035 50 50 0.0
1455124036 50 50 0.0
1455124037 50 50 0.0
1455124038 50 50 0.0
1455124039 50 50 0.0
1455124040 50 50 0.0
1455124041 50 50 0.0
1455125462 0 100 0.0
1455125473 30 50 0.0
1455125475 30 50 0.0
1455125475 30 50 0.0
1455125476 30 50 0.0
1455125477 30 50 0.0
1455125478 30 50 0.0
1455125479 30 50 0.0
1455125485 30 50 0.0
1455125486 30 50 0.0
1455125487 30 50 0.0
1455125490 30 50 0.0
1455125490 30 50 0.0
1455125491 30 50 0.0
1455125492 30 50 0.0
1455125493 30 50 0.0
1455125494 30 50 0.0
1455125495 30 50 0.0
1455125496 30 50 0.0
1455125497 30 50 0.0
1455125498 30 50 0.0
1455125499 30 50 0.0
1455125500 30 50 0.0
1455125501 30 50 0.0
1455125502 30 50 0.0
1455125503 30 50 0.0
1455125504 30 50 0.0
1455125505 30 50 0.0
1455125506 30 50 0.0
1455125512 30 50 0.0
1455125513 30 50 0.0
1455125514 30 50 0.0
1455125515 30 50 0.0
1455125516 30 50 0.0
1455125517 30 50 0.0
1455125518 30 50 0.0
1455125519 30 50 0.0
1455125520 30 50 0.0
1455125521 30 50 0.0
1455174335 0 100 0.0
1455174342 50 50 0.0
1455174348 50 50 0.0
1455174349 50 50 0.0
1455174350 50 50 0.0
1455174351 50 50 0.0
1455174352 50 50 0.0
1455174353 50 50 0.0
1455174354 50 50 0.0
1455174355 50 50 0.0
1455174356 50 50 0.0
1455174357 50 50 0.0
1455174358 50 50 0.0
1455174359 50 50 0.0
1455174360 50 50 0.0
1455174361 50 50 0.0
1455174362 50 50 0.0
1455174363 50 50 0.0
1455178297 0 100 0.0
1455183013 0 100 26.1
1455183041 50 50 26.1
1455183047 50 50 26.4
1455183047 50 50 26.4
1455183047 50 50 26.4
1455183047 50 50 26.5
1455183047 50 50 26.5
1455183047 50 50 26.5
1455183048 50 50 26.6
1455183049 50 50 26.7
1455183050 50 50 26.8
1455183051 50 50 26.9
1455183052 50 50 27.0
1455183053 50 50 27.2
1455183054 50 50 27.4
1455183055 50 50 27.5
1455183056 50 50 27.5
1455183057 50 50 27.6
1455183058 50 50 28.0
1455183059 50 50 28.1
1455183060 50 50 28.2
1455183061 50 50 28.4
1455183062 50 50 28.6
1455183063 50 50 28.8
1455183064 50 50 28.8
1455183065 50 50 29.0
1455183066 50 50 29.1
1455183067 50 50 29.1
1455183068 50 50 29.4
1455183069 50 50 29.6
1455183070 50 50 29.7
1455183071 50 50 29.8
1455183072 50 50 30.0
1455183073 50 50 30.1
1455183074 50 50 30.2
1455183075 50 50 30.4
1455183076 50 50 30.4
1455183077 50 50 30.7
1455183078 50 50 30.8
1455183079 50 50 30.8
1455183080 50 50 30.9
1455183081 50 50 31.0
1455183082 50 50 31.0
1455183083 50 50 31.1
1455183084 50 50 31.2
1455183085 50 50 31.4
1455183086 50 50 31.5
1455183087 50 50 31.6
1455183088 50 50 31.6
1455183089 50 50 31.7
1455183090 50 50 31.7
1455183091 50 50 31.8
1455183092 50 50 31.9
1455183093 50 50 31.9
1455183094 50 50 32.0
1455183095 50 50 32.2
1455183096 50 50 32.0
1455183097 50 50 32.2
1455183098 50 50 32.3
1455183099 50 50 32.3
1455183100 50 50 32.4
1455183101 50 50 32.4
1455183102 50 50 32.4
1455183103 50 50 32.5
1455183104 50 50 32.6
1455183105 50 50 32.7
1455183106 50 50 32.6
1455183107 50 50 32.7
1455183108 50 50 32.7
1455183109 50 50 32.7
1455183110 50 50 32.7
1455183111 50 50 33.0
1455183112 50 50 32.9
1455183113 50 50 33.0
1455183114 50 50 33.0
1455183115 50 50 33.0
1455183116 50 50 33.1
1455183117 50 50 33.0
1455183118 50 50 33.1
1455183120 50 50 33.2
1455183121 50 50 33.2
1455183122 50 50 33.2
1455183123 50 50 33.2
1455183124 50 50 33.4
1455183125 50 50 33.4
1455183126 50 50 33.4
1455183127 50 50 33.4
1455183128 50 50 33.4
1455183129 50 50 33.4
1455183130 50 50 33.4
1455183131 50 50 33.4
1455183132 50 50 33.6
1455183133 50 50 33.7
1455183134 50 50 33.6
1455183135 50 50 33.7
1455183136 50 50 33.7
1455183137 50 50 33.8
1455183138 50 50 33.8
1455183139 50 50 33.8
1455183140 50 50 33.8
1455183141 50 50 33.8
1455183142 50 50 33.9
1455183143 50 50 33.9
1455183144 50 50 33.9
1455183145 50 50 33.9
1455183146 50 50 34.0
1455183147 50 50 34.0
1455183148 50 50 34.0
1455183149 50 50 34.0
1455183150 50 50 34.0
1455183151 50 50 34.0
1455183152 50 50 34.0
1455183153 50 50 34.1
1455183154 50 50 34.1
1455183155 50 50 34.1
1455183156 50 50 34.3
1455183157 50 50 34.1
1455183158 50 50 34.1
1455183159 50 50 34.3
1455183160 50 50 34.1
1455183161 50 50 34.3
1455183162 50 50 34.3
1455183163 50 50 34.3
1455183164 50 50 34.3
1455183165 50 50 34.3
1455183166 50 50 34.4
1455183167 50 50 34.4
1455183168 50 50 34.4
1455183169 50 50 34.5
1455183170 50 50 34.5
1455183171 50 50 34.5
1455183172 50 50 34.5
1455183173 50 50 34.5
1455183174 50 50 34.5
1455183175 50 50 34.6
1455183176 50 50 34.6
1455183177 50 50 34.5
1455183178 50 50 34.6
1455183179 50 50 34.6
1455183180 50 50 34.6
1455183181 50 50 34.6
1455183182 50 50 34.6
1455183183 50 50 34.7
1455183184 50 50 34.6
1455183185 50 50 34.7
1455183186 50 50 34.7
1455183187 50 50 34.7
1455183188 50 50 34.7
1455183189 50 50 34.8
1455183190 50 50 34.8
1455183191 50 50 34.7
1455183192 50 50 34.8
1455183193 50 50 34.8
1455183194 50 50 34.8
1455183195 50 50 35.0
1455183196 50 50 35.0
1455183197 50 50 35.0
1455183198 50 50 35.0
1455183199 50 50 35.0
1455183200 50 50 35.0
1455183201 50 50 35.1
1455183202 50 50 35.1
1455183203 50 50 35.1
1455183204 50 50 35.1
1455183205 50 50 35.1
1455183206 50 50 35.1
1455183207 50 50 35.1
1455183208 50 50 35.2
1455183209 50 50 35.1
1455183210 50 50 35.2
1455183211 50 50 35.1
1455183212 50 50 35.1
1455183213 50 50 35.2
1455183214 50 50 35.2
1455183215 50 50 35.2
1455183216 50 50 35.3
1455183217 50 50 35.2
1455183218 50 50 35.2
1455183219 50 50 35.2
1455183220 50 50 35.2
1455183221 50 50 35.3
1455183222 50 50 35.3
1455183223 50 50 35.3
1455183224 50 50 35.3
1455183225 50 50 35.3
1455183226 50 50 35.3
1455183227 50 50 35.3
1455183228 50 50 35.2
1455183236 50 50 35.3
1455183237 50 50 35.3
1455183238 50 50 35.4
1455183240 50 50 35.3
1455183241 50 50 35.3
1455183242 50 50 35.3
1455183243 50 50 35.3
1455183244 50 50 35.3
1455183245 50 50 35.3
1455183246 50 50 35.3
1455183247 50 50 35.3
1455183248 50 50 35.4
1455183249 50 50 35.4
1455183250 50 50 35.4
1455183251 50 50 35.4
1455183252 50 50 35.4
1455183253 50 50 35.3
1455183254 50 50 35.4
1455183255 50 50 35.4
1455183256 50 50 35.4
1455183257 50 50 35.4
1455183258 50 50 35.3
1455183259 50 50 35.3
1455183260 50 50 35.4
1455183261 50 50 35.4
1455183262 50 50 35.4
1455183263 50 50 35.3
1455183264 50 50 35.3
1455183265 50 50 35.4
1455183266 50 50 35.3
1455183267 50 50 35.3
1455183268 50 50 35.3
1455183269 50 50 35.3
1455183270 50 50 35.2
1455183271 50 50 35.3
1455183272 50 50 35.2
1455183273 50 50 35.2
1455183274 50 50 35.3
1455183275 50 50 35.3
1455183276 50 50 35.3
1455183277 50 50 35.3
1455183278 50 50 35.3
1455183279 50 50 35.3
1455183280 50 50 35.2
1455183281 50 50 35.3
1455183282 50 50 35.3
1455183283 50 50 35.2
1455183284 50 50 35.2
1455183285 50 50 35.3
1455183286 50 50 35.2
1455183287 50 50 35.5
1455183288 50 50 35.2
1455183289 50 50 35.2
1455183290 50 50 35.2
1455183291 50 50 35.2
1455183292 50 50 35.2
1455183293 50 50 35.1
1455183294 50 50 35.1
1455183295 50 50 35.3
1455183296 50 50 35.2
1455183297 50 50 35.2
1455183298 50 50 35.3
1455183299 50 50 35.2
1455183300 50 50 35.2
1455183301 50 50 35.2
1455183302 50 50 35.2
1455183303 50 50 35.2
1455183304 50 50 35.2
1455183305 50 50 35.3
1455183306 50 50 35.2
1455183307 50 50 35.1
1455183308 50 50 35.2
1455183309 50 50 35.2
1455183310 50 50 35.2
1455183311 50 50 35.2
1455183312 50 50 35.2
1455183313 50 50 35.2
1455183314 50 50 35.1
1455183315 50 50 35.2
1455183316 50 50 35.2
1455183317 50 50 35.2
1455183318 50 50 35.2
1455183319 50 50 35.3
1455183320 50 50 35.2
1455183321 50 50 35.2
1455183322 50 50 35.2
1455183323 50 50 35.2
1455183324 50 50 35.1
1455183325 50 50 35.2
1455183326 50 50 35.1
1455183327 50 50 35.1
1455183328 50 50 35.2
1455183329 50 50 35.1
1455183330 50 50 35.1
1455183331 50 50 35.2
1455183332 50 50 35.2
1455183333 50 50 35.2
1455183334 50 50 35.3
1455183335 50 50 35.2
1455183336 50 50 35.2
1455183337 50 50 35.2
1455183338 50 50 35.2
1455183339 50 50 35.2
1455183340 50 50 35.2
1455183341 50 50 35.2
1455183342 50 50 35.2
1455183343 50 50 35.2
1455183344 50 50 35.1
1455183345 50 50 35.2
1455183346 50 50 35.1
1455183347 50 50 35.2
1455183348 50 50 35.2
1455183349 50 50 35.2
1455183350 50 50 35.3
1455183351 50 50 35.2
1455183352 50 50 35.2
1455183353 50 50 35.3
1455183354 50 50 35.2
1455183355 50 50 35.3
1455183356 50 50 35.3
1455183357 50 50 35.2
1455183358 50 50 35.3
1455183359 50 50 35.2
1455183360 50 50 35.2
1455183361 50 50 35.3
1455183362 50 50 35.3
1455183363 50 50 35.3
1455183364 50 50 35.2
1455183365 50 50 35.3
1455183366 50 50 35.3
1455183367 50 50 35.2
1455183368 50 50 35.2
1455183369 50 50 35.3
1455183370 50 50 35.2
1455183371 50 50 35.2
1455183372 50 50 35.3
1455183373 50 50 35.2
1455183374 50 50 35.2
1455183375 50 50 35.2
1455183376 50 50 35.3
1455183377 50 50 35.2
1455183378 50 50 35.2
1455183379 50 50 35.2
1455183380 50 50 35.2
1455183381 50 50 35.2
1455183382 50 50 35.2
1455183383 50 50 35.1
1455183384 50 50 35.1
1455183385 50 50 35.1
1455183386 50 50 35.1
1455183387 50 50 35.1
1455183388 50 50 35.2
1455183389 50 50 35.3
1455183390 50 50 35.2
1455183391 50 50 35.2
1455183392 50 50 35.2
1455183393 50 50 35.2
1455183394 50 50 35.1
1455183395 50 50 35.2
1455183396 50 50 35.1
1455183397 50 50 35.1
1455183398 50 50 35.1
1455183399 50 50 35.2
1455183400 50 50 35.1
1455183401 50 50 35.1
1455183402 50 50 34.8
1455183403 50 50 35.1
1455183404 50 50 35.1
1455183405 50 50 35.1
1455183406 50 50 35.0
1455183407 50 50 35.0
1455183408 50 50 35.0
1455183409 50 50 35.0
1455183410 50 50 35.0
1455183411 50 50 35.0
1455183412 50 50 35.0
1455183413 50 50 35.0
1455183414 50 50 35.0
1455183415 50 50 35.1
1455183416 50 50 35.1
1455183417 50 50 35.1
1455183418 50 50 35.0
1455183419 50 50 35.0
1455183420 50 50 35.0
1455183421 50 50 35.0
1455183422 50 50 35.1
1455183423 50 50 35.0
1455183424 50 50 35.0
1455183425 50 50 35.0
1455183426 50 50 35.0
1455183427 50 50 35.0
1455183428 50 50 35.1
1455183429 50 50 35.0
1455183430 50 50 35.1
1455183431 50 50 35.1
1455183432 50 50 35.1
1455183433 50 50 35.0
1455183434 50 50 35.0
1455183435 50 50 35.0
1455183436 50 50 35.0
1455183437 50 50 34.8
1455183438 50 50 35.0
1455183439 50 50 34.8
1455183440 50 50 35.0
1455183441 70 50 35.0
1455183442 70 50 34.8
1455183443 70 50 34.8
1455183444 70 50 34.8
1455183445 70 50 35.0
1455183446 70 50 35.1
1455183447 70 50 35.1
1455183448 70 50 35.0
1455183449 70 50 35.1
1455183450 70 50 35.2
1455183451 70 50 35.2
1455183452 70 50 35.3
1455183453 70 50 35.3
1455183454 70 50 35.3
1455183455 70 50 35.5
1455183456 70 50 35.5
1455183457 70 50 35.5
1455183458 70 50 35.7
1455183459 70 50 35.7
1455183460 70 50 35.8
1455183461 70 50 35.9
1455183462 70 50 35.9
1455183463 70 50 36.0
1455183464 70 50 36.0
1455183465 70 50 36.1
1455183466 70 50 36.2
1455183467 70 50 36.1
1455183468 70 50 36.2
1455183469 70 50 36.4
1455183470 70 50 36.4
1455183471 70 50 36.5
1455183472 70 50 36.5
1455183476 70 50 36.7
1455183477 70 50 36.7
1455183478 70 50 36.7
1455183479 70 50 36.6
1455183480 70 50 36.8
1455183481 70 50 36.8
1455183482 70 50 36.8
1455183483 70 50 36.9
1455183484 70 50 36.9
1455183485 70 50 36.9
1455183486 70 50 37.0
1455183487 70 50 37.0
1455183488 70 50 36.9
1455183489 70 50 37.0
1455183490 70 50 37.0
1455183491 70 50 37.0
1455183492 70 50 37.0
1455183493 70 50 37.2
1455183494 70 50 37.2
1455183495 70 50 37.2
1455183496 70 50 37.0
1455183497 70 50 37.3
1455183498 70 50 37.3
1455183499 70 50 37.2
1455183500 70 50 37.3
1455183501 70 50 37.2
1455183502 70 50 37.2
1455183503 70 50 37.3
1455183504 70 50 37.3
1455183505 70 50 37.2
1455183506 70 50 37.3
1455183507 70 50 37.3
1455183508 70 50 37.4
1455183509 70 50 37.4
1455183510 70 50 37.3
1455183511 70 50 37.4
1455183512 70 50 37.3
1455183513 70 50 37.3
1455183514 70 50 37.4
1455183515 70 50 37.4
1455183516 70 50 37.4
1455183517 70 50 37.5
1455183518 70 50 37.4
1455183519 70 50 37.4
1455183520 70 50 37.4
1455183521 70 50 37.5
1455183522 70 50 37.4
1455183523 70 50 37.5
1455183524 70 50 37.6
1455183525 70 50 37.6
1455183526 70 50 37.5
1455183527 70 50 37.5
1455183528 70 50 37.6
1455183529 70 50 37.5
1455183530 70 50 37.6
1455183531 70 50 37.4
1455183532 70 50 37.5
1455183533 70 50 37.5
1455183534 70 50 37.5
1455183535 70 50 37.4
1455183536 70 50 37.5
1455183537 70 50 37.5
1455183538 70 50 37.6
1455183539 70 50 37.5
1455183540 70 50 37.5
1455183541 70 50 37.5
1455183542 70 50 37.5
1455183543 70 50 37.5
1455183544 70 50 37.5
1455183545 70 50 37.6
1455183546 70 50 37.5
1455183547 70 50 37.6
1455183548 70 50 37.6
1455183549 70 50 37.4
1455183550 70 50 37.6
1455183551 70 50 37.6
1455183552 70 50 37.6
1455183553 70 50 37.6
1455183554 70 50 37.6
1455183555 70 50 37.6
1455183556 70 50 37.6
1455183557 70 50 37.6
1455183558 70 50 37.7
1455183559 70 50 37.6
1455183560 70 50 37.7
1455183561 70 50 37.7
1455183562 70 50 37.6
1455183563 70 50 37.7
1455183564 70 50 37.6
1455183565 70 50 37.7
1455183566 70 50 37.7
1455183567 70 50 37.7
1455183568 70 50 37.9
1455183569 70 50 37.9
1455183570 70 50 37.7
1455183571 70 50 37.9
1455183572 70 50 37.9
1455183573 70 50 37.7
1455183574 70 50 37.9
1455183575 70 50 37.7
1455183576 70 50 37.6
1455183577 70 50 37.7
1455183578 70 50 37.9
1455183579 70 50 37.7
1455183580 70 50 37.7
1455183581 70 50 37.9
1455183582 70 50 37.9
1455183583 70 50 37.9
1455183584 70 50 37.9
1455183585 70 50 37.9
1455183586 70 50 37.9
1455183587 70 50 37.9
1455183588 70 50 37.9
1455183589 70 50 37.9
1455183590 70 50 37.9
1455183591 70 50 37.9
1455183592 70 50 37.7
1455183593 70 50 37.7
1455183594 70 50 37.9
1455183595 70 50 38.0
1455183596 70 50 37.9
1455183597 70 50 37.9
1455183598 70 50 37.9
1455183599 70 50 37.9
1455183600 70 50 37.9
1455183601 70 50 37.7
1455183602 70 50 37.7
1455183603 70 50 37.7
1455183604 70 50 37.9
1455183605 70 50 37.9
1455183606 70 50 37.7
1455183607 70 50 38.0
1455183608 70 50 37.9
1455183609 70 50 37.9
1455183610 70 50 37.9
1455183611 70 50 38.0
1455183612 70 50 38.0
1455183613 70 50 37.9
1455183614 70 50 37.9
1455183615 70 50 38.0
1455183616 70 50 37.9
1455183617 70 50 37.9
1455183618 70 50 38.0
1455183619 70 50 37.9
1455183620 70 50 38.0
1455183621 70 50 37.9
1455183622 70 50 37.9
1455183623 70 50 37.9
1455183624 70 50 38.0
1455183625 70 50 38.0
1455183626 70 50 37.9
1455183627 70 50 37.9
1455183628 70 50 37.9
1455183629 70 50 37.9
1455183630 70 50 37.9
1455183631 70 50 38.0
1455183632 70 50 37.7
1455183633 70 50 37.7
1455183634 70 50 37.7
1455183635 70 50 37.7
1455183636 70 50 37.7
1455183637 70 50 37.9
1455183638 70 50 37.9
1455183639 70 50 37.9
1455183640 70 50 37.7
1455183641 70 50 37.7
1455183642 70 50 37.7
1455183643 70 50 37.7
1455183644 70 50 37.7
1455183645 70 50 37.7
1455183646 70 50 37.7
1455183647 70 50 37.7
1455183648 70 50 37.9
1455183649 70 50 37.7
1455183650 70 50 37.7
1455183651 70 50 37.9
1455183652 70 50 37.7
1455183653 70 50 37.7
1455183654 70 50 37.7
1455183655 70 50 37.9
1455183656 70 50 37.7
1455183657 70 50 37.7
1455183658 70 50 37.7
1455183659 70 50 37.5
1455183660 70 50 37.5
1455183661 70 50 37.6
1455183662 70 50 37.6
1455183663 70 50 37.5
1455183664 70 50 37.4
1455183665 70 50 37.6
1455183666 70 50 37.6
1455183667 70 50 37.5
1455183668 70 50 37.5
1455183669 70 50 37.5
1455183670 70 50 37.5
1455183671 70 50 37.6
1455183672 70 50 37.6
1455183678 70 50 37.5
1455183682 70 50 37.5
1455183683 70 50 37.5
1455183684 70 50 37.4
1455183685 70 50 37.3
1455183686 70 50 37.4
1455183687 70 50 37.4
1455183688 70 50 37.5
1455183689 70 50 37.4
1455183690 70 50 37.4
1455183691 70 50 37.3
1455183692 70 50 37.3
1455183693 70 50 37.4
1455183694 70 50 37.3
1455183695 70 50 37.3
1455183696 70 50 37.3
1455183697 70 50 37.4
1455183698 70 50 37.3
1455183699 70 50 37.2
1455183700 70 50 37.3
1455183701 70 50 37.2
1455183702 70 50 37.2
1455183703 70 50 37.3
1455183704 70 50 37.2
1455183705 70 50 37.2
1455183706 70 50 37.2
1455183707 70 50 37.3
1455183708 70 50 37.3
1455183709 70 50 37.3
1455183710 70 50 37.3
1455183711 70 50 37.3
1455183712 70 50 37.2
1455183713 70 50 37.3
1455183714 70 50 37.3
1455183715 70 50 37.2
1455183716 70 50 37.3
1455183717 70 50 37.4
1455183718 70 50 37.3
1455183719 70 50 37.3
1455183720 70 50 37.3
1455183721 70 50 37.3
1455183722 70 50 37.3
1455183723 70 50 37.2
1455183724 70 50 37.2
1455183725 70 50 37.2
1455183727 70 50 37.2
1455183728 70 50 37.2
1455183729 70 50 37.2
1455183730 70 50 37.2
1455183731 70 50 37.2
1455183732 70 50 37.2
1455183733 70 50 37.2
1455183734 70 50 37.2
1455183735 70 50 37.2
1455183736 70 50 37.2
1455183737 70 50 37.2
1455183738 70 50 37.0
1455183739 70 50 37.2
1455183740 70 50 37.2
1455183741 70 50 37.2
1455183742 70 50 37.0
1455183743 70 50 37.3
1455183744 70 50 37.0
1455183745 70 50 37.2
1455183746 70 50 37.0
1455183747 70 50 36.9
1455183748 70 50 37.0
1455183749 70 50 36.9
1455183750 70 50 36.9
1455183751 70 50 36.9
1455183752 70 50 36.9
1455183753 70 50 36.9
1455183754 70 50 36.9
1455183755 70 50 36.9
1455183756 70 50 36.8
1455183757 70 50 36.9
1455183758 70 50 36.9
1455183759 70 50 36.9
1455183760 70 50 36.9
1455183761 70 50 36.8
1455183762 70 50 36.8
1455183763 70 50 36.7
1455183764 70 50 36.8
1455183765 70 50 36.8
1455183766 70 50 36.7
1455183767 70 50 36.8
1455183768 70 50 36.8
1455183769 70 50 36.7
1455183770 70 50 36.7
1455183771 70 50 36.9
1455183772 70 50 36.7
1455183773 70 50 36.7
1455183774 70 50 36.7
1455183775 70 50 36.7
1455183776 70 50 36.7
1455183777 70 50 36.6
1455183778 70 50 36.6
1455183779 70 50 36.6
1455183780 70 50 36.6
1455183781 70 50 36.7
1455183782 70 50 36.7
1455183783 70 50 36.7
1455183784 70 50 36.7
1455183785 70 50 36.8
1455183786 70 50 36.7
1455183787 70 50 36.8
1455183788 70 50 36.7
1455183789 70 50 36.7
1455183790 70 50 36.6
1455183791 70 50 36.7
1455183792 70 50 36.7
1455183793 70 50 36.7
1455183794 70 50 36.8
1455183795 70 50 36.7
1455183796 70 50 36.7
1455183797 70 50 36.7
1455183798 70 50 36.8
1455183799 70 50 36.6
1455183800 70 50 36.7
1455183801 70 50 36.7
1455183802 70 50 36.7
1455183803 70 50 36.6
1455183804 70 50 36.7
1455183805 70 50 36.7
1455183806 70 50 36.7
1455183807 70 50 36.7
1455183808 70 50 36.7
1455183809 70 50 36.7
1455183810 70 50 36.6
1455183811 70 50 36.7
1455183812 70 50 36.7
1455183813 70 50 36.7
1455183814 70 50 36.8
1455183815 70 50 36.7
1455183816 70 50 36.8
1455183817 70 50 36.8
1455183818 70 50 36.8
1455183819 70 50 36.8
1455183820 70 50 36.7
1455183821 70 50 36.8
1455183822 70 50 36.8
1455183823 70 50 36.7
1455183824 70 50 36.8
1455183825 70 50 36.8
1455183826 70 50 36.7
1455183827 70 50 36.8
1455183828 70 50 36.7
1455183829 70 50 36.8
1455183830 70 50 36.8
1455183831 70 50 36.8
1455183832 70 50 36.8
1455183833 70 50 36.7
1455183834 70 50 36.7
1455183835 70 50 36.8
1455183836 70 50 36.7
1455183837 70 50 36.7
1455183838 70 50 36.7
1455183839 70 50 36.7
1455183840 70 50 36.7
1455183841 70 50 36.6
1455183842 70 50 36.7
1455183843 70 50 36.7
1455183844 70 50 36.7
1455183845 70 50 36.7
1455183846 70 50 36.8
1455183847 70 50 36.7
1455183848 70 50 36.7
1455183849 70 50 36.7
1455183850 70 50 36.7
1455183851 70 50 36.7
1455183852 70 50 36.7
1455183853 70 50 36.7
1455183854 70 50 36.6
1455183855 70 50 36.6
1455183856 70 50 36.6
1455183857 70 50 36.7
1455183858 70 50 36.7
1455183859 70 50 36.7
1455183860 70 50 36.7
1455183861 70 50 36.6
1455183862 70 50 36.7
1455183863 70 50 36.7
1455183864 70 50 36.6
1455183865 70 50 36.7
1455183866 70 50 36.6
1455183867 70 50 36.7
1455183868 70 50 36.7
1455183869 70 50 36.6
1455183870 70 50 36.7
1455183871 70 50 36.6
1455183872 70 50 36.7
1455183873 70 50 36.7
1455183874 70 50 36.6
1455183875 70 50 36.6
1455183876 70 50 36.7
1455183877 70 50 36.7
1455183878 70 50 36.7
1455183879 70 50 36.8
1455183880 70 50 36.6
1455183881 70 50 36.8
1455183882 70 50 36.7
1455183883 70 50 36.7
1455183884 70 50 36.6
1455183885 70 50 36.7
1455183886 70 50 36.8
1455183887 70 50 36.7
1455183888 70 50 36.7
1455183889 70 50 36.7
1455183890 70 50 36.6
1455183891 70 50 36.7
1455183892 70 50 36.7
1455183893 70 50 36.6
1455183894 70 50 36.6
1455183895 70 50 36.6
1455183896 70 50 36.6
1455183897 70 50 36.2
1455183898 70 50 36.6
1455183899 70 50 36.7
1455183900 70 50 36.7
1455183901 70 50 36.6
1455183902 70 50 36.7
1455183903 70 50 36.6
1455183904 70 50 36.7
1455183905 70 50 36.7
1455183906 70 50 36.6
1455183907 70 50 36.6
1455183908 70 50 36.7
1455183909 70 50 36.7
1455183910 70 50 36.4
1455183911 70 50 36.7
1455183912 70 50 36.7
1455183913 70 50 36.7
1455183914 70 50 36.7
1455183915 70 50 36.7
1455183916 70 50 36.8
1455183917 70 50 36.7
1455183918 70 50 36.7
1455183919 70 50 36.8
1455183920 70 50 36.7
1455183921 70 50 36.7
1455183922 70 50 36.7
1455183923 70 50 36.6
1455357837 0 100 25.9
1455357844 30 50 25.9
1455357846 30 50 25.9
1455357846 30 50 25.9
1455357847 30 50 25.9
1455357848 30 50 25.9
1455357849 30 50 26.1
1455357850 30 50 26.1
1455357851 30 50 26.2
1455357852 30 50 26.2
1455357853 30 50 26.5
1455357854 30 50 26.5
1455357855 30 50 26.5
1455357856 30 50 26.7
1455357857 30 50 26.8
1455357858 30 50 26.8
1455357859 30 50 26.9
1455357860 30 50 27.0
1455357861 30 50 27.2
1455357862 30 50 27.2
1455357863 30 50 27.3
1455357864 30 50 27.3
1455357865 30 50 27.4
1455357866 30 50 27.4
1455357867 30 50 27.6
1455357868 30 50 27.6
1455357869 30 50 27.4
1455357870 30 50 27.7
1455357871 30 50 27.9
1455357872 30 50 28.0
1455357874 30 50 28.1
1456668504 0 100 27.0
1457642933 0 100 0.0
1457643030 5 50 0.0
1457643032 5 50 0.0
1457643032 5 50 0.0
1457643033 5 50 0.0
1457643034 5 50 0.0
1457643035 5 50 0.0
1457643036 5 50 0.0
1457643037 5 50 0.0
1457643038 5 50 0.0
1457643039 5 50 0.0
1457643040 5 50 0.0
1457643041 5 50 0.0
1457643042 5 50 0.0
1457643043 5 50 0.0
1457643044 5 50 0.0
1457643045 5 50 0.0
1457643046 5 50 0.0
1457643047 5 50 0.0
1457643048 5 50 0.0
1457643049 5 50 0.0
1457643050 5 50 0.0
1457643051 5 50 0.0
1457643056 5 50 0.0
1457643056 5 50 0.0
1457643057 5 50 0.0
1457643058 5 50 0.0
1457643059 5 50 0.0
1457643060 5 50 0.0
1457643061 5 50 0.0
1457643062 5 50 0.0
1457643063 5 50 0.0
1457643064 5 50 0.0
1457643065 5 50 0.0
1457643066 5 50 0.0
1457643067 5 50 0.0
1457643068 5 50 0.0
1457643069 5 50 0.0
1457643070 5 50 0.0
1457643071 5 50 0.0
1457643072 5 50 0.0
1457643073 5 50 0.0
1457643074 5 50 0.0
1457643075 5 50 0.0
1457643076 5 50 0.0
1457643077 5 50 0.0
1457643078 5 50 0.0
1457643079 5 50 0.0
1457643080 5 50 0.0
1457643081 5 50 0.0
1457643082 5 50 0.0
1457643083 5 50 0.0
1457643084 5 50 0.0
1457643085 5 50 0.0
1457643086 5 50 0.0
1457643087 5 50 0.0
1457643088 5 50 0.0
1457643089 5 50 0.0
1457643090 5 50 0.0
1457643091 5 50 0.0
1457643092 5 50 0.0
1457643093 5 50 0.0
1457643094 5 50 0.0
1457643095 5 50 0.0
1457643096 5 50 0.0
1457643097 5 50 0.0
1457643098 5 50 0.0
1457643099 5 50 0.0
1457643100 5 50 0.0
1457643101 5 50 0.0
1457643102 5 50 0.0
1457643103 5 50 0.0
1457643104 5 50 0.0
1457643105 5 50 0.0
1457643106 5 50 0.0
1457643107 5 50 0.0
1457643108 5 50 0.0
1457643109 5 50 0.0
1457643110 5 50 0.0
1457643111 5 50 0.0
1457643112 5 50 0.0
1457643113 5 50 0.0
1457643114 5 50 0.0
1457643115 5 50 0.0
1457643116 5 50 0.0
1457643117 5 50 0.0
1457643118 5 50 0.0
1457643119 5 50 0.0
1457643120 5 50 0.0
1457643121 5 50 0.0
1457643122 5 50 0.0
1457643123 5 50 0.0
1457643124 5 50 0.0
1457643125 5 50 0.0
1457643126 5 50 0.0
1457643127 5 50 0.0
1457643128 5 50 0.0
1457643129 5 50 0.0
1457643130 5 50 0.0
1457643131 5 50 0.0
1457643132 5 50 0.0
1457643133 5 50 0.0
1457643134 5 50 0.0
1457643135 5 50 0.0
1457643136 5 50 0.0
1457643137 5 50 0.0
1457643138 5 50 0.0
1457643139 5 50 0.0
1457643140 5 50 0.0
1457643141 5 50 0.0
1457643142 5 50 0.0
1457643143 5 50 0.0
1457643144 5 50 0.0
1457643145 5 50 0.0
1457643146 5 50 0.0
1457643147 5 50 0.0
1457643148 5 50 0.0
1457643149 5 50 0.0
1457643150 5 50 0.0
1457643151 5 50 0.0
1457643152 5 50 0.0
1457643153 5 50 0.0
1457643154 5 50 0.0
1457643155 5 50 0.0
1457643156 5 50 0.0
1457643157 5 50 0.0
1457643158 5 50 0.0
1457643159 5 50 0.0
1457643160 5 50 0.0
1457643161 5 50 0.0
1457643162 5 50 0.0
1457643163 5 50 0.0
1457643164 5 50 0.0
1457643165 5 50 0.0
1457643166 5 50 0.0
1457643167 5 50 0.0
1457643168 5 50 0.0
1457643169 5 50 0.0
1457643170 5 50 0.0
1457643171 5 50 0.0
1457643172 5 50 0.0
1457643173 5 50 0.0
1457643174 5 50 0.0
1457643175 5 50 0.0
1457643176 5 50 0.0
1457643177 5 50 0.0
1457643178 5 50 0.0
1457643179 5 50 0.0
1457643180 5 50 0.0
1457643181 5 50 0.0
1457643182 5 50 0.0
1457643183 5 50 0.0
1457643184 5 50 0.0
1457643185 5 50 0.0
1457643186 5 50 0.0
1457643187 5 50 0.0
1457643188 5 50 0.0
1457643189 5 50 0.0
1457643190 5 50 0.0
1457643191 5 50 0.0
1457643192 5 50 0.0
1457643193 5 50 0.0
1457643194 5 50 0.0
1457643195 5 50 0.0
1457643196 5 50 0.0
1457643197 5 50 0.0
1457643198 5 50 0.0
1457643199 5 50 0.0
1457643200 5 50 0.0
1457643201 5 50 0.0
1457643202 5 50 0.0
1457643203 5 50 0.0
1457643204 5 50 0.0
1457643205 5 50 0.0
1457643206 5 50 0.0
1457643207 5 50 0.0
1457643208 5 50 0.0
1457643209 5 50 0.0
1457643210 5 50 0.0
1457643211 5 50 0.0
1457643212 5 50 0.0
1457643213 5 50 0.0
1457643214 5 50 0.0
1457643215 5 50 0.0
1457643216 5 50 0.0
1457643217 5 50 0.0
1457643218 5 50 0.0
1457643219 5 50 0.0
1457643220 5 50 0.0
1457643221 5 50 0.0
1457643222 5 50 0.0
1457643223 5 50 0.0
1457643224 5 50 0.0
1457643225 5 50 0.0
1457643226 5 50 0.0
1457643227 5 50 0.0
1457643228 5 50 0.0
1457643229 5 50 0.0
1457643230 5 50 0.0
1457643231 5 50 0.0
1457643232 5 50 0.0
1457643233 5 50 0.0
1457643234 5 50 0.0
1457643235 5 50 0.0
1457643236 5 50 0.0
1457643237 5 50 0.0
1457643238 5 50 0.0
1457643239 5 50 0.0
1457643240 5 50 0.0
1457643241 5 50 0.0
1457643242 5 50 0.0
1457643243 5 50 0.0
1457643244 5 50 0.0
1457643245 5 50 0.0
1457643246 5 50 0.0
1457643247 5 50 0.0
1457643248 5 50 0.0
1457643249 5 50 0.0
1457643250 5 50 0.0
1457643251 5 50 0.0
1457643252 5 50 0.0
1457643253 5 50 0.0
1457643254 5 50 0.0
1457643255 5 50 0.0
1457643256 5 50 0.0
1457643257 5 50 0.0
1457643258 5 50 0.0
1457643259 5 50 0.0
1457643260 5 50 0.0
1457643261 5 50 0.0
1457643262 5 50 0.0
1457643263 5 50 0.0
1457643264 5 50 0.0
1457643265 5 50 0.0
1457643266 5 50 0.0
1457643267 5 50 0.0
1457643268 5 50 0.0
1457643269 5 50 0.0
1457643270 5 50 0.0
1457643271 5 50 0.0
1457643272 5 50 0.0
1457643273 5 50 0.0
1457643274 5 50 0.0
1457643275 5 50 0.0
1457643276 5 50 0.0
1457643277 5 50 0.0
1457643278 5 50 0.0
1457643279 5 50 0.0
1457643280 5 50 0.0
1457643281 5 50 0.0
1457643282 5 50 0.0
1457643283 5 50 0.0
1457643284 5 50 0.0
1457643285 5 50 0.0
1457643286 5 50 0.0
1457643287 5 50 0.0
1457643288 5 50 0.0
1457643289 5 50 0.0
1457643290 5 50 0.0
1457643291 5 50 0.0
1457643292 5 50 0.0
1457643744 3 50 0.0
1457643745 3 50 0.0
1457643746 3 50 0.0
1457643747 3 50 0.0
1457643748 3 50 0.0
1457643749 3 50 0.0
1457643750 3 50 0.0
1457643751 3 50 0.0
1457643752 3 50 0.0
1457643753 3 50 0.0
1457643754 3 50 0.0
1457643755 3 50 0.0
1457643756 3 50 0.0
1457643757 3 50 0.0
1457643758 3 50 0.0
1457643759 3 50 0.0
1457643760 3 50 0.0
1457643761 3 50 0.0
1457643762 3 50 0.0
1457643763 3 50 0.0
1457643764 3 50 0.0
1457643765 3 50 0.0
1457643766 3 50 0.0
1457643767 3 50 0.0
1457643768 3 50 0.0
1457643769 3 50 0.0
1457643770 3 50 0.0
1457643771 3 50 0.0
1457643772 3 50 0.0
1457643773 3 50 0.0
1457643774 3 50 0.0
1457643775 3 50 0.0
1457643776 3 50 0.0
1457643777 3 50 0.0
1457643778 3 50 0.0
1457643779 3 50 0.0
1457643780 3 50 0.0
1457643781 3 50 0.0
1457643782 3 50 0.0
1457643783 3 50 0.0
1457643784 4 50 0.0
1457643785 4 50 0.0
1457643786 4 50 0.0
1457643787 4 50 0.0
1457643788 4 50 0.0
1457643789 4 50 0.0
1457643790 4 50 0.0
1457643791 4 50 0.0
1457643792 4 50 0.0
1457643793 4 50 0.0
1457643794 4 50 0.0
1457643795 4 50 0.0
1457643796 4 50 0.0
1457643797 4 50 0.0
1457643798 4 50 0.0
1457643799 4 50 0.0
1457643800 4 50 0.0
1457643801 4 50 0.0
1457643802 4 50 0.0
1457643803 4 50 0.0
1457643804 4 50 0.0
1457643805 4 50 0.0
1457643806 4 50 0.0
1457643807 4 50 0.0
1457643808 4 50 0.0
1457643809 4 50 0.0
1457643810 4 50 0.0
1457643811 4 50 0.0
1457643812 4 50 0.0
1457643813 4 50 0.0
1457643814 4 50 0.0
1457643815 4 50 0.0
1457643816 4 50 0.0
1457643817 4 50 0.0
1457643818 4 50 0.0
1457643819 4 50 0.0
1457643820 4 50 0.0
1457643821 4 50 0.0
1457643822 4 50 0.0
1457643823 4 50 0.0
1457643824 4 50 0.0
1457643825 4 50 0.0
1457643826 4 50 0.0
1457643827 4 50 0.0
1457643828 4 50 0.0
1457643829 4 50 0.0
1457643830 4 50 0.0
1457643831 4 50 0.0
1457643832 4 50 0.0
1457643833 4 50 0.0
1457643834 4 50 0.0
1457643835 4 50 0.0
1457643836 4 50 0.0
1457643837 4 50 0.0
1457643838 4 50 0.0
1457643839 4 50 0.0
1457643840 4 50 0.0
1457643841 4 50 0.0
1457643842 4 50 0.0
1457643843 4 50 0.0
1457643844 4 50 0.0
1457643845 4 50 0.0
1457643846 4 50 0.0
1457643847 4 50 0.0
1457643848 4 50 0.0
1457643849 4 50 0.0
1457643850 4 50 0.0
1457643851 4 50 0.0
1457643852 4 50 0.0
1457643853 4 50 0.0
1457643877 4 50 0.0
1457643878 4 50 0.0
1457643879 4 50 0.0
1457643880 4 50 0.0
1457643881 4 50 0.0
1457643882 4 50 0.0
1457643883 4 50 0.0
1457643884 4 50 0.0
1457643885 4 50 0.0
1457643886 4 50 0.0
1457643887 4 50 0.0
1457643888 4 50 0.0
1457643889 4 50 0.0
1457643890 4 50 0.0
1457643891 4 50 0.0
1457643892 4 50 0.0
1457643893 4 50 0.0
1457643894 4 50 0.0
1457643895 4 50 0.0
1457643896 4 50 0.0
1457643897 4 50 0.0
1457643903 4 50 0.0
1457643904 4 50 0.0
1457643905 4 50 0.0
1457643906 4 50 0.0
1457643907 4 50 0.0
1457643908 4 50 0.0
1457643909 4 50 0.0
1457643910 4 50 0.0
1457643911 4 50 0.0
1457643912 4 50 0.0
1457643913 4 50 0.0
1457643914 4 50 0.0
1457643915 4 50 0.0
1457643916 4 50 0.0
1457643917 4 50 0.0
1457643918 4 50 0.0
1457643919 4 50 0.0
1457643920 4 50 0.0
1457643921 4 50 0.0
1457643922 4 50 0.0
1457643923 4 50 0.0
1457643924 4 50 0.0
1457643925 4 50 0.0
1457643932 4 50 0.0
1457643933 4 50 0.0
1457643934 4 50 0.0
1457643935 4 50 0.0
1457643936 4 50 0.0
1457643937 4 50 0.0
1457643938 4 50 0.0
1457643939 4 50 0.0
1457643940 4 50 0.0
1457643941 4 50 0.0
1457643942 4 50 0.0
1457643943 4 50 0.0
1457643944 4 50 0.0
1457643945 4 50 0.0
1457643946 4 50 0.0
1457643947 4 50 0.0
1457643948 4 50 0.0
1457643949 4 50 0.0
1457643950 4 50 0.0
1457643951 4 50 0.0
1457643952 4 50 0.0
1457643953 4 50 0.0
1457643954 4 50 0.0
1457643955 4 50 0.0
1457643956 4 50 0.0
1457643957 4 50 0.0
1457643958 4 50 0.0
1457643959 4 50 0.0
1457643960 4 50 0.0
1457643961 4 50 0.0
1457643962 4 50 0.0
1457643963 4 50 0.0
1457643964 4 50 0.0
1457643965 4 50 0.0
1457643966 4 50 0.0
1457643967 4 50 0.0
1457643968 4 50 0.0
1457643969 4 50 0.0
1457643970 4 50 0.0
1457643971 4 50 0.0
1457643972 4 50 0.0
1457643973 4 50 0.0
1457643974 4 50 0.0
1457643975 4 50 0.0
1457643976 4 50 0.0
1457643977 4 50 0.0
1457643978 4 50 0.0
1457643979 4 50 0.0
1457643980 4 50 0.0
1457643981 4 50 0.0
1457643982 4 50 0.0
1457643983 4 50 0.0
1457643984 4 50 0.0
1457643985 4 50 0.0
1457643986 4 50 0.0
1457643987 4 50 0.0
1457643988 4 50 0.0
1457643989 4 50 0.0
1457643990 4 50 0.0
1457643991 4 50 0.0
1457643992 4 50 0.0
1457643993 4 50 0.0
1457643994 4 50 0.0
1457643995 4 50 0.0
1457643996 4 50 0.0
1457643997 4 50 0.0
1457643998 4 50 0.0
1457643999 4 50 0.0
1457644000 4 50 0.0
1457644001 4 50 0.0
1457644002 4 50 0.0
1457644003 4 50 0.0
1457644004 4 50 0.0
1457644005 4 50 0.0
1457644006 4 50 0.0
1457644007 4 50 0.0
1457644008 4 50 0.0
1457644009 4 50 0.0
1457644010 4 50 0.0
1457644011 4 50 0.0
1457644012 4 50 0.0
1457644013 4 50 0.0
1457644014 4 50 0.0
1457644015 4 50 0.0
1457644016 4 50 0.0
1457644017 4 50 0.0
1457644018 4 50 0.0
1457644019 4 50 0.0
1457644023 4 50 0.0
1457644024 4 50 0.0
1457644025 4 50 0.0
1457644026 4 50 0.0
1457644069 4 50 0.0
1457644070 4 50 0.0
1457644071 4 50 0.0
1457644072 4 50 0.0
1457644073 4 50 0.0
1457644074 4 50 0.0
1457644075 4 50 0.0
1457644076 4 50 0.0
1457644077 4 50 0.0
1457644078 4 50 0.0
1457644079 4 50 0.0
1457644080 4 50 0.0
1457644081 4 50 0.0
1457644082 4 50 0.0
1457644083 4 50 0.0
1457644084 4 50 0.0
1457644085 4 50 0.0
1457644086 4 50 0.0
1457644087 4 50 0.0
1457644088 4 50 0.0
1457644089 4 50 0.0
1457644090 4 50 0.0
1457644091 4 50 0.0
1457644092 4 50 0.0
1457644093 4 50 0.0
1457644094 4 50 0.0
1457644095 4 50 0.0
1457644096 4 50 0.0
1457644097 4 50 0.0
1458389091 0 100 29.0
1475763535 0 100 28.2
1475763559 30 50 28.1
1475763561 30 50 28.2
1475763562 30 50 28.2
1475763563 30 50 28.2
1475763564 30 50 28.2
1475763568 30 50 28.4
1475763569 30 50 28.4
1475763570 30 50 28.7
1475763571 30 50 28.7
1475763572 30 50 28.7
1475763573 30 50 28.8
1475763574 30 50 28.9
1475763575 30 50 28.9
1475763576 30 50 29.0
1475763577 30 50 29.1
1475763578 30 50 29.3
1475763579 30 50 29.3
1475763580 30 50 29.4
1475763581 30 50 29.5
1475763584 30 50 29.8
1475763586 30 50 30.0
1475763587 30 50 30.1
1475763588 30 50 30.2
1475763589 30 50 30.3
1475763590 30 50 30.3
1475763591 30 50 30.4
1475763592 30 50 30.2
1475763593 30 50 30.5
1475763594 30 50 30.7
1475763595 30 50 30.9
1475763597 30 50 31.0
1475763598 30 50 31.1
1475763599 30 50 31.2
1475763600 30 50 31.2
1475763602 30 50 31.4
1475763603 30 50 31.6
1475763604 30 50 31.7
1475763605 30 50 31.7
1475763606 30 50 31.8
1475763607 30 50 31.8
1475763608 30 50 31.9
1475763609 30 50 31.9
1475763610 30 50 32.0
1475763611 30 50 32.3
1475763612 30 50 32.2
1475763613 30 50 32.2
1475763614 30 50 32.4
1475763615 30 50 32.4
1475763616 30 50 32.4
1475763617 30 50 32.4
1475763618 30 50 32.5
1475763619 30 50 32.5
1475763620 30 50 32.5
1475763621 30 50 32.6
1475763622 30 50 32.6
1475763623 30 50 32.6
1475763624 30 50 32.6
1475763625 30 50 32.7
1475763626 30 50 32.7
1475763627 30 50 32.7
1475763628 30 50 32.9
1475763629 30 50 33.0
1475763630 30 50 32.9
1475763631 30 50 33.0
1475763632 30 50 33.0
1475763633 30 50 33.0
1475763634 30 50 33.0
1475763639 30 50 33.1
1475763640 30 50 33.2
1475763641 30 50 33.2
1475763642 30 50 33.2
1475763643 30 50 33.3
1475763644 30 50 33.3
1475763645 30 50 33.4
1475763646 30 50 33.4
1475763647 30 50 33.4
1475763648 30 50 33.6
1475763649 30 50 33.6
1475763651 30 50 33.7
1475763652 30 50 33.7
1475763653 30 50 33.7
1475763654 30 50 33.8
1475763655 30 50 33.8
1475763656 30 50 33.8
1475763657 30 50 33.8
1475763658 30 50 33.7
1475763659 30 50 33.7
1475763660 30 50 34.0
1475763661 30 50 33.3
1475763662 30 50 33.8
1475763663 30 50 33.7
1475763664 30 50 33.9
1475763665 30 50 33.9
1475763666 30 50 33.8
1475763667 30 50 33.9
1475763668 30 50 34.0
1475763669 30 50 33.9
1475763670 30 50 34.0
1475763671 30 50 33.9
1475763672 30 50 33.9
1475763673 30 50 34.0
1475763674 30 50 33.6
1475763675 30 50 33.8
1475763676 30 50 33.9
1475763677 30 50 33.9
1475763678 30 50 34.0
1475763680 30 50 34.0
1475763681 30 50 34.0
1475763682 30 50 34.0
1475763683 30 50 34.1
1475763684 30 50 34.1
1475763685 30 50 34.0
1475763686 30 50 34.3
1475763689 30 50 34.1
1475763690 30 50 34.1
1475763691 30 50 34.3
1475763692 30 50 34.1
1475763693 30 50 34.3
1475763694 30 50 34.3
1475763695 30 50 34.1
1475763696 30 50 34.1
1475763697 30 50 34.1
1475763698 30 50 34.1
1475763699 30 50 34.3
1475763700 30 50 34.3
1475763701 30 50 34.3
1475763702 30 50 34.4
1475763703 30 50 34.4
1475763704 30 50 34.4
1475763705 30 50 34.4
1475763706 30 50 34.5
1475763707 30 50 34.5
1475763708 30 50 34.5
1475763709 30 50 34.6
1475763710 30 50 34.5
1475763711 30 50 34.5
1475763712 30 50 34.5
1475763713 30 50 34.5
1475763714 30 50 34.5
1475763715 30 50 34.6
1475763716 30 50 34.5
1475763717 30 50 34.5
1475763718 30 50 34.5
1475763719 30 50 34.5
1475763720 30 50 34.6
1475763721 30 50 34.5
1475763722 30 50 34.5
1475763723 30 50 34.5
1475763724 30 50 34.4
1475763725 30 50 34.5
1475763726 30 50 34.5
1475763727 30 50 34.5
1475763728 30 50 34.5
1475763729 30 50 34.6
1475763730 30 50 34.6
1475763731 30 50 34.6
1475763732 30 50 34.6
1475763733 30 50 34.6
1475763734 30 50 34.7
1475763735 30 50 34.7
1475763736 30 50 34.6
1475763737 30 50 34.8
1475763738 30 50 34.6
1475763739 30 50 34.6
1475763740 30 50 34.6
1475763741 30 50 34.6
1475763742 30 50 34.6
1475763743 30 50 34.7
1475763744 30 50 34.7
1475763745 30 50 34.8
1475763746 30 50 34.7
1475763747 30 50 34.7
1475763748 30 50 34.8
1475763749 30 50 34.7
1475763750 30 50 34.8
1475763751 30 50 34.8
1475763752 30 50 34.7
1475763753 30 50 34.4
1475763754 30 50 34.8
1475763755 30 50 34.7
1475763756 30 50 34.8
1475763757 30 50 34.7
1475763758 30 50 34.7
1475763759 30 50 34.7
1475763760 30 50 34.8
1475763761 30 50 34.8
1475763762 30 50 34.7
1475763763 30 50 34.7
1475763764 30 50 34.8
1475763765 30 50 34.6
1475763766 30 50 34.5
1475763767 30 50 34.8
1475763768 30 50 34.8
1475763769 30 50 34.8
1475763770 30 50 34.8
1475763771 30 50 34.7
1475763772 30 50 34.8
1475763773 30 50 34.7
1475763774 30 50 34.8
1475763775 30 50 35.0
1475763776 30 50 34.8
1475763777 30 50 35.0
1475763778 30 50 35.0
1475763779 30 50 34.5
1475763780 30 50 34.8
1475763781 30 50 35.1
1475763782 30 50 35.0
1475763783 30 50 34.8
1475763784 30 50 35.0
1475763785 30 50 35.0
1475763786 30 50 35.1
1475763787 30 50 35.0
1475763788 30 50 35.0
1475763789 30 50 35.0
1475763790 30 50 35.0
1475763791 30 50 35.0
1475763792 30 50 35.0
1475763793 30 50 35.0
1475763794 30 50 35.1
1475763795 30 50 35.0
1475763796 30 50 35.0
1475763797 30 50 35.1
1475763798 30 50 35.0
1475763799 30 50 35.1
1475763800 30 50 35.0
1475763801 30 50 35.0
1475763802 30 50 35.0
1475763803 30 50 35.0
1475763804 30 50 35.0
1475763805 30 50 35.0
1475763806 30 50 34.8
1475763807 30 50 35.0
1475763808 30 50 35.0
1475763809 30 50 35.0
1475763810 30 50 35.0
1475763811 30 50 35.0
1475763812 30 50 35.1
1475763813 30 50 35.0
1475763814 30 50 35.1
1475763815 30 50 35.1
1475763816 30 50 35.0
1475763817 30 50 35.0
1475763818 30 50 35.0
1475763819 30 50 35.0
1475763820 30 50 35.1
1475763821 30 50 35.1
1475763825 30 50 35.1
1475763826 30 50 35.1
1475763827 30 50 35.0
1475763828 30 50 35.1
1475763830 30 50 35.1
1475763831 30 50 35.2
1475763832 30 50 35.2
1475763833 30 50 35.2
1475763834 30 50 35.1
1475763835 30 50 35.1
1475763836 30 50 35.1
1475763837 30 50 35.1
1475763838 30 50 35.1
1475763839 30 50 35.2
1475763840 30 50 35.2
1475763841 30 50 35.1
1475763842 30 50 35.2
1475763843 30 50 35.2
1475763844 30 50 35.2
1475763845 30 50 35.2
1475763847 30 50 35.2
1475763848 30 50 35.2
1475763849 30 50 35.2
1475763850 30 50 35.2
1475763852 30 50 35.3
1475763853 30 50 35.3
1475763854 30 50 35.3
1475763855 30 50 35.2
1475763856 30 50 35.3
1475763857 30 50 35.3
1475763858 30 50 35.3
1475763859 40 50 35.3
1475763860 40 50 35.3
1475763862 40 50 35.3
1475763863 40 50 35.3
1475763868 40 50 35.3
1475763869 40 50 35.3
1475763870 40 50 35.3
1475763871 40 50 35.3
1475763872 40 50 35.4
1475763873 40 50 35.4
1475763874 40 50 35.4
1475763875 40 50 35.4
1475763876 40 50 35.4
1475763877 40 50 35.3
1475763878 40 50 35.4
1475763879 40 50 35.4
1475763880 40 50 35.4
1475763881 40 50 35.5
1475763882 40 50 35.8
1475763883 40 50 35.7
1475763884 40 50 35.8
1475763885 40 50 35.9
1475763886 40 50 35.9
1475763887 40 50 35.9
1475763888 40 50 36.0
1475763889 40 50 36.0
1475763890 40 50 36.0
1475763891 40 50 36.0
1475763892 40 50 36.1
1475763893 40 50 36.0
1475763894 40 50 36.2
1475763895 40 50 36.1
1475763896 40 50 36.4
1475763897 40 50 36.2
1475763898 40 50 36.4
