1454780365 0 100 26.9
1454780545 50 50 26.8
1454780546 50 50 26.9
1454780547 50 50 26.8
1454780548 50 50 26.9
1454780549 50 50 27.0
1454780550 50 50 27.0
1454780551 50 50 26.9
1454780552 50 50 27.3
1454780553 50 50 27.2
1454780554 50 50 27.4
1454780555 50 50 27.4
1454780556 50 50 27.6
1454780557 50 50 27.7
1454780558 50 50 27.9
1454780559 50 50 28.0
1454780560 50 50 28.1
1454780561 50 50 28.2
1454780562 50 50 28.4
1454780563 50 50 28.6
1454780564 50 50 28.8
1454780565 50 50 28.9
1454780566 50 50 29.1
1454780567 50 50 29.3
1454780568 50 50 29.3
1454780569 50 50 29.6
1454780570 50 50 29.6
1454780571 50 50 29.7
1454780572 50 50 29.8
1454780573 50 50 30.0
1454780574 50 50 30.2
1454780575 50 50 30.4
1454780576 50 50 30.4
1454780577 50 50 30.7
1454780578 50 50 30.9
1454780579 50 50 31.0
1454780580 50 50 31.1
1454780581 50 50 31.2
1454780582 50 50 31.4
1454780583 50 50 31.5
1454780584 50 50 31.6
1454780585 50 50 31.7
1454780586 50 50 31.8
1454780587 50 50 31.9
1454780588 50 50 32.0
1454780589 50 50 32.0
1454780590 50 50 32.3
1454780591 50 50 32.4
1454780592 50 50 32.4
1454780593 50 50 32.5
1454780594 50 50 32.6
1454780595 50 50 32.6
1454780596 50 50 32.7
1454780597 50 50 32.9
1454780598 50 50 32.9
1454780599 50 50 32.9
1454780600 50 50 33.0
1454780601 50 50 33.1
1454780602 50 50 33.2
1454780603 50 50 33.2
1454780604 50 50 33.3
1454780605 50 50 33.3
1454780606 50 50 33.4
1454780607 50 50 33.4
1454780608 50 50 33.6
1454780609 50 50 33.6
1454780610 50 50 33.7
1454780611 50 50 33.7
1454780612 50 50 33.8
1454780613 50 50 33.7
1454780614 50 50 33.8
1454780615 50 50 33.9
1454780616 50 50 33.9
1454780617 50 50 33.9
1454780618 50 50 34.0
1454780619 50 50 34.0
1454780620 50 50 34.1
1454780621 50 50 34.1
1454780622 50 50 34.1
1454780623 50 50 34.1
1454780624 50 50 34.1
1454780625 50 50 34.3
1454780626 50 50 34.3
1454780627 50 50 34.4
1454780628 50 50 34.4
1454780629 50 50 34.5
1454780630 50 50 34.4
1454780631 50 50 34.5
1454780632 50 50 34.5
1454780633 50 50 34.5
1454780634 50 50 34.5
1454780635 50 50 34.6
1454780636 50 50 34.5
1454780637 50 50 34.6
1454780638 50 50 34.6
1454780639 50 50 34.6
1454780640 50 50 34.8
1454780641 50 50 34.7
1454780642 50 50 34.7
1454780643 50 50 34.8
1454780644 50 50 34.8
1454780645 50 50 35.0
1454780646 50 50 34.8
1454780647 50 50 34.8
1454780648 50 50 34.8
1454780649 50 50 34.8
1454780650 50 50 35.0
1454780651 50 50 34.8
1454780652 50 50 35.0
1454780653 50 50 35.0
1454780654 50 50 34.8
1454780655 50 50 34.8
1454780656 50 50 35.0
1454780657 50 50 35.0
1454780658 50 50 35.0
1454780659 50 50 35.0
1454780660 50 50 35.0
1454780661 50 50 35.0
1454780662 50 50 35.1
1454780663 50 50 35.1
1454780664 50 50 35.0
1454780665 50 50 35.1
1454780666 50 50 35.1
1454780667 50 50 35.1
1454780668 50 50 35.1
1454780669 50 50 35.2
1454780670 50 50 35.2
1454780671 50 50 35.2
1454780672 50 50 35.2
1454780673 50 50 35.2
1454780674 50 50 35.2
1454780675 50 50 35.2
1454780676 50 50 35.2
1454780677 50 50 35.2
1454780678 50 50 35.2
1454780679 50 50 35.1
1454780680 50 50 35.2
1454780681 50 50 35.2
1454780682 50 50 35.2
1454780683 50 50 35.3
1454780684 50 50 35.3
1454780685 50 50 35.3
1454780686 50 50 35.3
1454780687 50 50 35.2
1454780688 50 50 35.3
1454780689 50 50 35.3
1454780690 50 50 35.3
1454780691 50 50 35.3
1454780692 50 50 35.3
1454780693 50 50 35.3
1454780694 50 50 35.3
1454780695 50 50 35.3
1454780696 50 50 35.4
1454780697 50 50 35.4
1454780698 50 50 35.4
1454780699 50 50 35.3
1454780700 50 50 35.3
1454780701 50 50 35.4
1454780702 50 50 35.3
1454780703 50 50 35.4
1454780704 50 50 35.4
1454780705 50 50 35.4
1454780706 50 50 35.3
1454780707 50 50 35.4
1454780708 50 50 35.3
1454780709 50 50 35.4
1454780710 50 50 35.3
1454780711 50 50 35.4
1454780712 50 50 35.4
1454780713 50 50 35.4
1454780714 50 50 35.4
1454780715 50 50 35.4
1454780716 50 50 35.5
1454780717 50 50 35.4
1454780718 50 50 35.3
1454780719 50 50 35.4
1454780720 50 50 35.4
1454780721 50 50 35.4
1454780722 50 50 35.4
1454780723 50 50 35.4
1454780724 50 50 35.4
1454780725 50 50 35.4
1454780726 50 50 35.4
1454780727 50 50 35.4
1454780728 50 50 35.4
1454780729 50 50 35.4
1454780730 50 50 35.3
1454780731 50 50 35.3
1454780732 50 50 35.4
1454780733 50 50 35.3
1454780734 50 50 35.4
1454780735 50 50 35.3
1454780736 50 50 35.3
1454780737 50 50 35.3
1454780738 50 50 35.3
1454780739 50 50 35.3
1454780740 50 50 35.3
1454780741 50 50 35.3
1454780742 50 50 35.3
1454780743 50 50 35.3
1454780744 50 50 35.2
1454780745 50 50 35.2
1454780746 50 50 35.3
1454780747 50 50 35.3
1454780748 50 50 35.3
1454780749 50 50 35.3
1454780750 50 50 35.3
1454780751 50 50 35.3
1454780752 50 50 35.4
1454780753 50 50 35.3
1454780754 50 50 35.3
1454780755 50 50 35.3
1454780756 50 50 35.2
1454780757 50 50 35.3
1454780758 50 50 35.3
1454780759 50 50 35.3
1454780760 50 50 35.3
1454780761 50 50 35.2
1454780762 50 50 35.2
1454780763 50 50 35.2
1454780764 50 50 35.2
1454780765 50 50 35.3
1454780766 50 50 35.3
1454780767 50 50 35.3
1454780768 50 50 35.2
1454780769 50 50 35.2
1454780770 50 50 35.2
1454780771 50 50 35.2
1454780772 50 50 35.2
1454780773 50 50 35.1
1454780774 50 50 35.1
1454780775 50 50 35.2
1454780776 50 50 35.2
1454780777 50 50 35.1
1454780778 50 50 35.2
1454780779 50 50 35.2
1454780780 50 50 35.1
1454780781 50 50 35.1
1454780782 50 50 35.1
1454780783 50 50 35.1
1454780784 50 50 35.1
1454780785 50 50 35.2
1454780786 50 50 35.1
1454780787 50 50 35.1
1454780788 50 50 35.1
1454780789 50 50 35.0
1454780790 50 50 35.0
1454780791 50 50 35.0
1454780792 50 50 35.1
1454780793 50 50 35.1
1454780794 50 50 35.1
1454780795 50 50 35.0
1454780796 50 50 35.0
1454780797 50 50 35.1
1454780798 50 50 35.1
1454780799 50 50 35.0
1454780800 50 50 35.0
1454780801 50 50 34.8
1454780802 50 50 35.0
1454780803 50 50 34.8
1454780804 50 50 35.0
1454780805 50 50 34.8
1454780806 50 50 34.8
1454780807 50 50 34.7
1454780808 50 50 34.7
1454780809 50 50 34.7
1454780810 50 50 34.8
1454780811 50 50 34.7
1454780812 50 50 34.7
1454780813 50 50 34.7
1454780814 50 50 34.7
1454780815 50 50 34.7
1454780816 50 50 34.7
1454780817 50 50 34.6
1454780818 50 50 34.7
1454780819 50 50 34.7
1454780820 50 50 34.7
1454780821 50 50 34.6
1454780822 50 50 34.6
1454780823 50 50 34.6
1454780824 50 50 34.6
1454780825 50 50 34.6
1454780826 50 50 34.7
1454780827 50 50 34.5
1454780828 50 50 34.5
1454780829 50 50 34.5
1454780830 50 50 34.5
1454780831 50 50 34.5
1454780832 50 50 34.6
1454780833 50 50 34.5
1454780834 50 50 34.5
1454780835 50 50 34.5
1454780836 50 50 34.5
1454780837 50 50 34.4
1454780838 50 50 34.6
1454780839 50 50 34.5
1454780840 50 50 34.4
1454780841 50 50 34.5
1454780842 50 50 34.4
1454780843 50 50 34.4
1454780844 50 50 34.4
1454780845 50 50 34.4
1454780846 50 50 34.5
1454780847 50 50 34.4
1454780848 50 50 34.5
1454780849 50 50 34.4
1454780850 50 50 34.4
1454780851 50 50 34.5
1454780852 50 50 34.4
1454780853 50 50 34.4
1454780854 50 50 34.4
1454780855 50 50 34.3
1454780856 50 50 34.4
1454780857 50 50 34.4
1454780858 50 50 34.4
1454780859 50 50 34.4
1454780860 50 50 34.4
1454780861 50 50 34.4
1454780862 50 50 34.4
1454780863 50 50 34.4
1454780864 50 50 34.4
1454780865 50 50 34.4
1454780866 50 50 34.4
1454780867 50 50 34.4
1454780868 50 50 34.3
1454780869 50 50 34.4
1454780870 50 50 34.3
1454780871 50 50 34.4
1454780872 50 50 34.4
1454780873 50 50 34.4
1454780874 50 50 34.4
1454780875 50 50 34.4
1454780876 50 50 34.4
1454780877 50 50 34.3
1454780878 50 50 34.3
1454780879 50 50 34.4
1454780880 50 50 34.3
1454780881 50 50 34.3
1454780882 50 50 34.3
1454780883 50 50 34.1
1454780884 50 50 34.3
1454780885 50 50 34.3
1454780886 50 50 34.4
1454780887 50 50 34.3
1454780888 50 50 34.3
1454780889 50 50 34.3
1454780890 50 50 34.1
1454780891 50 50 34.4
1454780892 50 50 34.3
1454780893 50 50 34.1
1454780894 50 50 34.3
1454780895 50 50 34.1
1454780896 50 50 34.1
1454780897 50 50 34.3
1454780898 50 50 34.1
1454780899 50 50 34.3
1454780900 50 50 34.1
1454780901 50 50 34.3
1454780902 50 50 34.1
1454780903 50 50 34.1
1454780904 50 50 34.1
1454780905 50 50 34.1
1454780906 50 50 34.1
1454780907 50 50 34.3
1454780908 50 50 34.0
1454780909 50 50 34.0
1454780910 50 50 34.1
1454780911 50 50 34.1
1454780912 50 50 34.1
1454780913 50 50 34.1
1454780914 50 50 34.1
1454780915 50 50 34.1
1454780916 50 50 34.1
1454780917 50 50 34.1
1454780918 50 50 34.0
1454780919 50 50 34.1
1454780920 50 50 34.1
1454780921 50 50 34.1
1454780922 50 50 34.0
1454780923 50 50 34.1
1454780924 50 50 34.1
1454780925 50 50 34.1
1454780926 50 50 34.1
1454780927 50 50 34.1
1454780928 50 50 34.1
1454780929 50 50 34.1
1454780930 50 50 34.1
1454780931 50 50 34.1
1454780932 50 50 34.1
1454780933 50 50 34.0
1454780934 50 50 34.0
1454780935 50 50 34.1
1454780936 50 50 34.1
1454780937 50 50 34.1
1454780938 50 50 34.1
1454780939 50 50 34.1
1454780940 50 50 34.1
1454780941 50 50 34.1
1454780942 50 50 34.1
1454780943 50 50 34.1
1454780944 50 50 34.1
1454780945 80 50 34.1
1454780946 80 50 34.0
1454780947 80 50 34.1
1454780948 80 50 34.1
1454780949 80 50 34.3
1454780950 80 50 34.3
1454780951 80 50 34.3
1454780952 80 50 34.4
1454780953 80 50 34.4
1454780954 80 50 34.5
1454780955 80 50 34.6
1454780956 80 50 34.6
1454780957 80 50 34.8
1454780958 80 50 34.8
1454780959 80 50 34.7
1454780960 80 50 35.1
1454780961 80 50 35.2
1454780962 80 50 35.3
1454780963 80 50 35.3
1454780964 80 50 35.5
1454780965 80 50 35.5
1454780966 80 50 35.5
1454780967 80 50 35.8
1454780968 80 50 35.8
1454780969 80 50 35.9
1454780970 80 50 35.9
1454780971 80 50 36.0
1454780972 80 50 36.0
1454780973 80 50 36.1
1454780974 80 50 36.1
1454780975 80 50 36.1
1454780976 80 50 36.2
1454780977 80 50 36.4
1454780978 80 50 36.4
1454780979 80 50 36.4
1454780980 80 50 36.4
1454780981 80 50 36.5
1454780982 80 50 36.5
1454780983 80 50 36.6
1454780984 80 50 36.6
1454780985 80 50 36.7
1454780986 80 50 36.7
1454780987 80 50 36.7
1454780988 80 50 36.8
1454780989 80 50 36.9
1454780990 80 50 36.9
1454780991 80 50 36.9
1454780992 80 50 36.9
1454780993 80 50 37.0
1454780994 80 50 37.0
1454780995 80 50 37.0
1454780996 80 50 37.2
1454780997 80 50 37.2
1454780998 80 50 37.2
1454780999 80 50 37.3
1454781000 80 50 37.3
1454781001 80 50 37.4
1454781002 80 50 37.4
1454781003 80 50 37.3
1454781004 80 50 37.4
1454781005 80 50 37.4
1454781006 80 50 37.4
1454781007 80 50 37.4
1454781008 80 50 37.4
1454781009 80 50 37.4
1454781010 80 50 37.4
1454781011 80 50 37.5
1454781012 80 50 37.4
1454781013 80 50 37.5
1454781014 80 50 37.5
1454781015 80 50 37.6
1454781016 80 50 37.5
1454781017 80 50 37.5
1454781018 80 50 37.6
1454781019 80 50 37.6
1454781020 80 50 37.7
1454781021 80 50 37.7
1454781022 80 50 37.7
1454781023 80 50 37.7
1454781024 80 50 37.7
1454781025 80 50 37.7
1454781026 80 50 37.7
1454781027 80 50 37.9
1454781028 80 50 37.9
1454781029 80 50 37.9
1454781030 80 50 37.7
1454781031 80 50 37.9
1454781032 80 50 38.0
1454781033 80 50 38.0
1454781034 80 50 38.0
1454781035 80 50 37.9
1454781036 80 50 37.9
1454781037 80 50 37.9
1454781038 80 50 37.7
1454781039 80 50 37.7
1454781040 80 50 37.7
1454781041 80 50 37.7
1454781042 80 50 37.9
1454781043 80 50 37.7
1454781044 80 50 37.9
1454781045 80 50 37.9
1454781046 80 50 38.0
1454781047 80 50 37.9
1454781048 80 50 37.9
1454781049 80 50 38.0
1454781050 80 50 37.9
1454781051 80 50 37.9
1454781052 80 50 37.9
1454781053 80 50 37.9
1454781054 80 50 37.7
1454781055 80 50 38.0
1454781056 80 50 37.9
1454781057 80 50 38.0
1454781058 80 50 38.0
1454781059 80 50 38.1
1454781060 80 50 38.0
1454781061 80 50 38.0
1454781062 80 50 38.0
1454781063 80 50 37.9
1454781064 80 50 38.0
1454781065 80 50 38.0
1454781066 80 50 37.9
1454781067 80 50 37.9
1454781068 80 50 38.0
1454781069 80 50 37.9
1454781070 80 50 38.0
1454781071 80 50 38.0
1454781072 80 50 38.0
1454781073 80 50 37.9
1454781074 80 50 38.0
1454781075 80 50 38.0
1454781076 80 50 38.0
1454781077 80 50 38.1
1454781078 80 50 38.0
1454781079 80 50 38.0
1454781080 80 50 38.1
1454781081 80 50 38.0
1454781082 80 50 38.0
1454781083 80 50 38.1
1454781084 80 50 38.1
1454781085 80 50 38.1
1454781086 80 50 38.1
1454781087 80 50 38.1
1454781088 80 50 38.0
1454781089 80 50 38.1
1454781090 80 50 38.1
1454781091 80 50 38.0
1454781092 80 50 38.0
1454781093 80 50 38.0
1454781094 80 50 37.9
1454781095 80 50 38.0
1454781096 80 50 38.0
1454781097 80 50 38.1
1454781098 80 50 38.0
1454781099 80 50 38.1
1454781100 80 50 38.1
1454781101 80 50 38.1
1454781102 80 50 38.1
1454781103 80 50 38.1
1454781104 80 50 38.1
1454781105 80 50 38.2
1454781106 80 50 38.1
1454781107 80 50 38.1
1454781108 80 50 38.2
1454781109 80 50 38.2
1454781110 80 50 38.3
1454781111 80 50 38.2
1454781112 80 50 38.2
1454781113 80 50 38.2
1454781114 80 50 38.2
1454781115 80 50 38.3
1454781116 80 50 38.3
1454781117 80 50 38.2
1454781118 80 50 38.2
1454781119 80 50 38.2
1454781120 80 50 38.2
1454781121 80 50 38.3
1454781122 80 50 38.3
1454781123 80 50 38.3
1454781124 80 50 38.3
1454781125 80 50 38.3
1454781126 80 50 38.3
1454781127 80 50 38.3
1454781128 80 50 38.3
1454781129 80 50 38.3
1454781130 80 50 38.3
1454781131 80 50 38.3
1454781132 80 50 38.3
1454781133 80 50 38.3
1454781134 80 50 38.3
1454781135 80 50 38.2
1454781136 80 50 38.2
1454781137 80 50 38.3
1454781138 80 50 38.3
1454781139 80 50 38.2
1454781140 80 50 38.3
1454781141 80 50 38.4
1454781142 80 50 38.3
1454781143 80 50 38.6
1454781144 80 50 38.4
1454781145 80 50 38.4
1454781146 80 50 38.4
1454781147 80 50 38.4
1454781148 80 50 38.4
1454781149 80 50 38.4
1454781150 80 50 38.4
1454781151 80 50 38.4
1454781152 80 50 38.4
1454781153 80 50 38.6
1454781154 80 50 38.6
1454781155 80 50 38.6
1454781156 80 50 38.6
1454781157 80 50 38.4
1454781158 80 50 38.4
1454781159 80 50 38.4
1454781160 80 50 38.4
1454781161 80 50 38.4
1454781162 80 50 38.6
1454781163 80 50 38.6
1454781164 80 50 38.6
1454781165 80 50 38.6
1454781166 80 50 38.6
1454781167 80 50 38.4
1454781168 80 50 38.6
1454781169 80 50 38.6
1454781170 80 50 38.4
1454781171 80 50 38.6
1454781172 80 50 38.6
1454781173 80 50 38.6
1454781174 80 50 38.6
1454781175 80 50 38.6
1454781176 80 50 38.6
1454781177 80 50 38.7
1454781178 80 50 38.7
1454781179 80 50 38.7
1454781180 80 50 38.7
1454781181 80 50 38.6
1454781182 80 50 38.7
1454781183 80 50 38.6
1454781184 80 50 38.7
1454781185 80 50 38.7
1454781186 80 50 38.7
1454781187 80 50 38.7
1454781188 80 50 38.7
1454781189 80 50 38.6
1454781190 80 50 38.7
1454781191 80 50 38.9
1454781192 80 50 38.7
1454781193 80 50 38.7
1454781194 80 50 38.7
1454781195 80 50 38.9
1454781196 80 50 38.7
1454781197 80 50 38.7
1454781198 80 50 38.7
1454781199 80 50 38.7
1454781200 80 50 38.7
1454781201 80 50 38.6
1454781202 80 50 38.6
1454781203 80 50 38.7
1454781204 80 50 38.7
1454781205 80 50 38.7
1454781206 80 50 38.6
1454781207 80 50 38.7
1454781208 80 50 38.7
1454781209 80 50 38.7
1454781210 80 50 38.7
1454781211 80 50 38.6
1454781212 80 50 38.7
1454781213 80 50 38.8
1454781214 80 50 38.7
1454781215 80 50 38.8
1454781216 80 50 38.8
1454781217 80 50 38.8
1454781218 80 50 38.7
1454781219 80 50 38.7
1454781220 80 50 38.8
1454781221 80 50 38.8
1454781222 80 50 38.8
1454781223 80 50 38.8
1454781224 80 50 38.7
1454781225 80 50 38.7
1454781226 80 50 38.8
1454781227 80 50 38.6
1454781228 80 50 38.7
1454781229 80 50 38.7
1454781230 80 50 38.7
1454781231 80 50 38.7
1454781232 80 50 38.7
1454781233 80 50 38.7
1454781234 80 50 38.7
1454781235 80 50 38.8
1454781236 80 50 38.7
1454781237 80 50 38.7
1454781238 80 50 38.8
1454781239 80 50 38.7
1454781240 80 50 38.7
1454781241 80 50 38.7
1454781242 80 50 38.7
1454781243 80 50 38.7
1454781244 80 50 38.7
1454781245 80 50 38.7
1454781246 80 50 38.8
1454781247 80 50 38.8
1454781248 80 50 38.7
1454781249 80 50 38.7
1454781250 80 50 38.7
1454781251 80 50 38.8
1454781252 80 50 38.8
1454781253 80 50 38.8
1454781254 80 50 38.8
1454781255 80 50 38.7
1454781256 80 50 38.7
1454781257 80 50 38.8
1454781258 80 50 38.8
1454781259 80 50 38.8
1454781260 80 50 38.8
1454781261 80 50 38.8
1454781262 80 50 38.7
1454781263 80 50 38.8
1454781264 80 50 38.8
1454781265 80 50 38.7
1454781266 80 50 38.7
1454781267 80 50 38.7
1454781268 80 50 38.7
1454781269 80 50 38.7
1454781270 80 50 38.7
1454781271 80 50 38.7
1454781272 80 50 38.7
1454781273 80 50 38.7
1454781274 80 50 38.7
1454781275 80 50 38.7
1454781276 80 50 38.7
1454781277 80 50 38.7
1454781278 80 50 38.7
1454781279 80 50 38.8
1454781280 80 50 38.7
1454781281 80 50 38.7
1454781282 80 50 38.8
1454781283 80 50 38.7
1454781284 80 50 38.6
1454781285 80 50 38.7
1454781286 80 50 38.7
1454781287 80 50 38.8
1454781288 80 50 38.7
1454781289 80 50 38.7
1454781290 80 50 38.6
1454781291 80 50 38.7
1454781292 80 50 38.7
1454781293 80 50 38.6
1454781294 80 50 38.7
1454781295 80 50 38.7
1454781296 80 50 38.8
1454781297 80 50 38.8
1454781298 80 50 38.7
1454781299 80 50 38.8
1454781300 80 50 38.7
1454781301 80 50 38.8
1454781302 80 50 38.8
1454781303 80 50 38.6
1454781304 80 50 38.7
1454781305 80 50 38.7
1454781306 80 50 38.6
1454781307 80 50 38.7
1454781308 80 50 38.7
1454781309 80 50 38.7
1454781310 80 50 38.7
1454781311 80 50 38.7
1454781312 80 50 38.7
1454781313 80 50 38.7
1454781314 80 50 38.7
1454781315 80 50 38.8
1454781316 80 50 38.7
1454781317 80 50 38.7
1454781318 80 50 38.7
1454781319 80 50 38.6
1454781320 80 50 38.7
1454781321 80 50 38.6
1454781322 80 50 38.7
1454781323 80 50 38.7
1454781324 80 50 38.8
1454781325 80 50 38.8
1454781326 80 50 38.7
1454781327 80 50 38.8
1454781328 80 50 38.8
1454781329 80 50 38.7
1454781330 80 50 38.8
1454781331 80 50 38.7
1454781332 80 50 38.8
1454781333 80 50 38.7
1454781334 80 50 38.6
1454781335 80 50 38.7
1454781336 80 50 38.7
1454781337 80 50 38.8
1454781338 80 50 38.7
1454781339 80 50 38.7
1454781340 80 50 38.8
1454781341 80 50 38.8
1454781342 80 50 38.7
1454781343 80 50 38.8
1454781344 80 50 38.7
1454781345 80 50 38.8
1454781346 80 50 38.8
1454781347 80 50 38.6
1454781348 80 50 38.7
1454781349 80 50 38.8
1454781350 80 50 38.8
1454781351 80 50 38.7
1454781352 80 50 38.8
1454781353 80 50 38.7
1454781354 80 50 38.7
1454781355 80 50 38.7
1454781356 80 50 38.7
1454781357 80 50 38.7
1454781358 80 50 38.7
1454781359 80 50 38.6
1454781360 80 50 38.7
1454781361 80 50 38.7
1454781362 80 50 38.7
1454781363 80 50 38.8
1454781364 80 50 38.7
1454781365 80 50 38.7
1454781366 80 50 38.7
1454781367 80 50 38.7
1454781368 80 50 38.7
1454781369 80 50 38.7
1454781370 80 50 38.7
1454781371 80 50 38.7
1454781372 80 50 38.6
1454781373 80 50 38.7
1454781374 80 50 38.8
1454781375 80 50 38.7
1454781376 80 50 38.7
1454781377 80 50 38.7
1454781378 80 50 38.8
1454781379 80 50 38.7
1454781380 80 50 38.7
1454781381 80 50 38.8
1454781382 80 50 38.7
1454781383 80 50 38.8
1454781384 80 50 38.8
1454781385 80 50 38.7
1454781386 80 50 38.8
1454781387 80 50 38.8
1454781388 80 50 38.8
1454781389 80 50 38.8
1454781390 80 50 38.9
1454781391 80 50 38.8
1454781392 80 50 38.8
1454781393 80 50 38.8
1454781394 80 50 38.8
1454781395 80 50 38.8
1454781396 80 50 38.8
1454781397 80 50 38.8
1454781398 80 50 38.7
1454781399 80 50 38.8
1454781400 80 50 38.6
1454781401 80 50 38.7
1454781402 80 50 38.7
1454781403 80 50 38.8
1454781404 80 50 38.7
1454781405 80 50 38.7
1454781406 80 50 38.8
1454781407 80 50 38.8
1454781408 80 50 38.7
1454781409 80 50 38.8
1454781410 80 50 38.7
1454781411 80 50 38.7
1454781412 80 50 38.7
1454781413 80 50 38.7
1454781414 80 50 38.6
1454781415 80 50 38.6
1454781416 80 50 38.7
1454781417 80 50 38.7
1454781418 80 50 38.7
1454781419 80 50 38.7
1454781420 80 50 38.7
1454781421 80 50 38.7
1454781422 80 50 38.7
1454781423 80 50 38.7
1454781424 80 50 38.8
1454781425 80 50 38.8
1454781426 80 50 38.7
1454781427 80 50 38.8
1454781428 80 50 38.9
1454781429 80 50 38.8
1454781430 80 50 38.7
1454781431 80 50 38.8
1454781432 80 50 38.8
1454781433 80 50 38.8
1454781434 80 50 38.9
1454781435 80 50 38.8
1454781436 80 50 38.8
1454781437 80 50 38.8
1454781438 80 50 38.8
1454781439 80 50 38.8
1454781440 80 50 38.9
1454781441 80 50 38.9
1454781442 80 50 38.9
1454781443 80 50 38.9
1454781444 80 50 38.9
1454781445 80 50 38.9
1454781446 80 50 38.9
1454781447 80 50 38.8
1454781448 80 50 38.8
1454781449 80 50 38.9
1454781450 80 50 38.9
1454781451 80 50 38.8
1454781452 80 50 38.7
1454781453 80 50 38.8
1454781454 80 50 38.8
1454781455 80 50 38.8
1454781456 80 50 38.8
1454781457 80 50 38.9
1454781458 80 50 38.8
1454781459 80 50 38.8
1454781460 80 50 38.8
1454781461 80 50 38.8
1454781462 80 50 38.8
1454781463 80 50 38.8
1454781464 80 50 38.8
1454781465 80 50 38.9
1454781466 80 50 38.8
1454781467 80 50 38.8
1454781468 80 50 38.8
1454781469 80 50 38.8
1454781470 80 50 38.8
1454781471 80 50 38.8
1454781472 80 50 38.8
1454781473 80 50 38.8
1454781474 80 50 38.7
1454781475 80 50 38.8
1454781476 80 50 38.7
1454781477 80 50 38.7
1454781478 80 50 38.8
1454781479 80 50 38.8
1454781480 80 50 38.8
1454781481 80 50 38.8
1454781482 80 50 38.8
1454781483 80 50 38.8
1454781484 80 50 38.8
1454781485 80 50 38.7
1454781486 80 50 38.8
1454781487 80 50 38.7
1454781488 80 50 38.8
1454781489 80 50 38.6
1454781490 80 50 38.6
1454781491 80 50 38.6
1454781492 80 50 38.6
1454781493 80 50 38.6
1454781494 80 50 38.8
1454781495 80 50 38.7
1454781496 80 50 38.7
1454781497 80 50 38.6
1454781498 80 50 38.6
1454781499 80 50 38.6
1454781500 80 50 38.7
1454781501 80 50 38.7
1454781502 80 50 38.4
1454781503 80 50 38.7
1454781504 80 50 38.7
1454781505 80 50 38.6
1454781506 80 50 38.6
1454781507 80 50 38.7
1454781508 80 50 38.7
1454781509 80 50 38.7
1454781510 80 50 38.7
1454781511 80 50 38.7
1454781512 80 50 38.7
1454781513 80 50 38.7
1454781514 80 50 38.7
1454781515 80 50 38.7
1454781516 80 50 38.8
1454781517 80 50 38.7
1454781518 80 50 38.7
1454781519 80 50 38.7
1454781520 80 50 38.7
1454781521 80 50 38.7
1454781522 80 50 38.7
1454781523 80 50 38.8
1454781524 80 50 38.8
1454781525 80 50 38.8
1454781526 80 50 38.8
1454781527 80 50 38.8
1454781528 80 50 38.8
1454781529 80 50 38.8
1455082647 0 100 27.6
1455083016 50 50 27.7
1455083018 50 50 27.7
1455083018 50 50 27.7
1455083019 50 50 27.7
1455083020 50 50 27.6
1455083021 50 50 27.9
1455083022 50 50 27.9
1455083023 50 50 28.0
1455083024 50 50 28.0
1455083025 50 50 28.1
1455083026 50 50 28.3
1455083027 50 50 28.3
1455083028 50 50 28.6
1455083029 50 50 28.6
1455083030 50 50 28.7
1455083031 50 50 28.9
1455083032 50 50 29.0
1455083033 50 50 29.3
1455083034 50 50 29.4
1455083035 50 50 29.6
1455083036 50 50 29.7
1455083037 50 50 29.8
1455083038 50 50 30.1
1455083039 50 50 30.2
1455083040 50 50 30.3
1455083041 50 50 30.5
1455083042 50 50 30.7
1455083043 50 50 30.7
1455083044 50 50 30.9
1455083045 50 50 31.1
1455083046 50 50 31.1
1455083047 50 50 31.2
1455083048 50 50 31.5
1455083049 50 50 31.6
1455083050 50 50 31.7
1455083051 50 50 31.9
1455083052 50 50 31.9
1455083053 50 50 32.2
1455083054 50 50 32.2
1455083055 50 50 32.3
1455083056 50 50 32.5
1455083057 50 50 32.5
1455083058 50 50 32.6
1455083059 50 50 32.7
1455083060 50 50 32.7
1455083061 50 50 33.0
1455083062 50 50 33.1
1455083063 50 50 33.1
1455083064 50 50 33.2
1455083065 50 50 33.2
1455083066 50 50 33.3
1455083067 50 50 33.4
1455083068 50 50 33.4
1455083069 50 50 33.6
1455083070 50 50 33.7
1455083071 50 50 33.7
1455083072 50 50 33.8
1455083073 50 50 33.9
1455083074 50 50 33.9
1455083075 50 50 33.9
1455083076 50 50 34.1
1455083077 50 50 34.0
1455083078 50 50 34.1
1455083079 50 50 34.3
1455083080 50 50 34.3
1455083081 50 50 34.3
1455083082 50 50 34.4
1455083083 50 50 34.4
1455083084 50 50 34.5
1455083085 50 50 34.5
1455083086 50 50 34.6
1455083087 50 50 34.6
1455083088 50 50 34.6
1455083089 50 50 34.7
1455083090 50 50 34.7
1455083091 50 50 34.8
1455083092 50 50 34.8
1455083093 50 50 34.8
1455083094 50 50 35.0
1455083095 50 50 35.0
1455083096 50 50 35.0
1455083097 50 50 35.1
1455083098 50 50 35.1
1455083099 50 50 35.1
1455083100 50 50 35.2
1455083101 50 50 35.2
1455083102 50 50 35.2
1455083103 50 50 35.2
1455083104 50 50 35.3
1455083105 50 50 35.2
1455083106 50 50 35.2
1455083107 50 50 35.3
1455083108 50 50 35.3
1455083109 50 50 35.4
1455083110 50 50 35.4
1455083111 50 50 35.4
1455083112 50 50 35.5
1455083113 50 50 35.5
1455083114 50 50 35.7
1455083115 50 50 35.7
1455083116 50 50 35.5
1455083117 50 50 35.7
1455083118 50 50 35.5
1455083119 50 50 35.5
1455083120 50 50 35.7
1455083121 50 50 35.7
1455083122 50 50 35.7
1455083123 50 50 35.8
1455083124 50 50 35.7
1455083125 50 50 35.8
1455083126 50 50 35.8
1455083127 50 50 35.9
1455083128 50 50 35.9
1455083129 50 50 35.9
1455083130 50 50 35.9
1455083131 50 50 35.9
1455083132 50 50 35.9
1455083133 50 50 35.9
1455083134 50 50 35.9
1455083135 50 50 35.9
1455083136 50 50 35.9
1455083137 50 50 36.0
1455083138 50 50 36.0
1455083139 50 50 36.1
1455083140 50 50 36.0
1455083141 50 50 36.0
1455083142 50 50 36.2
1455083143 50 50 36.1
1455083144 50 50 36.1
1455083145 50 50 36.1
1455083146 50 50 36.1
1455083147 50 50 36.1
1455083148 50 50 36.2
1455083149 50 50 36.1
1455083150 50 50 36.2
1455083151 50 50 36.4
1455083152 50 50 36.2
1455083153 50 50 36.4
1455083154 50 50 36.2
1455083155 50 50 36.4
1455083156 50 50 36.4
1455083157 50 50 36.4
1455083158 50 50 36.2
1455083159 50 50 36.2
1455083160 50 50 36.4
1455083161 50 50 36.5
1455083162 50 50 36.4
1455083163 50 50 36.4
1455083164 50 50 36.5
1455083165 50 50 36.5
1455083166 50 50 36.5
1455083167 50 50 36.6
1455083168 50 50 36.5
1455083169 50 50 36.5
1455083170 50 50 36.6
1455083171 50 50 36.6
1455083172 50 50 36.5
1455083173 50 50 36.6
1455083174 50 50 36.5
1455083175 50 50 36.6
1455083176 50 50 36.6
1455083177 50 50 36.6
1455083178 50 50 36.6
1455083179 50 50 36.6
1455083180 50 50 36.7
1455083181 50 50 36.7
1455083182 50 50 36.7
1455083183 50 50 36.7
1455083184 50 50 36.7
1455083185 50 50 36.7
1455083186 50 50 36.7
1455083187 50 50 36.6
1455083188 50 50 36.7
1455083189 50 50 36.7
1455083190 50 50 36.8
1455083191 50 50 36.7
1455083192 50 50 36.8
1455083193 50 50 36.8
1455083194 50 50 36.8
1455083195 50 50 36.8
1455083196 50 50 36.9
1455083197 50 50 36.8
1455083198 50 50 36.9
1455083199 50 50 36.8
1455083200 50 50 36.8
1455083201 50 50 36.9
1455083202 50 50 36.9
1455083203 50 50 36.9
1455083204 50 50 36.9
1455083205 50 50 36.9
1455083206 50 50 36.9
1455083207 50 50 36.8
1455083208 50 50 36.9
1455083209 50 50 36.9
1455083210 50 50 36.9
1455083211 50 50 36.8
1455083212 50 50 36.8
1455083213 50 50 36.8
1455083214 50 50 36.9
1455083215 50 50 36.7
1455083216 50 50 36.8
1455083217 50 50 36.7
1455083218 50 50 36.8
1455083219 50 50 36.7
1455083220 50 50 36.7
1455083221 50 50 36.8
1455083222 50 50 36.6
1455083223 50 50 36.7
1455083224 50 50 36.8
1455083225 50 50 36.7
1455083226 50 50 36.7
1455083227 50 50 36.7
1455083228 50 50 36.7
1455083229 50 50 36.8
1455083230 50 50 36.7
1455083231 50 50 36.8
1455083232 50 50 36.8
1455083233 50 50 36.8
1455083234 50 50 36.8
1455083235 50 50 36.8
1455083236 50 50 36.8
1455083237 50 50 36.8
1455083238 50 50 36.8
1455083239 50 50 36.8
1455083240 50 50 36.7
1455083241 50 50 36.8
1455083242 50 50 36.8
1455083243 50 50 36.8
1455083244 50 50 36.8
1455083245 50 50 36.8
1455083246 50 50 36.8
1455083247 50 50 36.8
1455083248 50 50 36.8
1455083249 50 50 36.8
1455083250 50 50 36.8
1455083251 50 50 36.8
1455083252 50 50 36.8
1455083253 50 50 36.8
1455083254 50 50 36.8
1455083255 50 50 36.8
1455083256 50 50 36.9
1455083257 50 50 36.9
1455083258 50 50 36.8
1455083259 50 50 36.9
1455083260 50 50 36.8
1455083261 50 50 36.9
1455083262 50 50 36.9
1455083263 50 50 36.9
1455083264 50 50 36.9
1455083265 50 50 36.9
1455083266 50 50 36.8
1455083267 50 50 37.0
1455083268 50 50 36.8
1455083269 50 50 36.9
1455083270 50 50 36.9
1455083271 50 50 36.9
1455083272 50 50 36.9
1455083273 50 50 36.9
1455083274 50 50 36.9
1455083275 50 50 36.9
1455083276 50 50 36.9
1455083277 50 50 36.9
1455083278 50 50 36.9
1455083279 50 50 36.8
1455083280 50 50 36.9
1455083281 50 50 36.9
1455083282 50 50 37.0
1455083283 50 50 36.9
1455083284 50 50 37.0
1455083285 50 50 36.9
1455083286 50 50 36.9
1455083287 50 50 37.0
1455083288 50 50 36.9
1455083289 50 50 36.9
1455083290 50 50 36.9
1455083291 50 50 36.9
1455083292 50 50 36.9
1455083293 50 50 37.0
1455083294 50 50 36.8
1455083295 50 50 36.9
1455083296 50 50 36.9
1455083297 50 50 36.9
1455083298 50 50 36.8
1455083299 50 50 36.9
1455083300 50 50 36.9
1455083301 50 50 36.8
1455083302 50 50 36.8
1455083303 50 50 36.8
1455083304 50 50 36.8
1455083305 50 50 36.8
1455083306 50 50 36.8
1455083307 50 50 36.7
1455083308 50 50 36.8
1455083309 50 50 36.9
1455083310 50 50 36.8
1455083311 50 50 36.8
1455083312 50 50 36.9
1455083313 50 50 36.8
1455083314 50 50 36.8
1455083315 50 50 36.8
1455083316 50 50 36.8
1455083317 50 50 36.7
1455083318 50 50 36.7
1455083319 50 50 36.7
1455083320 50 50 36.6
1455083321 50 50 36.7
1455083322 50 50 36.7
1455083323 50 50 36.7
1455083324 50 50 36.7
1455083325 50 50 36.7
1455083326 50 50 36.7
1455083327 50 50 36.6
1455083328 50 50 36.7
1455083329 50 50 36.6
1455083330 50 50 36.6
1455083331 50 50 36.6
1455083332 50 50 36.5
1455083333 50 50 36.5
1455083334 50 50 36.5
1455083335 50 50 36.5
1455083336 50 50 36.5
1455083337 50 50 36.5
1455083338 50 50 36.4
1455083339 50 50 36.2
1455083340 50 50 36.4
1455083341 50 50 36.4
1455083342 50 50 36.2
1455083343 50 50 36.1
1455083344 50 50 36.1
1455083345 50 50 36.1
1455083346 50 50 36.1
1455083347 50 50 36.1
1455083348 50 50 36.1
1455083349 50 50 36.0
1455083350 50 50 36.1
1455083351 50 50 36.0
1455083352 50 50 36.0
1455083353 50 50 36.0
1455083354 50 50 35.9
1455083355 50 50 35.9
1455083356 50 50 35.9
1455083357 50 50 35.8
1455083358 50 50 35.8
1455083359 50 50 35.8
1455083360 50 50 35.9
1455083361 50 50 35.8
1455083362 50 50 35.8
1455083363 50 50 35.8
1455083364 50 50 35.7
1455083365 50 50 35.7
1455083366 50 50 35.5
1455083367 50 50 35.5
1455083368 50 50 35.5
1455083369 50 50 35.5
1455083370 50 50 35.5
1455083371 50 50 35.5
1455083372 50 50 35.4
1455083373 50 50 35.4
1455083374 50 50 35.5
1455083375 50 50 35.5
1455083376 50 50 35.4
1455083377 50 50 35.4
1455083378 50 50 35.4
1455083379 50 50 35.4
1455083380 50 50 35.4
1455083381 50 50 35.4
1455083382 50 50 35.4
1455083383 50 50 35.3
1455083384 50 50 35.4
1455083385 50 50 35.3
1455083386 50 50 35.3
1455083387 50 50 35.3
1455083388 50 50 35.3
1455083389 50 50 35.3
1455083390 50 50 35.3
1455083391 50 50 35.4
1455083392 50 50 35.3
1455083393 50 50 35.3
1455083394 50 50 35.4
1455083395 50 50 35.3
1455083396 50 50 35.3
1455083397 50 50 35.3
1455083398 50 50 35.2
1455083399 50 50 35.3
1455083400 50 50 35.4
1455083401 50 50 35.3
1455083402 50 50 35.3
1455083403 50 50 35.3
1455083404 50 50 35.4
1455083405 50 50 35.3
1455083406 50 50 35.4
1455083407 50 50 35.3
1455083408 50 50 35.4
1455083409 50 50 35.4
1455083410 50 50 35.4
1455083411 50 50 35.3
1455083412 50 50 35.4
1455083413 50 50 35.4
1455083414 50 50 35.4
1455083415 50 50 35.5
1455083416 70 50 35.5
1455083419 70 50 0.0
1455083422 70 50 0.0
1455083425 70 50 0.0
1455083428 70 50 0.0
1455083431 70 50 0.0
1455083434 70 50 0.0
1455083437 70 50 0.0
1455083440 70 50 0.0
1455083443 70 50 0.0
1455083446 70 50 0.0
1455083449 70 50 0.0
1455083452 70 50 0.0
1455083455 70 50 0.0
1455083458 70 50 0.0
1455083461 70 50 0.0
1455083464 70 50 0.0
1455083467 70 50 0.0
1455083470 70 50 0.0
1455083473 70 50 0.0
1455083476 70 50 0.0
1455083479 70 50 0.0
1455083482 70 50 0.0
1455083485 70 50 0.0
1455083488 70 50 0.0
1455083491 70 50 0.0
1455083494 70 50 0.0
1455083497 70 50 0.0
1455083500 70 50 0.0
1455083503 70 50 0.0
1455083506 70 50 0.0
1455083509 70 50 0.0
1455083512 70 50 0.0
1455083515 70 50 0.0
1455083518 70 50 0.0
1455083521 70 50 0.0
1455083524 70 50 0.0
1455083527 70 50 0.0
1455083530 70 50 0.0
1455083533 70 50 0.0
1455083536 70 50 0.0
1455083539 70 50 0.0
1455083542 70 50 0.0
1455083545 70 50 0.0
1455083548 70 50 0.0
1455083551 70 50 0.0
1455083554 70 50 0.0
1455083557 70 50 0.0
1455083560 70 50 0.0
1455083563 70 50 0.0
1455083566 70 50 0.0
1455083569 70 50 0.0
1455083572 70 50 0.0
1455083575 70 50 0.0
1455083578 70 50 0.0
1455083581 70 50 0.0
1455083584 70 50 0.0
1455083587 70 50 0.0
1455083590 70 50 0.0
1455083593 70 50 0.0
1455083596 70 50 0.0
1455083599 70 50 0.0
1455083602 70 50 0.0
1455083605 70 50 0.0
1455083608 70 50 0.0
1455083611 70 50 0.0
1455083614 70 50 0.0
1455083617 70 50 0.0
1455083620 70 50 0.0
1455083623 70 50 0.0
1455083626 70 50 0.0
1455083629 70 50 0.0
1455083632 70 50 0.0
1455083635 70 50 0.0
1455083638 70 50 0.0
1455083641 70 50 0.0
1455083644 70 50 0.0
1455083647 70 50 0.0
1455083650 70 50 0.0
1455083653 70 50 0.0
1455083656 70 50 0.0
1455083659 70 50 0.0
1455083662 70 50 0.0
1455083665 70 50 0.0
1455083668 70 50 0.0
1455083671 70 50 0.0
1455083674 70 50 0.0
1455083677 70 50 0.0
1455083680 70 50 0.0
1455083683 70 50 0.0
1455083686 70 50 0.0
1455083689 70 50 0.0
1455083692 70 50 0.0
1455083695 70 50 0.0
1455083698 70 50 0.0
1455083701 70 50 0.0
1455083704 70 50 0.0
1455083707 70 50 0.0
1455083710 70 50 0.0
1455083713 70 50 0.0
1455083716 70 50 0.0
1455083719 70 50 0.0
1455084404 50 50 0.0
1455084413 50 50 0.0
1455084426 50 50 0.0
1455180059 0 100 28.1
1455180066 50 50 28.1
1455180067 50 50 28.1
1455180068 50 50 28.1
1455180069 50 50 28.2
1455180070 50 50 28.2
1455180071 50 50 28.3
1455187523 0 100 28.1
1455187777 50 50 28.1
1455187780 50 50 28.2
1455187780 50 50 28.2
1455187780 50 50 28.2
1455187781 50 50 28.2
1455187782 50 50 28.3
1455187783 50 50 28.3
1455187784 50 50 28.4
1455187785 50 50 28.7
1455187786 50 50 28.8
1455187787 50 50 28.9
1455187788 50 50 29.0
1455187789 50 50 29.3
1455187790 50 50 29.3
1455187791 50 50 29.4
1455187792 50 50 29.6
1455187793 50 50 29.7
1455187794 50 50 29.8
1455187795 50 50 30.0
1455187796 50 50 30.2
1455187797 50 50 30.3
1455187798 50 50 30.3
1455187799 50 50 30.7
1455187800 50 50 30.8
1455187801 50 50 30.8
1455187802 50 50 31.0
1455187803 50 50 31.0
1455187804 50 50 31.2
1455187805 50 50 31.4
1455187806 50 50 31.5
1455187807 50 50 31.6
1455187808 50 50 31.6
1455187809 50 50 31.8
1455187810 50 50 31.9
1455187811 50 50 32.0
1455187812 50 50 32.0
1455187813 50 50 32.2
1455187814 50 50 32.4
1455187815 50 50 32.4
1455187816 50 50 32.5
1455187817 50 50 32.6
1455187818 50 50 32.6
1455187819 50 50 32.7
1455187820 50 50 32.9
1455187821 50 50 32.9
1455187822 50 50 33.0
1455187823 50 50 33.1
1455187824 50 50 33.2
1455187825 50 50 33.2
1455187826 50 50 33.3
1455187827 50 50 33.3
1455187828 50 50 33.4
1455187829 50 50 33.4
1455187830 50 50 33.6
1455187831 50 50 33.6
1455187832 50 50 33.7
1455187833 50 50 33.7
1455187834 50 50 33.7
1455187835 50 50 33.8
1455187836 50 50 33.8
1455187837 50 50 33.8
1455187838 50 50 33.9
1455187839 50 50 33.9
1455187840 50 50 34.0
1455187841 50 50 33.9
1455187842 50 50 34.0
1455187843 50 50 34.1
1455187844 50 50 34.0
1455187845 50 50 34.1
1455187846 50 50 34.1
1455187847 50 50 34.0
1455187848 50 50 34.1
1455187849 50 50 34.1
1455187850 50 50 34.1
1455187851 50 50 34.3
1455187852 50 50 34.3
1455187853 50 50 34.3
1455187854 50 50 34.3
1455187855 50 50 34.4
1455187856 50 50 34.4
1455187857 50 50 34.4
1455187858 50 50 34.4
1455187859 50 50 34.3
1455187860 50 50 34.3
1455187861 50 50 34.4
1455187862 50 50 34.5
1455187863 50 50 34.5
1455187864 50 50 34.5
1455187865 50 50 34.4
1455187866 50 50 34.5
1455187867 50 50 34.5
1455187868 50 50 34.6
1455187869 50 50 34.5
1455187870 50 50 34.7
1455187871 50 50 34.7
1455187872 50 50 34.7
1455187873 50 50 34.6
1455187874 50 50 34.6
1455187875 50 50 34.5
1455187876 50 50 34.6
1455187877 50 50 34.7
1455187878 50 50 34.7
1455187879 50 50 34.7
1455187880 50 50 34.7
1455187881 50 50 34.8
1455187882 50 50 34.7
1455187883 50 50 34.7
1455187884 50 50 34.7
1455187885 50 50 34.7
1455187886 50 50 34.7
1455187887 50 50 34.7
1455187888 50 50 34.7
1455187889 50 50 34.8
1455187890 50 50 34.8
1455187891 50 50 34.8
1455187892 50 50 34.8
1455187893 50 50 34.8
1455187894 50 50 34.8
1455187895 50 50 34.8
1455187896 50 50 35.0
1455187897 50 50 35.0
1455187898 50 50 35.0
1455187899 50 50 35.0
1455187900 50 50 35.0
1455187901 50 50 34.8
1455187902 50 50 35.0
1455187903 50 50 34.8
1455187904 50 50 34.8
1455187905 50 50 35.0
1455187906 50 50 34.8
1455187907 50 50 34.8
1455187908 50 50 35.0
1455187909 50 50 35.0
1455187910 50 50 35.0
1455187911 50 50 35.0
1455187912 50 50 34.8
1455187913 50 50 34.8
1455187914 50 50 35.0
1455187915 50 50 35.0
1455187916 50 50 35.0
1455187917 50 50 35.0
1455187918 50 50 35.0
1455187919 50 50 35.0
1455187920 50 50 35.0
1455187921 50 50 35.0
1455187922 50 50 35.0
1455187923 50 50 35.0
1455187924 50 50 35.0
1455187925 50 50 35.0
1455187926 50 50 35.0
1455187927 50 50 35.0
1455187928 50 50 35.0
1455187929 50 50 35.0
1455187930 50 50 35.0
1455187931 50 50 35.0
1455187932 50 50 35.0
1455187933 50 50 35.0
1455187934 50 50 35.1
1455187935 50 50 35.0
1455187936 50 50 35.0
1455187937 50 50 35.1
1455187938 50 50 35.0
1455187939 50 50 35.0
1455187940 50 50 35.0
1455187941 50 50 35.0
1455187942 50 50 35.0
1455187943 50 50 35.1
1455187944 50 50 35.1
1455187945 50 50 35.1
1455187946 50 50 35.1
1455187947 50 50 35.1
1455187948 50 50 35.1
1455187949 50 50 35.1
1455187950 50 50 35.1
1455187951 50 50 35.1
1455187952 50 50 35.1
1455187953 50 50 35.1
1455187954 50 50 35.0
1455187955 50 50 35.1
1455187956 50 50 35.1
1455187957 50 50 35.1
1455187958 50 50 35.1
1455187959 50 50 35.1
1455187960 50 50 35.1
1455187961 50 50 35.1
1455187962 50 50 35.1
1455187963 50 50 35.1
1455187964 50 50 35.1
1455187965 50 50 35.1
1455187966 50 50 35.0
1455187967 50 50 35.1
1455187968 50 50 35.0
1455187969 50 50 35.0
1455187970 50 50 35.0
1455187971 50 50 35.0
1455187972 50 50 35.1
1455187973 50 50 35.0
1455187974 50 50 35.0
1455187975 50 50 35.1
1455187976 50 50 35.0
1455187977 50 50 35.0
1455187978 50 50 35.0
1455187979 50 50 35.0
1455187980 50 50 35.0
1455187981 50 50 35.1
1455187982 50 50 35.1
1455187983 50 50 35.1
1455187984 50 50 35.1
1455187985 50 50 35.1
1455187986 50 50 35.1
1455187987 50 50 35.1
1455187988 50 50 35.1
1455187989 50 50 35.0
1455187990 50 50 35.1
1455187991 50 50 35.1
1455187992 50 50 35.0
1455187993 50 50 35.1
1455187994 50 50 35.0
1455187995 50 50 35.1
1455187996 50 50 35.1
1455187997 50 50 35.2
1455187998 50 50 35.1
1455187999 50 50 35.1
1455188000 50 50 35.2
1455188001 50 50 35.2
1455188002 50 50 35.2
1455188003 50 50 35.2
1455188004 50 50 35.3
1455188005 50 50 35.3
1455188006 50 50 35.2
1455188007 50 50 35.1
1455188008 50 50 35.3
1455188009 50 50 35.3
1455188010 50 50 35.3
1455188011 50 50 35.3
1455188012 50 50 35.4
1455188013 50 50 35.3
1455188014 50 50 35.3
1455188015 50 50 35.4
1455188016 50 50 35.3
1455188017 50 50 35.3
1455188018 50 50 35.3
1455188019 50 50 35.3
1455188020 50 50 35.2
1455188021 50 50 35.4
1455188022 50 50 35.3
1455188023 50 50 35.3
1455188024 50 50 35.3
1455188025 50 50 35.3
1455188026 50 50 35.3
1455188027 50 50 35.3
1455188028 50 50 35.3
1455188029 50 50 35.3
1455188030 50 50 35.3
1455188031 50 50 35.3
1455188032 50 50 35.3
1455188033 50 50 35.2
1455188034 50 50 35.4
1455188035 50 50 35.3
1455188036 50 50 35.3
1455188037 50 50 35.3
1455188038 50 50 35.2
1455188039 50 50 35.2
1455188040 50 50 35.3
1455188041 50 50 35.3
1455188042 50 50 35.2
1455188043 50 50 35.3
1455188044 50 50 35.2
1455188045 50 50 35.2
1455188046 50 50 35.3
1455188047 50 50 35.2
1455188048 50 50 35.1
1455188049 50 50 35.2
1455188050 50 50 35.3
1455188051 50 50 35.3
1455188052 50 50 35.2
1455188053 50 50 35.2
1455188054 50 50 35.2
1455188055 50 50 35.2
1455188056 50 50 35.3
1455188057 50 50 35.2
1455188058 50 50 35.2
1455188059 50 50 35.3
1455188060 50 50 35.2
1455188061 50 50 35.2
1455188062 50 50 35.3
1455188063 50 50 35.3
1455188064 50 50 35.3
1455188065 50 50 35.3
1455188066 50 50 35.3
1455188067 50 50 35.3
1455188068 50 50 35.2
1455188069 50 50 35.3
1455188070 50 50 35.2
1455188071 50 50 35.3
1455188072 50 50 35.3
1455188073 50 50 35.2
1455188074 50 50 35.3
1455188075 50 50 35.3
1455188076 50 50 35.2
1455188077 50 50 35.2
1455188078 50 50 35.2
1455188079 50 50 35.3
1455188080 50 50 35.3
1455188081 50 50 35.2
1455188082 50 50 35.3
1455188083 50 50 35.3
1455188084 50 50 35.2
1455188085 50 50 35.2
1455188086 50 50 35.3
1455188087 50 50 35.3
1455188088 50 50 35.2
1455188089 50 50 35.2
1455188090 50 50 35.3
1455188091 50 50 35.3
1455188092 50 50 35.3
1455188093 50 50 35.2
1455188094 50 50 35.2
1455188095 50 50 35.2
1455188096 50 50 35.2
1455188097 50 50 35.2
1455188098 50 50 35.2
1455188099 50 50 35.2
1455188100 50 50 35.2
1455188101 50 50 35.1
1455188102 50 50 35.1
1455188103 50 50 35.2
1455188104 50 50 35.2
1455188105 50 50 35.2
1455188106 50 50 35.2
1455188107 50 50 35.2
1455188108 50 50 35.2
1455188109 50 50 35.1
1455188110 50 50 35.2
1455188111 50 50 35.1
1455188112 50 50 35.2
1455188113 50 50 35.2
1455188114 50 50 35.1
1455188115 50 50 35.2
1455188116 50 50 35.1
1455188117 50 50 35.2
1455188118 50 50 35.3
1455188119 50 50 35.3
1455188120 50 50 35.2
1455188121 50 50 35.2
1455188122 50 50 35.2
1455188123 50 50 35.3
1455188124 50 50 35.2
1455188125 50 50 35.3
1455188126 50 50 35.3
1455188127 50 50 35.2
1455188128 50 50 35.3
1455188129 50 50 35.3
1455188130 50 50 35.2
1455188131 50 50 35.3
1455188132 50 50 35.3
1455188133 50 50 35.3
1455188134 50 50 35.3
1455188135 50 50 35.3
1455188136 50 50 35.3
1455188137 50 50 35.3
1455188138 50 50 35.3
1455188139 50 50 35.3
1455188140 50 50 35.2
1455188141 50 50 35.3
1455188142 50 50 35.2
1455188143 50 50 35.3
1455188144 50 50 35.4
1455188145 50 50 35.2
1455188146 50 50 35.2
1455188147 50 50 35.2
1455188148 50 50 35.3
1455188149 50 50 35.2
1455188150 50 50 35.2
1455188151 50 50 35.3
1455188152 50 50 35.3
1455188153 50 50 35.2
1455188154 50 50 35.3
1455188155 50 50 35.2
1455188156 50 50 35.3
1455188157 50 50 35.2
1455188158 50 50 35.3
1455188159 50 50 35.2
1455188160 50 50 35.3
1455188161 50 50 35.3
1455188162 50 50 35.2
1455188163 50 50 35.2
1455188164 50 50 35.2
1455188165 50 50 35.2
1455188166 50 50 35.3
1455188167 50 50 35.3
1455188168 50 50 35.3
1455188169 50 50 35.2
1455188170 50 50 35.2
1455188171 50 50 35.3
1455188172 50 50 35.3
1455188173 50 50 35.3
1455188174 50 50 35.3
1455188175 50 50 35.3
1455188176 50 50 35.3
1455188177 70 50 35.3
1455188178 70 50 35.3
1455188179 70 50 35.4
1455188180 70 50 35.3
1455188181 70 50 35.3
1455188182 70 50 35.4
1455188183 70 50 35.3
1455188184 70 50 35.4
1455188185 70 50 35.5
1455188186 70 50 35.5
1455188187 70 50 35.5
1455188188 70 50 35.5
1455188189 70 50 35.7
1455188192 70 50 0.0
1455188195 70 50 0.0
1455188198 70 50 0.0
1455188201 70 50 0.0
1455188205 70 50 0.0
1455188207 70 50 0.0
1455188210 70 50 0.0
1455188213 70 50 0.0
1455188216 70 50 0.0
1455188219 70 50 0.0
1455188222 70 50 0.0
1455188225 70 50 0.0
1455188228 70 50 0.0
1455188231 70 50 0.0
1455188234 70 50 0.0
1455188237 70 50 0.0
1455188240 70 50 0.0
1455188243 70 50 0.0
1455188246 70 50 0.0
1455188249 70 50 0.0
1455188252 70 50 0.0
1455188255 70 50 0.0
1455188258 70 50 0.0
1455188261 70 50 0.0
1455188264 70 50 0.0
1455188267 70 50 0.0
1455188270 70 50 0.0
1455188273 70 50 0.0
1455188276 70 50 0.0
1455188279 70 50 0.0
1455188282 70 50 0.0
1455188285 70 50 0.0
1455188288 70 50 0.0
1455188291 70 50 0.0
1455188294 70 50 0.0
1455188297 70 50 0.0
1455188300 70 50 0.0
1455188303 70 50 0.0
1455188306 70 50 0.0
1455188309 70 50 0.0
1455188312 70 50 0.0
1455188315 70 50 0.0
1455188318 70 50 0.0
1455188321 70 50 0.0
1455188324 70 50 0.0
1455188327 70 50 0.0
1455188330 70 50 0.0
1455188333 70 50 0.0
1455188336 70 50 0.0
1455188339 70 50 0.0
1455188342 70 50 0.0
1455188345 70 50 0.0
1455188348 70 50 0.0
1455188351 70 50 0.0
1455188354 70 50 0.0
1455188357 70 50 0.0
1455188360 70 50 0.0
1455188363 70 50 0.0
1455188366 70 50 0.0
1455188369 70 50 0.0
1455188372 70 50 0.0
1455188375 70 50 0.0
1455188378 70 50 0.0
1455188381 70 50 0.0
1455188384 70 50 0.0
1455188387 70 50 0.0
1455188390 70 50 0.0
1455188393 70 50 0.0
1455188396 70 50 0.0
1455188399 70 50 0.0
1455188402 70 50 0.0
1455188405 70 50 0.0
1455188408 70 50 0.0
1455188411 70 50 0.0
1455188414 70 50 0.0
1455188417 70 50 0.0
1455188420 70 50 0.0
1455188423 70 50 0.0
1455188426 70 50 0.0
1455188429 70 50 0.0
1455188432 70 50 0.0
1455188435 70 50 0.0
1455188438 70 50 0.0
1455188441 70 50 0.0
1455188444 70 50 0.0
1455188447 70 50 0.0
1455188450 70 50 0.0
1455188453 70 50 0.0
1455188456 70 50 0.0
1455188459 70 50 0.0
1455188462 70 50 0.0
1455188465 70 50 0.0
1455188468 70 50 0.0
1455188471 70 50 0.0
1455188474 70 50 0.0
1455188477 70 50 0.0
1455188480 70 50 0.0
1455188483 70 50 0.0
1455188486 70 50 0.0
1455188489 70 50 0.0
1455188492 70 50 0.0
1456668549 0 100 27.7
1458389132 0 100 30.8
1475079334 0 100 27.4
1475079361 30 50 27.3
1475079363 30 50 27.4
1475079364 30 50 27.4
1475079365 30 50 27.4
1475079366 30 50 27.4
1475079367 30 50 27.5
1475079369 30 50 27.6
1475079373 30 50 27.9
1475079374 30 50 28.0
1475079375 30 50 28.0
1475079376 30 50 28.1
1475079377 30 50 28.2
1475079379 30 50 28.3
1475079380 30 50 28.3
1475079381 30 50 28.4
1475079382 30 50 28.6
1475079384 30 50 28.7
1475079385 30 50 28.8
1475079386 30 50 28.9
1475079387 30 50 29.0
1475079388 30 50 29.0
1475079389 30 50 29.0
1475079390 30 50 29.0
1475079391 30 50 29.1
1475079392 30 50 29.3
1475079393 30 50 29.1
1475079394 30 50 29.4
1475079395 30 50 29.4
1475079397 30 50 29.6
1475079398 30 50 29.5
1475079399 30 50 29.5
1475079400 30 50 29.6
1475079401 30 50 29.6
1475079402 30 50 29.7
1475079403 30 50 29.7
1475079404 30 50 29.7
1475079405 30 50 29.8
1475079407 30 50 29.8
1475079409 30 50 30.0
1475079410 30 50 30.0
1475079411 30 50 30.0
1475079415 30 50 30.1
1475079417 30 50 30.1
1475079421 30 50 30.2
1475079422 30 50 30.2
1475079423 30 50 30.3
1475079424 30 50 30.2
1475079425 30 50 30.2
1475079426 30 50 30.3
1475079427 30 50 30.2
1475079428 30 50 30.3
1475079429 30 50 30.3
1475079430 30 50 30.3
1475079431 30 50 30.3
1475079432 30 50 30.4
1475079433 30 50 30.4
1475079434 30 50 30.3
1475079435 30 50 30.4
1475079436 30 50 30.4
1475079437 30 50 30.4
1475079438 30 50 30.4
1475079442 30 50 30.5
1475079443 30 50 30.5
1475079444 30 50 30.4
1475079445 30 50 30.5
1475079446 30 50 30.4
1475079447 30 50 30.5
1475079448 30 50 30.5
1475079449 30 50 30.5
1475079453 30 50 30.7
1475079454 30 50 30.7
1475079455 30 50 30.5
1475079456 30 50 30.5
1475079457 30 50 30.7
1475079458 30 50 30.5
1475079459 30 50 30.5
1475079460 30 50 30.7
1475079461 30 50 30.7
1475079462 30 50 30.5
1475079463 30 50 30.7
1475079464 30 50 30.7
1475079465 30 50 30.7
1475079466 30 50 30.5
1475079467 30 50 30.7
1475079468 30 50 30.7
1475079469 30 50 30.5
1475079470 30 50 30.7
1475079472 30 50 30.7
1475079476 30 50 30.7
1475079477 30 50 30.7
1475079478 30 50 30.7
1475079479 30 50 30.7
1475079480 30 50 30.7
1475079481 30 50 30.7
1475079482 30 50 30.8
1475079484 30 50 30.8
1475079485 30 50 30.7
1475079486 30 50 30.7
1475079487 30 50 30.7
1475079488 30 50 30.7
1475079489 30 50 30.7
1475079490 30 50 30.7
1475079491 30 50 30.7
1475079492 30 50 30.8
1475079493 30 50 30.8
1475079494 30 50 30.7
1475079495 30 50 30.7
1475079496 30 50 30.7
1475079500 30 50 30.8
1475079501 30 50 30.8
1475079502 30 50 30.8
1475079503 30 50 30.7
1475079504 30 50 30.8
1475079505 30 50 30.8
1475079506 30 50 30.7
1475079507 30 50 30.8
1475079509 30 50 30.8
1475079510 30 50 30.9
1475079511 30 50 30.8
1475079512 30 50 30.8
1475079513 30 50 30.8
1475079514 30 50 30.8
1475079515 30 50 30.8
1475079517 30 50 30.8
1475079518 30 50 30.8
1475079520 30 50 30.8
1475079521 30 50 30.9
1475079522 30 50 30.8
1475079523 30 50 30.8
1475079524 30 50 30.8
1475079525 30 50 30.8
1475079526 30 50 30.8
1475079527 30 50 30.8
1475079528 30 50 30.7
1475079529 30 50 30.8
1475079530 30 50 30.9
1475079534 30 50 30.8
1475079535 30 50 30.8
1475079537 30 50 30.9
1475079538 30 50 30.9
1475079539 30 50 30.9
1475079540 30 50 30.9
1475079541 30 50 31.0
1475079542 30 50 30.8
1475079543 30 50 30.9
1475079547 30 50 30.8
1475079548 30 50 30.9
1475079549 30 50 30.9
1475079550 30 50 30.9
1475079551 30 50 30.9
1475079552 30 50 30.9
1475079553 30 50 30.8
1475079554 30 50 30.9
1475079555 30 50 30.8
1475079556 30 50 30.8
1475079557 30 50 30.9
1475079558 30 50 30.9
1475079559 30 50 30.8
1475079560 30 50 30.9
1475079561 30 50 30.9
1475079562 30 50 30.9
1475079563 30 50 30.9
1475079564 30 50 30.9
1475079566 30 50 30.9
1475079567 30 50 30.8
1475079568 30 50 30.9
1475079569 30 50 30.9
1475079570 30 50 30.9
1475079571 30 50 30.9
1475079573 30 50 30.9
1475079574 30 50 30.8
1475079575 30 50 30.9
1475079576 30 50 30.9
1475079577 30 50 30.8
1475079579 30 50 30.9
1475079580 30 50 31.0
1475079581 30 50 31.0
1475079582 30 50 30.9
1475079584 30 50 30.9
1475079585 30 50 30.9
1475079587 30 50 30.9
1475079589 30 50 30.9
1475079591 30 50 31.0
1475079596 30 50 30.9
1475079597 30 50 30.9
1475079598 30 50 30.9
1475079599 30 50 30.9
1475079600 30 50 30.9
1475079602 30 50 30.9
1475079603 30 50 31.0
1475079610 30 50 30.9
1475079611 30 50 31.0
1475079612 30 50 30.9
1475079616 30 50 31.0
1475146762 0 100 27.9
1475146797 30 50 28.0
1475146800 30 50 27.9
1475146801 30 50 28.0
1475146802 30 50 28.0
1475146803 30 50 28.0
1475146804 30 50 28.1
1475146805 30 50 28.2
1475146806 30 50 28.1
1475146807 30 50 28.2
1475146808 30 50 28.4
1475146809 30 50 28.3
1475146810 30 50 28.4
1475146811 30 50 28.6
1475146812 30 50 28.7
1475146813 30 50 28.7
1475146814 30 50 28.8
1475146815 30 50 28.9
1475146817 30 50 29.0
1475146817 30 50 29.0
1475146818 30 50 29.1
1475146819 30 50 29.1
1475146820 30 50 29.1
1475146821 30 50 29.4
1475146822 30 50 29.4
1475146825 30 50 29.4
1475146828 30 50 29.7
1475146829 30 50 29.7
1475146830 30 50 29.8
1475146833 30 50 30.0
1475146833 30 50 30.1
1475146834 30 50 30.1
1475146836 30 50 30.1
1475146837 30 50 30.1
1475146838 30 50 30.2
1475146839 30 50 30.2
1475146841 30 50 30.3
1475146841 30 50 30.3
1475146842 30 50 30.3
1475146843 30 50 30.3
1475146844 30 50 30.3
1475146845 30 50 30.3
1475146846 30 50 30.4
1475146847 30 50 30.4
1475146848 30 50 30.5
1475146849 30 50 30.5
1475146850 30 50 30.4
1475146851 30 50 30.5
1475146852 30 50 30.5
1475146853 30 50 30.5
1475146854 30 50 30.7
1475146855 30 50 30.7
1475146856 30 50 30.7
1475146857 30 50 30.7
1475146858 30 50 30.7
1475146859 30 50 30.8
1475146860 30 50 30.8
1475146861 30 50 30.8
1475146862 30 50 30.8
1475146863 30 50 30.8
1475146864 30 50 30.9
1475146865 30 50 30.8
1475146866 30 50 30.9
1475146867 30 50 30.9
1475146868 30 50 30.9
1475146869 30 50 30.9
1475146870 30 50 30.9
1475146871 30 50 30.9
1475146872 30 50 31.0
1475146873 30 50 30.9
1475146874 30 50 30.9
1475146875 30 50 30.9
1475146876 30 50 31.0
1475146877 30 50 30.9
1475146878 30 50 31.0
1475146879 30 50 31.0
1475146880 30 50 30.9
1475146881 30 50 31.0
1475146882 30 50 31.0
1475146883 30 50 31.0
1475146884 30 50 31.0
1475146885 30 50 31.0
1475146886 30 50 31.1
1475146887 30 50 31.0
1475146888 30 50 31.1
1475146889 30 50 31.1
1475146890 30 50 31.1
1475146891 30 50 31.0
1475146892 30 50 31.1
1475146893 30 50 31.0
1475146894 30 50 31.1
1475146895 30 50 31.1
1475146896 30 50 31.1
1475146897 30 50 31.1
1475146898 30 50 31.0
1475146901 30 50 31.1
1475146904 30 50 31.1
1475146905 30 50 31.1
1475146906 30 50 31.2
1475146907 30 50 31.1
1475146908 30 50 31.1
1475146909 30 50 31.1
1475146910 30 50 31.1
1475146911 30 50 31.1
1475146912 30 50 31.1
1475146913 30 50 31.1
1475146914 30 50 31.1
1475146915 30 50 31.1
1475146916 30 50 31.2
1475146917 30 50 31.1
1475146918 30 50 31.1
1475146919 30 50 31.1
1475146920 30 50 31.2
1475146921 30 50 31.1
1475146922 30 50 31.2
1475146923 30 50 31.1
1475146924 30 50 31.1
1475146925 30 50 31.1
1475146926 30 50 31.1
1475146927 30 50 31.1
1475146928 30 50 31.1
1475146929 30 50 31.2
1475146930 30 50 31.1
1475146931 30 50 31.2
1475146932 30 50 31.2
1475146933 30 50 31.2
1475146934 30 50 31.2
1475146935 30 50 31.2
1475146936 30 50 31.1
1475146937 30 50 31.2
1475146938 30 50 31.2
1475146939 30 50 31.1
1475146940 30 50 31.2
1475146941 30 50 31.2
1475146942 30 50 31.2
1475146943 30 50 31.4
1475146944 30 50 31.4
1475146948 30 50 31.2
1475146949 30 50 31.2
1475146950 30 50 31.2
1475146951 30 50 31.4
1475146952 30 50 31.2
1475146953 30 50 31.4
1475146954 30 50 31.4
1475146955 30 50 31.4
1475146956 30 50 31.4
1475146957 30 50 31.4
1475146960 30 50 31.2
1475146960 30 50 31.4
1475146961 30 50 31.4
1475146966 30 50 31.4
1475146966 30 50 31.4
1475146969 30 50 31.2
1475146969 30 50 31.4
1475146970 30 50 31.4
1475146971 30 50 31.4
1475146972 30 50 31.2
1475146973 30 50 31.4
1475146974 30 50 31.4
1475146975 30 50 31.4
1475146976 30 50 31.4
1475146977 30 50 31.2
1475146978 30 50 31.4
1475146979 30 50 31.4
1475146980 30 50 31.4
1475146981 30 50 31.4
1475146982 30 50 31.2
1475146983 30 50 31.4
1475146984 30 50 31.4
1475146985 30 50 31.4
1475146986 30 50 31.4
1475146987 30 50 31.4
1475146988 30 50 31.4
1475146989 30 50 31.4
1475146990 30 50 31.4
1475146991 30 50 31.5
1475146992 30 50 31.4
1475146995 30 50 31.4
1475146995 30 50 31.4
1475146996 30 50 31.4
1475146997 30 50 31.4
1475146998 30 50 31.5
1475146999 30 50 31.5
1475147000 30 50 31.4
1475147001 30 50 31.4
1475147002 30 50 31.4
1475147003 30 50 31.4
1475147004 30 50 31.4
1475147005 30 50 31.4
1475147006 30 50 31.4
1475147007 30 50 31.4
1475147008 30 50 31.5
1475147009 30 50 31.5
1475147010 30 50 31.4
1475147011 30 50 31.4
1475147012 30 50 31.4
1475147013 30 50 31.4
1475147014 30 50 31.4
1475147015 30 50 31.4
1475147016 30 50 31.4
1475147017 30 50 31.5
1475147018 30 50 31.4
1475147022 30 50 31.5
1475147024 30 50 31.4
1475147025 30 50 31.4
1475147026 30 50 31.4
1475147027 30 50 31.5
1475147028 30 50 31.5
1475147030 30 50 31.5
1475147031 30 50 31.4
1475147032 30 50 31.5
1475147033 30 50 31.5
1475147034 30 50 31.5
1475147035 30 50 31.5
1475147036 30 50 31.5
1475147037 30 50 31.5
1475147038 30 50 31.5
1475147039 30 50 31.5
1475147040 30 50 31.6
1475147041 30 50 31.5
1475147043 30 50 31.5
1475147044 30 50 31.5
1475147045 30 50 31.5
1475147048 30 50 31.5
1475147048 30 50 31.5
1475147050 30 50 31.5
1475147051 30 50 31.5
1475147052 30 50 31.5
1475147053 30 50 31.4
1475147054 30 50 31.5
1475147055 30 50 31.5
1475147056 30 50 31.5
1475147057 30 50 31.6
1475147058 30 50 31.6
1475147059 30 50 31.5
1475147060 30 50 31.5
1475147061 30 50 31.6
1475147062 30 50 31.5
1475147063 30 50 31.6
1475147064 30 50 31.5
1475147065 30 50 31.5
1475147066 30 50 31.5
1475147068 30 50 31.5
1475147069 30 50 31.5
1475147073 30 50 31.5
1475147076 30 50 31.5
1475147076 30 50 31.5
1475147078 30 50 31.5
1475147079 30 50 31.5
1475147082 30 50 31.5
1475147082 30 50 31.5
1475147083 30 50 31.5
1475147084 30 50 31.6
1475147085 30 50 31.5
1475147086 30 50 31.5
1475147087 30 50 31.5
1475147088 30 50 31.5
1475147089 30 50 31.6
1475147090 30 50 31.6
1475147091 30 50 31.6
1475147092 30 50 31.5
1475147093 30 50 31.5
1475147094 30 50 31.6
1475147095 30 50 31.5
1475147096 30 50 31.5
1475147097 45 50 31.6
1475147098 45 50 31.6
1475147099 45 50 31.6
1475147101 45 50 31.5
1475147102 45 50 31.6
1475147103 45 50 31.7
1475147104 45 50 31.6
1475147105 45 50 31.6
1475147106 45 50 31.6
1475147107 45 50 31.8
1475147108 45 50 31.8
1475147109 45 50 31.8
1475147110 45 50 31.9
1475147111 45 50 31.8
1475147112 45 50 31.9
1475147114 45 50 32.0
1475147115 45 50 32.0
1475147116 45 50 32.0
1475147117 45 50 32.2
1475147119 45 50 32.3
1475147120 45 50 32.3
1475147121 45 50 32.3
1475147122 45 50 32.3
1475147123 45 50 32.3
1475147124 45 50 32.3
1475147125 45 50 32.4
1475147126 45 50 32.5
1475147127 45 50 32.4
1475147135 45 50 32.6
1475147135 45 50 32.7
1475147136 45 50 32.6
1475147139 45 50 32.7
1475147139 45 50 32.6
1475147140 45 50 32.7
1475147141 45 50 32.9
1475147142 45 50 32.7
1475147143 45 50 32.7
1475147144 45 50 32.7
1475147145 45 50 32.9
1475147146 45 50 32.9
1475147147 45 50 32.9
1475147148 45 50 32.9
1475147149 45 50 32.9
1475147150 45 50 32.9
1475147151 45 50 32.9
1475147152 45 50 32.9
1475147153 45 50 32.9
1475147154 45 50 33.0
1475147155 45 50 33.0
1475147156 45 50 33.0
1475147157 45 50 33.1
1475147158 45 50 33.0
1475147159 45 50 33.0
1475147160 45 50 33.1
1475147161 45 50 33.0
1475147162 45 50 33.0
1475147163 45 50 33.1
1475147164 45 50 33.0
1475147166 45 50 33.1
1475147167 45 50 33.1
1475147169 45 50 33.1
1475147170 45 50 33.1
1475147171 45 50 33.1
1475147172 45 50 33.1
1475147173 45 50 33.1
1475147174 45 50 33.0
1475147175 45 50 33.1
1475147176 45 50 33.0
1475147177 45 50 33.2
1475147178 45 50 33.1
1475147179 45 50 33.1
1475147180 45 50 33.1
1475147181 45 50 33.1
1475147182 45 50 33.1
1475147183 45 50 33.2
1475147186 45 50 33.0
1475147189 45 50 33.2
1475147190 45 50 33.1
1475147191 45 50 33.1
1475147192 45 50 33.1
1475147193 45 50 33.1
1475147194 45 50 33.2
1475147195 45 50 33.2
1475147196 45 50 33.2
1475147199 45 50 33.2
1475147199 45 50 33.2
1475147200 45 50 33.2
1475147201 45 50 33.2
1475147202 45 50 33.1
1475147203 45 50 33.2
1475147204 45 50 33.1
1475147205 45 50 33.1
1475147206 45 50 33.2
1475147207 45 50 33.2
1475147208 45 50 33.2
1475147211 45 50 33.2
1475147211 45 50 33.1
1475147212 45 50 33.2
1475147213 45 50 33.2
1475147214 45 50 33.1
1475147215 45 50 33.2
1475147216 45 50 33.1
1475147217 45 50 33.2
1475147218 45 50 33.2
1475147219 45 50 33.2
1475147220 45 50 33.2
1475147221 45 50 33.2
1475147222 45 50 33.2
1475147223 45 50 33.2
1475147224 45 50 33.2
1475147225 45 50 33.2
1475147226 45 50 33.2
1475147227 45 50 33.3
1475147228 45 50 33.2
1475147229 45 50 33.2
1475147230 45 50 33.2
1475147231 45 50 33.2
1475147233 45 50 33.2
1475147234 45 50 33.2
1475147235 45 50 33.2
1475147236 45 50 33.1
1475147237 45 50 33.2
1475147238 45 50 33.3
1475147239 45 50 33.2
1475147240 45 50 33.2
1475147241 45 50 33.3
1475147242 45 50 33.3
1475147243 45 50 33.3
1475147253 45 50 33.2
1475147254 45 50 33.2
1475147255 45 50 33.2
1475147256 45 50 33.2
1475147257 45 50 33.2
1475147258 45 50 33.3
1475147259 45 50 33.2
1475147260 45 50 33.2
1475147261 45 50 33.3
1475147262 45 50 33.3
1475147265 45 50 33.4
1475147265 45 50 33.3
1475147266 45 50 33.3
1475147267 45 50 33.3
1475147268 45 50 33.3
1475147269 45 50 33.4
1475147270 45 50 33.3
1475147271 45 50 33.2
1475147272 45 50 33.3
1475147273 45 50 33.2
1475147276 45 50 33.3
1475147276 45 50 33.3
1475147277 45 50 33.2
1475147278 45 50 33.3
1475147280 45 50 33.3
1475147281 45 50 33.3
1475147282 45 50 33.4
1475147283 45 50 33.4
1475147284 45 50 33.3
1475147285 45 50 33.3
1475147286 45 50 33.3
1475147287 45 50 33.3
1475147288 45 50 33.4
1475147289 45 50 33.3
1475147290 45 50 33.4
1475147291 45 50 33.4
1475147292 45 50 33.3
1475147293 45 50 33.3
1475147294 45 50 33.4
1475147295 45 50 33.4
1475147296 45 50 33.3
1475147297 45 50 33.3
1475147298 45 50 33.4
1475147299 45 50 33.4
1475147300 45 50 33.3
1475147301 45 50 33.4
1475147302 45 50 33.3
1475147303 45 50 33.4
1475147313 45 50 33.4
1475147314 45 50 33.3
1475147315 45 50 33.3
1475147316 45 50 33.4
1475147317 45 50 33.3
1475147318 45 50 33.4
1475147319 45 50 33.4
1475147320 45 50 33.4
1475147322 45 50 33.3
1475147323 45 50 33.4
1475147324 45 50 33.3
1475147328 45 50 33.3
1475147329 45 50 33.4
1475147330 45 50 33.4
1475147331 45 50 33.3
1475147332 45 50 33.4
1475147333 45 50 33.4
1475147334 45 50 33.4
1475147335 45 50 33.6
1475147336 45 50 33.6
1475147337 45 50 33.6
1475147338 45 50 33.4
1475147339 45 50 33.4
1475147340 45 50 33.4
1475147344 45 50 33.4
1475147345 45 50 33.4
1475147346 45 50 33.4
1475147347 45 50 33.4
1475147348 45 50 33.4
1475147349 45 50 33.4
1475147350 45 50 33.4
1475147351 45 50 33.3
1475147352 45 50 33.4
1475147353 45 50 33.3
1475147354 45 50 33.3
1475147355 45 50 33.4
1475147356 45 50 33.4
1475147357 45 50 33.4
1475147358 45 50 33.4
1475147359 45 50 33.4
1475147360 45 50 33.4
1475147362 45 50 33.4
1475147362 45 50 33.4
1475147363 45 50 33.3
1475147365 45 50 33.6
1475147365 45 50 33.4
1475147366 45 50 33.3
1475147367 45 50 33.4
1475147368 45 50 33.4
1475147369 45 50 33.6
1475147370 45 50 33.4
1475147371 45 50 33.4
1475147373 45 50 33.3
1475147374 45 50 33.4
1475147376 45 50 33.3
1475147377 45 50 33.4
1475147378 45 50 33.3
1475147379 45 50 33.4
1475147381 45 50 33.4
1475147384 45 50 33.4
1475147385 45 50 33.3
1475147386 45 50 33.4
1475147387 45 50 33.3
1475147388 45 50 33.3
1475147389 45 50 33.4
1475147390 45 50 33.3
1475147391 45 50 33.4
1475147392 45 50 33.4
1475147393 45 50 33.3
1475147394 45 50 33.4
1475147395 45 50 33.4
1475147396 45 50 33.4
1475147397 45 50 33.4
1475147398 45 50 33.4
1475147399 45 50 33.4
1475147400 45 50 33.4
1475147401 45 50 33.6
1475147402 45 50 33.4
1475147404 45 50 33.4
1475147404 45 50 33.4
1475147405 45 50 33.4
1475147406 45 50 33.4
1475147407 45 50 33.6
1475147408 45 50 33.6
1475147412 45 50 33.4
1475147413 45 50 33.4
1475147415 45 50 33.6
1475147419 45 50 33.6
1475147420 45 50 33.4
1475147421 45 50 33.4
1475147424 45 50 33.4
1475147424 45 50 33.4
1475147425 45 50 33.4
1475147426 45 50 33.4
1475147427 45 50 33.4
1475147429 45 50 33.4
1475147430 45 50 33.4
1475147431 45 50 33.4
1475147432 45 50 33.4
1475147433 45 50 33.4
1475147434 45 50 33.4
1475147435 45 50 33.6
1475147436 45 50 33.4
1475147442 45 50 33.4
1475147443 45 50 33.4
1475147444 45 50 33.3
1475147445 45 50 33.4
1475147447 45 50 33.4
1475147448 45 50 33.4
1475147449 45 50 33.4
1475147450 45 50 33.6
1475147451 45 50 33.4
1475147453 45 50 33.6
1475147454 45 50 33.4
1475147455 45 50 33.4
1475147456 45 50 33.6
1475147457 45 50 33.4
1475147458 45 50 33.4
1475147461 45 50 33.4
1475147461 45 50 33.6
1475147462 45 50 33.4
1475147463 45 50 33.6
1475147465 45 50 33.4
1475147466 45 50 33.4
1475147467 45 50 33.4
1475147468 45 50 33.4
1475147470 45 50 33.6
1475147470 45 50 33.6
1475147471 45 50 33.6
1475147474 45 50 33.6
1475147474 45 50 33.4
1475147476 45 50 33.4
1475147476 45 50 33.4
1475147477 45 50 33.6
1475147478 45 50 33.6
1475147479 45 50 33.6
1475147480 45 50 33.6
1475147481 45 50 33.6
1475147483 45 50 33.4
1475147484 45 50 33.6
1475147487 45 50 33.6
1475147488 45 50 33.6
1475147488 45 50 33.6
1475147489 45 50 33.7
1475147490 45 50 33.7
1475147491 45 50 33.6
1475147492 45 50 33.7
1475147493 45 50 33.6
1475147494 45 50 33.4
1475147496 45 50 33.6
1475147497 45 50 33.6
1475147498 45 50 33.6
1475147499 45 50 33.7
1475147500 45 50 33.8
1475147501 45 50 33.6
1475147503 45 50 33.6
1475147504 45 50 33.6
1475147505 45 50 33.6
1475147506 45 50 33.6
1475147507 45 50 33.6
1475147508 45 50 33.6
1475147509 45 50 33.6
1475147510 45 50 33.6
1475147511 45 50 33.6
1475147512 45 50 33.6
1475147513 45 50 33.6
1475147514 45 50 33.6
1475147518 45 50 33.6
1475147519 45 50 33.6
1475147520 45 50 33.6
1475147521 45 50 33.6
1475147522 45 50 33.6
1475147523 45 50 33.4
1475147524 45 50 33.6
1475147525 45 50 33.6
1475147526 45 50 33.6
1475147528 45 50 33.7
1475147528 45 50 33.7
1475147531 45 50 33.7
1475147531 45 50 33.6
1475147533 45 50 33.6
1475147535 45 50 33.7
1475147536 45 50 33.6
1475147537 45 50 33.6
1475147538 45 50 33.7
1475147539 45 50 33.6
1475147540 45 50 33.6
1475147541 45 50 33.6
1475147542 45 50 33.6
1475147543 45 50 33.6
1475147544 45 50 33.6
1475147546 45 50 33.6
1475147547 45 50 33.7
1475147548 45 50 33.6
1475147549 45 50 33.7
1475147550 45 50 33.6
1475147551 45 50 33.6
1475147552 45 50 33.6
1475147553 45 50 33.6
1475147554 45 50 33.6
1475147555 45 50 33.6
1475147556 45 50 33.6
1475147557 45 50 33.6
1475147558 45 50 33.6
1475147559 45 50 33.4
1475147561 45 50 33.6
1475147561 45 50 33.7
1475147562 45 50 33.7
1475147563 45 50 33.6
1475147564 45 50 33.6
1475147565 45 50 33.6
1475147567 45 50 33.6
1475147568 45 50 33.6
1475147569 45 50 33.6
1475147570 45 50 33.6
1475147571 45 50 33.6
1475147572 45 50 33.4
1475147573 45 50 33.6
1475147574 45 50 33.6
1475147575 45 50 33.6
1475147576 45 50 33.6
1475147577 45 50 33.6
1475147578 45 50 33.6
1475147579 45 50 33.6
1475147580 45 50 33.6
1475147584 45 50 33.6
1475147588 45 50 33.6
1475152342 0 100 28.0
1475152421 25 55 28.1
1475152422 25 55 28.1
1475152423 25 55 28.0
1475152424 25 55 28.0
1475152425 25 55 28.1
1475152426 25 55 28.0
1475152427 25 55 28.2
1475152428 25 55 28.2
1475152429 25 55 28.2
1475152430 25 55 28.3
1475152431 25 55 28.3
1475152432 25 55 28.4
1475152433 25 55 28.4
1475152434 25 55 28.4
1475152435 25 55 28.7
1475152436 25 55 28.7
1475152437 25 55 28.8
1475152438 25 55 28.8
1475152439 25 55 28.8
1475152443 25 55 29.1
1475152444 25 55 29.3
1475152445 25 55 29.3
1475152446 25 55 29.4
1475152447 25 55 29.4
1475152448 25 55 29.5
1475152449 25 55 29.5
1475152450 25 55 29.5
1475152451 25 55 29.6
1475152452 25 55 29.6
1475152453 25 55 29.7
1475152454 25 55 29.8
1475152455 25 55 29.7
1475152456 25 55 29.7
1475152457 25 55 29.7
1475152458 25 55 29.8
1475152459 25 55 29.8
1475152460 25 55 30.0
1475152461 25 55 30.0
1475152462 25 55 30.0
1475152463 25 55 30.0
1475152464 25 55 30.0
1475152465 25 55 30.0
1475152466 25 55 30.1
1475152467 25 55 30.1
1475152468 25 55 30.1
1475152469 25 55 30.2
1475152470 25 55 30.2
1475152474 25 55 30.3
1475152478 25 55 30.4
1475152479 25 55 30.3
1475152480 25 55 30.4
1475152481 25 55 30.3
1475152482 25 55 30.4
1475152483 25 55 30.4
1475152484 25 55 30.3
1475152485 25 55 30.4
1475152486 25 55 30.4
1475152487 25 55 30.4
1475152488 25 55 30.4
1475152489 25 55 30.4
1475152490 25 55 30.5
1475152491 25 55 30.4
1475152492 25 55 30.5
1475152493 25 55 30.5
1475152494 25 55 30.4
1475152495 25 55 30.5
1475152496 25 55 30.5
1475152497 25 55 30.4
1475152498 25 55 30.5
1475152499 25 55 30.5
1475152500 25 55 30.5
1475152501 25 55 30.5
1475152502 25 55 30.7
1475152503 25 55 30.5
1475152504 25 55 30.5
1475152505 25 55 30.7
1475152506 25 55 30.7
1475152507 25 55 30.5
1475152508 25 55 30.7
1475152509 25 55 30.7
1475152510 25 55 30.7
1475152511 25 55 30.5
1475152512 25 55 30.7
1475152513 25 55 30.5
1475152514 25 55 30.8
1475152515 25 55 30.7
1475152516 25 55 30.7
1475152517 25 55 30.7
1475152518 25 55 30.8
1475152519 25 55 30.7
1475152520 25 55 30.8
1475152521 25 55 30.7
1475152522 25 55 30.7
1475152523 25 55 30.7
1475152524 25 55 30.7
1475152525 25 55 30.7
1475152526 25 55 30.8
1475152527 25 55 30.8
1475152528 25 55 30.7
1475152529 25 55 30.8
1475152530 25 55 30.7
1475152531 25 55 30.7
1475152532 25 55 30.7
1475152533 25 55 30.8
1475152534 25 55 30.8
1475152535 25 55 30.8
1475152536 25 55 30.7
1475152537 25 55 30.8
1475152539 25 55 30.8
1475152540 25 55 30.7
1475152541 25 55 30.8
1475152542 25 55 30.7
1475152543 25 55 30.8
1475152544 25 55 30.8
1475152545 25 55 30.8
1475152546 25 55 30.7
1475152547 25 55 30.8
1475152548 25 55 30.8
1475152549 25 55 30.7
1475152550 25 55 30.8
1475152551 25 55 30.7
1475152552 25 55 30.9
1475152553 25 55 30.8
1475152554 25 55 30.8
1475152555 25 55 30.8
1475152556 25 55 30.8
1475152557 25 55 30.8
1475152558 25 55 30.7
1475152559 25 55 30.8
1475152560 25 55 30.7
1475152561 25 55 30.7
1475152565 25 55 30.7
1475152566 25 55 30.8
1475152567 25 55 30.7
1475152568 25 55 30.7
1475152569 25 55 30.8
1475152570 25 55 30.8
1475152571 25 55 30.8
1475152572 25 55 30.8
1475152573 25 55 30.8
1475152574 25 55 30.8
1475152575 25 55 30.8
1475152576 25 55 30.8
1475152577 25 55 30.8
1475152578 25 55 30.8
1475152579 25 55 30.8
1475152580 25 55 30.8
1475152581 25 55 30.8
1475152582 25 55 30.9
1475152583 25 55 30.8
1475152584 25 55 30.8
1475152585 25 55 30.8
1475152586 25 55 30.8
1475152587 25 55 30.9
1475152588 25 55 30.9
1475152589 25 55 30.8
1475152590 25 55 30.8
1475152591 25 55 30.8
1475152592 25 55 30.8
1475152593 25 55 30.8
1475152594 25 55 30.8
1475152595 25 55 30.9
1475152596 25 55 30.8
1475152597 25 55 30.8
1475152598 25 55 30.9
1475152599 25 55 30.9
1475152600 25 55 30.9
1475152601 25 55 30.9
1475152602 25 55 30.9
1475152603 25 55 30.9
1475152604 25 55 30.9
1475152605 25 55 31.0
1475152606 25 55 30.9
1475152607 25 55 30.8
1475152608 25 55 30.9
1475152609 25 55 30.9
1475152610 25 55 30.9
1475152611 25 55 30.9
1475152612 25 55 30.8
1475152613 25 55 30.8
1475152614 25 55 30.8
1475152615 25 55 30.9
1475152616 25 55 30.9
1475152617 25 55 30.9
1475152618 25 55 30.9
1475152619 25 55 30.9
1475152620 25 55 30.9
1475152621 25 55 30.9
1475152622 25 55 30.8
1475152623 25 55 30.9
1475152624 25 55 30.9
1475152625 25 55 30.9
1475152626 25 55 30.8
1475152627 25 55 30.9
1475152628 25 55 30.9
1475152629 25 55 30.9
1475152630 25 55 30.9
1475152631 25 55 30.9
1475152632 25 55 30.9
1475152633 25 55 30.9
1475152634 25 55 30.9
1475152635 25 55 30.9
1475152636 25 55 30.9
1475152637 25 55 30.9
1475152638 25 55 31.0
1475152639 25 55 30.9
1475152640 25 55 30.9
1475152641 25 55 30.9
1475152642 25 55 30.9
1475152643 25 55 30.8
1475152644 25 55 30.9
1475152645 25 55 30.9
1475152646 25 55 30.9
1475152647 25 55 30.9
1475152648 25 55 30.9
1475152649 25 55 30.9
1475152650 25 55 30.9
1475152651 25 55 30.9
1475152652 25 55 31.0
1475152653 25 55 30.9
1475152654 25 55 30.9
1475152655 25 55 30.9
1475152656 25 55 30.9
1475152657 25 55 30.9
1475152667 25 55 31.0
1475152668 25 55 30.9
1475152669 25 55 30.9
1475152670 25 55 31.0
1475152671 25 55 30.9
1475152672 25 55 30.9
1475152673 25 55 31.0
1475152674 25 55 31.0
1475152675 25 55 30.9
1475152676 25 55 30.9
1475152677 25 55 31.0
1475152678 25 55 30.9
1475152679 25 55 31.0
1475152680 25 55 30.9
1475152681 25 55 31.0
1475152682 25 55 31.0
1475152683 25 55 30.9
1475152684 25 55 31.0
1475152685 25 55 31.0
1475152686 25 55 31.0
1475152687 25 55 31.0
1475152688 25 55 30.9
1475152689 25 55 31.0
1475152690 25 55 31.0
1475152691 25 55 30.9
1475152692 25 55 31.0
1475152693 25 55 30.9
1475152694 25 55 31.0
1475152695 25 55 30.9
1475152696 25 55 31.0
1475152697 25 55 30.9
1475152698 25 55 31.0
1475152699 25 55 31.0
1475152700 25 55 31.0
1475152701 25 55 31.0
1475152702 25 55 31.0
1475152703 25 55 30.9
1475152704 25 55 31.0
1475152705 25 55 31.0
1475152706 25 55 31.0
1475152707 25 55 30.9
1475152708 25 55 31.0
1475152709 25 55 31.0
1475152710 25 55 30.9
1475152711 25 55 31.1
1475152712 25 55 30.9
1475152713 25 55 31.0
1475152714 25 55 31.0
1475152715 25 55 31.0
1475152716 25 55 31.0
1475152717 25 55 31.0
1475152718 25 55 31.0
1475152719 25 55 31.0
1475152720 25 55 31.0
1475152721 25 55 31.0
1475152722 25 55 30.9
1475152723 25 55 31.0
1475152724 25 55 31.0
1475152725 25 55 30.9
1475152726 25 55 31.0
1475152727 25 55 31.0
1475152728 25 55 31.0
1475152729 25 55 31.0
1475152730 25 55 31.0
1475152731 50 55 31.0
1475152732 50 55 30.9
1475152733 50 55 31.0
1475152734 50 55 31.0
1475152735 50 55 31.0
1475152736 50 55 31.0
1475152737 50 55 31.0
1475152738 50 55 31.1
1475152739 50 55 31.2
1475152740 50 55 31.2
1475152741 50 55 31.4
1475152742 50 55 31.4
1475152743 50 55 31.5
1475152744 50 55 31.6
1475152745 50 55 31.6
1475152746 50 55 31.7
1475152747 50 55 31.7
1475152748 50 55 31.7
1475152749 50 55 31.8
1475152750 50 55 31.7
1475152751 50 55 31.9
1475152752 50 55 32.0
1475152753 50 55 32.0
1475152754 50 55 32.2
1475152755 50 55 32.2
1475152756 50 55 32.4
1475152757 50 55 32.3
1475152758 50 55 32.3
1475152759 50 55 32.4
1475152760 50 55 32.4
1475152761 50 55 32.5
1475152762 50 55 32.5
1475152763 50 55 32.5
1475152764 50 55 32.6
1475152765 50 55 32.7
1475152766 50 55 32.7
1475152767 50 55 32.7
1475152768 50 55 32.9
1475152769 50 55 32.9
1475152770 50 55 32.7
1475152771 50 55 33.0
1475152772 50 55 32.9
1475152773 50 55 32.9
1475152774 50 55 33.0
1475152775 50 55 33.0
1475152776 50 55 33.0
1475152777 50 55 33.0
1475152778 50 55 33.0
1475152779 50 55 33.1
1475152780 50 55 33.1
1475152781 50 55 33.2
1475152782 50 55 33.2
1475152783 50 55 33.2
1475152784 50 55 33.2
1475152785 50 55 33.2
1475152786 50 55 33.2
1475152787 50 55 33.3
1475152788 50 55 33.2
1475152789 50 55 33.1
1475152790 50 55 33.3
1475152791 50 55 33.3
1475152792 50 55 33.2
1475152793 50 55 33.3
1475152794 50 55 33.3
1475152795 50 55 33.4
1475152796 50 55 33.3
1475152797 50 55 33.3
1475152798 50 55 33.3
1475152799 50 55 33.3
1475152800 50 55 33.3
1475152801 50 55 33.3
1475152802 50 55 33.4
1475152803 50 55 33.4
1475152804 50 55 33.3
1475152805 50 55 33.4
1475152806 50 55 33.4
1475152807 50 55 33.6
1475152808 50 55 33.4
1475152809 50 55 33.4
1475152810 50 55 33.4
1475152811 50 55 33.4
1475152812 50 55 33.4
1475152813 50 55 33.4
1475152814 50 55 33.4
1475152815 50 55 33.4
1475152816 50 55 33.4
1475152817 50 55 33.6
1475152818 50 55 33.6
1475152819 50 55 33.4
1475152820 50 55 33.4
1475152821 50 55 33.6
1475152822 50 55 33.6
1475152823 50 55 33.6
1475152824 50 55 33.6
1475152825 50 55 33.6
1475152826 50 55 33.6
1475152827 50 55 33.6
1475152828 50 55 33.6
1475152829 50 55 33.4
1475152830 50 55 33.6
1475152831 50 55 33.6
1475152832 50 55 33.6
1475152833 50 55 33.4
1475152834 50 55 33.7
1475152835 50 55 33.7
1475152836 50 55 33.6
1475152837 50 55 33.6
1475152838 50 55 33.7
1475152839 50 55 33.6
1475152840 50 55 33.6
1475152841 50 55 33.7
1475152842 50 55 33.6
1475152843 50 55 33.7
1475152844 50 55 33.8
1475152845 50 55 33.7
1475152846 50 55 33.7
1475152847 50 55 33.7
1475152848 50 55 33.7
1475152849 50 55 33.7
1475152850 50 55 33.7
1475152851 50 55 33.8
1475152852 50 55 33.7
1475152853 50 55 33.8
1475152854 50 55 33.8
1475152855 50 55 33.7
1475152856 50 55 33.7
1475152857 50 55 33.8
1475152858 50 55 33.6
1475152859 50 55 33.7
1475152860 50 55 33.7
1475152861 50 55 33.7
1475152862 50 55 33.7
1475152863 50 55 33.7
1475152864 50 55 33.7
1475152865 50 55 33.7
1475152866 50 55 33.7
1475152867 50 55 33.7
1475152868 50 55 33.7
1475152869 50 55 33.7
1475152870 50 55 33.7
1475152871 50 55 33.7
1475152872 50 55 33.8
1475152873 50 55 33.8
1475152874 50 55 33.7
1475152875 50 55 33.8
1475152876 50 55 33.7
1475152877 50 55 33.7
1475152878 50 55 33.7
1475152879 50 55 33.8
1475152880 50 55 33.7
1475152881 50 55 33.7
1475152882 50 55 33.8
1475152883 50 55 33.7
1475152884 50 55 33.7
1475152885 50 55 33.7
1475152886 50 55 33.9
1475152887 50 55 33.7
1475152888 50 55 33.7
1475152889 50 55 33.8
1475152890 50 55 33.8
1475152891 50 55 33.8
1475152892 50 55 33.8
1475152893 50 55 33.8
1475152894 50 55 33.8
1475152895 50 55 33.8
1475152896 50 55 33.8
1475152897 50 55 33.8
1475152898 50 55 33.8
1475152899 50 55 33.8
1475152900 50 55 33.9
1475152901 50 55 33.8
1475152902 50 55 33.8
1475152903 50 55 33.8
1475152904 50 55 33.8
1475152905 50 55 33.9
1475152906 50 55 33.8
1475152907 50 55 33.7
1475152908 50 55 33.7
1475152909 50 55 33.7
1475152910 50 55 33.8
1475152911 50 55 33.8
1475152912 50 55 33.8
1475152913 50 55 33.8
1475152914 50 55 33.8
1475152915 50 55 33.8
1475152916 50 55 33.8
1475152917 50 55 33.9
1475152918 50 55 33.9
1475152919 50 55 33.8
1475152920 50 55 33.9
1475152921 50 55 33.8
1475152922 50 55 33.8
1475152923 50 55 33.9
1475152924 50 55 33.8
1475152925 50 55 33.8
1475152926 50 55 33.8
1475152927 50 55 33.8
1475152928 50 55 33.8
1475152929 50 55 33.9
1475152930 50 55 33.8
1475152931 50 55 33.9
1475152932 50 55 33.9
1475152933 50 55 33.9
1475152934 50 55 33.8
1475152935 50 55 33.9
1475152936 50 55 33.9
1475152937 50 55 33.8
1475152938 50 55 33.9
1475152939 50 55 33.8
1475152940 50 55 33.9
1475152941 50 55 33.9
1475152942 50 55 33.9
1475152943 50 55 34.0
1475152944 50 55 33.9
1475152945 50 55 33.9
1475152946 50 55 33.9
1475152947 50 55 33.9
1475152948 50 55 33.9
1475152949 50 55 33.8
1475152950 50 55 33.8
1475152951 50 55 33.9
1475152952 50 55 33.9
1475152953 50 55 33.9
1475152954 50 55 33.9
1475152955 50 55 33.9
1475152956 50 55 33.9
1475152957 50 55 33.8
1475152958 50 55 33.9
1475152959 50 55 33.9
1475152960 50 55 33.9
1475152961 50 55 33.9
1475152962 50 55 33.9
1475152963 50 55 33.8
1475152964 50 55 33.9
1475152965 50 55 33.9
1475152966 50 55 33.9
1475152967 50 55 33.9
1475152968 50 55 33.9
1475152969 50 55 33.9
1475152970 50 55 33.9
1475152971 50 55 33.9
1475152972 50 55 33.9
1475152973 50 55 33.9
1475152974 50 55 34.0
1475152975 50 55 33.9
1475152976 50 55 34.0
1475152977 50 55 33.9
1475152978 50 55 33.9
1475152979 50 55 33.8
1475152980 50 55 34.0
1475152981 50 55 33.9
1475152982 50 55 33.9
1475152983 50 55 33.9
1475152984 50 55 33.8
1475152985 50 55 33.9
1475152986 50 55 34.0
1475152987 50 55 33.9
1475152988 50 55 33.9
1475152989 50 55 33.9
1475152990 50 55 33.8
1475152991 50 55 33.9
1475152992 50 55 33.9
1475152993 50 55 34.0
1475152994 50 55 34.0
1475152995 50 55 33.9
1475152996 50 55 33.9
1475152997 50 55 33.9
1475152998 50 55 33.9
1475152999 50 55 33.9
1475153000 50 55 33.9
1475153001 50 55 33.9
1475153002 50 55 34.0
1475153003 50 55 33.9
1475153004 50 55 33.9
1475153005 50 55 33.9
1475153006 50 55 33.9
1475153007 50 55 33.9
1475153008 50 55 33.9
1475153009 50 55 33.9
1475153010 50 55 33.9
1475153011 50 55 33.9
1475153012 50 55 34.0
1475153013 50 55 33.9
1475153014 50 55 34.0
1475153015 50 55 34.1
1475153016 50 55 34.0
1475153017 50 55 34.0
1475153018 50 55 34.0
1475153019 50 55 34.1
1475153020 50 55 34.0
1475153021 50 55 34.0
1475153022 50 55 34.0
1475153023 50 55 33.9
1475153024 50 55 33.9
1475153025 50 55 34.0
1475153026 50 55 33.9
1475153027 50 55 33.9
1475153028 50 55 34.0
1475153029 50 55 33.9
1475153030 50 55 34.0
1475153031 50 55 34.0
1475153032 50 55 33.9
1475153033 50 55 34.0
1475153034 50 55 33.9
1475153035 50 55 34.0
1475153036 50 55 33.9
1475153037 50 55 34.0
1475153038 50 55 34.0
1475153039 50 55 33.9
1475153040 50 55 34.0
1475153041 50 55 33.9
1475153042 50 55 33.9
1475153043 50 55 33.9
1475153044 50 55 34.0
1475153045 50 55 33.9
1475153046 50 55 34.0
1475153047 50 55 33.9
1475153048 50 55 34.0
1475153049 50 55 34.0
1475153050 50 55 34.0
1475153051 50 55 33.9
1475153052 50 55 33.9
1475153053 50 55 33.9
1475153054 50 55 33.9
1475153055 50 55 34.0
1475153056 50 55 33.9
1475153057 50 55 33.9
1475153058 50 55 33.9
1475153059 50 55 34.0
1475153060 50 55 33.9
1475153061 50 55 33.9
1475153062 50 55 34.0
1475153063 50 55 34.0
1475153064 50 55 34.0
1475153065 50 55 34.0
1475153066 50 55 34.0
1475153067 50 55 34.0
1475153068 50 55 34.0
1475153069 50 55 34.0
1475153070 50 55 34.0
1475153071 50 55 33.9
1475153072 50 55 34.0
1475153073 50 55 34.0
1475153074 50 55 34.0
1475153075 50 55 33.9
1475153076 50 55 34.0
1475153077 50 55 34.0
1475153078 50 55 34.0
1475153079 50 55 34.0
1475153080 50 55 33.9
1475153081 50 55 34.1
1475153082 50 55 34.0
1475153083 50 55 33.9
1475153084 50 55 33.9
1475153085 50 55 34.0
1475153086 50 55 34.0
1475153087 50 55 34.0
1475153088 50 55 34.1
1475153089 50 55 34.1
1475153090 50 55 34.1
1475153091 50 55 34.1
1475153092 50 55 34.0
1475153093 50 55 34.0
1475153094 50 55 34.0
1475153095 50 55 34.0
1475153096 50 55 34.0
1475153097 50 55 34.0
1475153098 50 55 34.0
1475153099 50 55 34.0
1475153100 50 55 34.0
1475153101 50 55 34.0
1475153102 50 55 34.0
1475153103 50 55 34.0
1475153104 50 55 34.0
1475153105 50 55 34.0
1475153106 50 55 34.0
1475153107 50 55 34.0
1475153108 50 55 34.0
1475153109 50 55 34.0
1475153110 50 55 34.0
1475153111 50 55 34.0
1475153112 50 55 34.1
1475153113 50 55 34.1
1475153114 50 55 34.0
1475153115 50 55 34.0
1475153116 50 55 34.3
1475153117 50 55 34.1
1475153118 50 55 34.0
1475153119 50 55 34.1
1475153120 50 55 34.1
1475153121 50 55 34.0
1475153122 50 55 34.1
1475153123 50 55 34.0
1475153124 50 55 34.0
1475153125 50 55 34.0
1475153126 50 55 34.0
1475153127 50 55 33.9
1475153128 50 55 34.0
1475153129 50 55 34.1
1475153130 50 55 34.0
1475153131 50 55 34.1
1475153132 50 55 34.1
1475153133 50 55 34.0
1475153134 50 55 34.0
1475153135 50 55 34.1
1475153136 50 55 33.9
1475153137 50 55 34.0
1475153138 50 55 34.0
1475153139 50 55 34.0
1475153140 50 55 34.0
1475153141 50 55 34.0
1475153142 50 55 34.1
1475153143 50 55 34.0
1475153144 50 55 34.0
1475153146 50 55 34.1
1475153147 50 55 34.0
1475153148 50 55 34.0
1475153149 50 55 33.9
1475153150 50 55 34.0
1475153151 50 55 33.9
1475153152 50 55 34.0
1475153153 50 55 34.0
1475153154 50 55 34.0
1475153155 50 55 34.1
1475153156 50 55 34.1
1475153157 50 55 34.0
1475153158 50 55 34.0
1475153159 50 55 34.0
1475153160 50 55 34.1
1475153161 50 55 34.0
1475153162 50 55 34.0
1475153163 50 55 34.0
1475153164 50 55 34.0
1475153165 50 55 34.1
1475153166 50 55 34.0
1475153167 50 55 34.1
1475153168 50 55 34.1
1475153169 50 55 34.0
1475153170 50 55 34.0
1475153171 50 55 34.1
1475153172 50 55 34.0
1475153173 50 55 34.1
1475153174 50 55 34.0
1475153175 50 55 34.0
1475153176 50 55 34.0
1475153177 50 55 34.0
1475153178 50 55 34.0
1475153179 50 55 34.0
1475153180 50 55 34.0
1475153181 50 55 34.1
1475153182 50 55 34.0
1475153183 50 55 34.1
1475153184 50 55 34.0
1475153185 50 55 34.1
1475153186 50 55 34.0
1475153187 50 55 34.0
1475153188 50 55 34.0
1475153189 50 55 34.0
1475153190 50 55 34.0
1475153191 50 55 34.1
1475153192 50 55 34.0
1475153193 50 55 34.1
1475153194 50 55 34.0
1475153195 50 55 34.1
1475153196 50 55 34.0
1475153197 50 55 34.1
1475153198 50 55 34.1
1475153199 50 55 34.1
1475153200 50 55 34.0
1475153201 50 55 34.1
1475153202 50 55 34.0
1475153203 50 55 34.0
1475153204 50 55 34.1
1475153205 50 55 34.1
1475153206 50 55 34.1
1475153207 50 55 34.1
1475153208 50 55 34.0
1475153209 50 55 34.1
1475153210 50 55 34.1
1475153211 50 55 34.1
1475153212 50 55 34.1
1475153213 50 55 34.1
1475153214 50 55 34.1
1475153215 50 55 34.1
1475153216 50 55 34.0
1475153217 50 55 34.1
1475153218 50 55 34.1
1475153219 50 55 34.3
1475153220 50 55 34.0
1475153221 50 55 34.1
1475153222 50 55 34.0
1475153223 50 55 34.0
1475153224 50 55 34.1
1475153225 50 55 34.1
1475153226 50 55 34.1
1475153227 50 55 34.1
1475153228 50 55 34.0
1475153229 50 55 34.0
1475153230 50 55 34.1
1475153231 50 55 34.0
1475153232 50 55 34.1
1475153233 50 55 34.1
1475153234 50 55 34.1
1475153235 50 55 34.1
1475153236 50 55 34.3
1475153237 50 55 34.1
1475153238 50 55 34.1
1475153239 50 55 34.1
1475153240 50 55 34.1
1475153241 50 55 34.1
1475153242 50 55 34.1
1475153243 50 55 34.1
1475153244 50 55 34.0
1475153245 50 55 34.0
1475153246 50 55 34.1
1475153247 50 55 34.1
1475153248 50 55 34.0
1475153249 50 55 34.1
1475153250 50 55 34.1
1475153252 50 55 34.1
1475153254 50 55 34.0
1475153255 50 55 34.0
1475153256 50 55 34.1
1475153257 50 55 34.1
1475153258 50 55 34.0
1475153259 50 55 34.1
1475153260 50 55 34.1
1475153261 50 55 34.1
1475153262 50 55 34.1
1475153263 50 55 34.1
1475153264 50 55 34.1
1475153265 50 55 34.0
1475153266 50 55 34.1
1475153267 50 55 34.0
1475153268 50 55 34.1
1475153269 50 55 34.1
1475153270 50 55 34.1
1475153271 50 55 34.0
1475153272 50 55 34.3
1475153273 50 55 34.1
1475153274 50 55 34.0
1475153275 50 55 34.1
1475153276 50 55 34.1
1475153277 50 55 34.1
1475153278 50 55 34.1
1475153279 50 55 34.0
1475153280 50 55 34.0
1475153281 50 55 34.1
1475153282 50 55 34.1
1475153283 50 55 34.1
1475153284 50 55 34.1
1475153285 50 55 34.3
1475153286 50 55 34.0
1475155272 0 100 27.9
1475155272 0 100 0.0
1475155359 100 50 0.0
1475155359 100 50 27.9
1475155364 100 50 0.0
1475155364 100 50 0.0
1475155366 100 50 0.0
1475155366 100 50 0.0
1475155369 100 50 0.0
1475155369 100 50 0.0
1475155372 100 50 0.0
1475155372 100 50 0.0
1475155375 100 50 0.0
1475155375 100 50 0.0
1475155378 100 50 0.0
1475155378 100 50 0.0
1475155380 100 50 0.0
1475155380 100 50 0.0
1475155382 100 50 0.0
1475155382 100 50 0.0
1475155384 100 50 0.0
1475155384 100 50 0.0
1475155386 100 50 0.0
1475155386 100 50 0.0
