1452778640 0 100 26.2
1452778645 50 50 26.2
1452778646 50 50 26.1
1452778647 50 50 26.2
1452778648 50 50 26.4
1452778649 50 50 26.2
1452778650 50 50 26.4
1452778651 50 50 26.5
1452778652 50 50 26.5
1452778653 50 50 26.6
1452778654 50 50 26.7
1452778655 50 50 26.7
1452778656 50 50 27.0
1452778657 50 50 27.0
1452778663 50 50 28.2
1452778664 50 50 28.3
1452778665 50 50 28.4
1452778666 50 50 28.7
1452778667 50 50 28.8
1452778668 50 50 29.0
1452778669 50 50 29.1
1452778670 50 50 29.3
1452778671 50 50 29.5
1453300626 0 100 23.9
1453300635 50 50 24.0
1453300636 50 50 24.1
1453300637 50 50 24.0
1453300638 50 50 23.9
1453300639 50 50 24.0
1453300640 50 50 24.1
1453300641 50 50 24.3
1453300642 50 50 24.4
1453300643 50 50 24.5
1453300644 50 50 24.6
1453300645 50 50 24.6
1453300646 50 50 25.0
1453300647 50 50 25.0
1453300648 50 50 25.1
1453300649 50 50 25.3
1453300650 50 50 25.4
1453300651 50 50 25.4
1453300652 50 50 25.7
1453300653 50 50 25.9
1453300654 50 50 26.1
1453300655 50 50 26.2
1453300656 50 50 26.4
1453300657 50 50 26.6
1453300669 50 50 28.9
1453300670 50 50 29.1
1453300671 50 50 29.1
1453300672 50 50 29.3
1453300673 50 50 29.4
1453300674 50 50 29.6
1453300675 50 50 29.6
1453300676 50 50 29.8
1453300677 50 50 30.0
1453300678 50 50 30.0
1453300679 50 50 30.2
1453300680 50 50 30.2
1453300681 50 50 30.4
1453300682 50 50 30.5
1453300683 50 50 30.5
1453300684 50 50 30.7
1453300685 50 50 30.8
1453300686 50 50 30.8
1453300687 50 50 30.9
1453300688 50 50 30.9
1453300689 50 50 30.9
1453300690 50 50 31.1
1453300691 50 50 31.2
1453300692 50 50 31.2
1453300693 50 50 31.4
1453300694 50 50 31.5
1453300695 50 50 31.6
1453300696 50 50 31.5
1453300697 50 50 31.6
1453300698 50 50 31.7
1453300699 50 50 31.7
1453300700 50 50 31.7
1453300701 50 50 31.8
1453300702 50 50 31.8
1453300703 50 50 31.8
1453300704 50 50 32.0
1453300710 50 50 32.3
1453300711 50 50 32.3
1453300712 50 50 32.3
1453300713 50 50 32.5
1453300714 50 50 32.4
1453300715 50 50 32.6
1453300716 50 50 32.5
1453300717 50 50 32.5
1453300718 50 50 32.5
1453300719 50 50 32.5
1453300720 50 50 32.6
1453300721 50 50 32.7
1453300722 50 50 32.7
1453300723 50 50 32.9
1453300724 50 50 32.9
1453300725 50 50 32.9
1453300726 50 50 33.0
1453300727 50 50 32.9
1453300728 50 50 32.9
1453300729 50 50 33.0
1453300730 50 50 32.9
1453300731 50 50 32.9
1453300732 50 50 32.9
1453300733 50 50 32.9
1453300734 50 50 33.0
1453300740 80 50 33.0
1453300741 80 50 33.1
1453300742 80 50 33.2
1453300743 80 50 33.2
1453300744 80 50 33.3
1453300745 80 50 33.4
1453300746 80 50 33.6
1453300747 80 50 33.8
1453300748 80 50 33.9
1453300749 80 50 34.0
1453300750 80 50 34.1
1453300751 80 50 34.4
1453300752 80 50 34.5
1453300753 80 50 34.7
1453300754 80 50 35.0
1453300755 80 50 35.2
1453300756 80 50 35.4
1453300757 80 50 35.4
1453300758 80 50 35.7
1453300759 80 50 35.9
1453300760 80 50 36.0
1453300761 80 50 36.2
1453300762 80 50 36.4
1453300763 80 50 36.5
1453300764 80 50 36.7
1453300765 80 50 36.8
1453300766 80 50 36.8
1453300767 80 50 37.0
1453300768 80 50 37.0
1453300769 80 50 37.3
1453300770 80 50 37.3
1453300771 80 50 37.4
1453300772 80 50 37.5
1453300773 80 50 37.6
1453300774 80 50 38.0
1453300775 80 50 38.0
1453300776 80 50 38.0
1453300777 80 50 38.1
1453300778 80 50 38.2
1453300779 80 50 38.2
1453300780 80 50 38.3
1453300781 80 50 38.3
1453352429 0 100 24.8
1453352479 50 50 24.8
1453352481 50 50 24.8
1453352481 50 50 24.8
1453352482 50 50 24.8
1453352484 50 50 25.0
1453352490 50 50 25.4
1453352491 50 50 25.7
1453352491 50 50 25.8
1453352492 50 50 26.0
1453352493 50 50 26.1
1453352494 50 50 26.2
1453352496 50 50 26.5
1453352497 50 50 26.7
1453352498 50 50 26.9
1453352504 50 50 28.0
1453352505 50 50 28.2
1453352506 50 50 28.3
1453352507 50 50 28.6
1453352508 50 50 28.7
1453352509 50 50 28.9
1453352510 50 50 29.0
1453352512 50 50 29.0
1453352512 50 50 29.3
1453352518 50 50 30.1
1453352532 50 50 31.5
1453352543 50 50 32.3
1453352544 50 50 32.4
1453352545 50 50 32.4
1453352546 50 50 32.5
1453352547 50 50 32.5
1453352548 50 50 32.6
1453352549 50 50 32.6
1453352550 50 50 32.7
1453352556 50 50 32.9
1453352557 50 50 33.0
1453352563 50 50 33.0
1453352564 50 50 32.9
1453352565 50 50 33.0
1453352566 50 50 33.0
1453352567 50 50 33.0
1453352569 50 50 33.1
1453352569 50 50 33.0
1453352570 50 50 33.2
1453352572 50 50 33.2
1453352572 50 50 33.2
1453352573 50 50 33.2
1453352574 50 50 33.2
1453352575 50 50 33.3
1453352576 50 50 33.3
1453352582 50 50 33.4
1453352583 80 50 33.4
1453352589 80 50 33.8
1453352590 80 50 34.0
1453352591 80 50 34.1
1453352592 80 50 34.4
1453352594 80 50 34.7
1453352594 80 50 34.7
1453352595 80 50 35.0
1453352596 80 50 35.2
1453352597 80 50 35.3
1453352598 80 50 35.5
1453352604 80 50 36.4
1454309604 0 100 27.3
1454309660 50 50 27.3
1454309661 50 50 27.0
1454309662 50 50 27.2
1454309663 50 50 27.3
1454309664 50 50 27.3
1454309665 50 50 27.5
1454309666 50 50 27.5
1454309667 50 50 27.5
1454309668 50 50 27.7
1454309669 50 50 27.7
1454309670 50 50 27.9
1454309681 50 50 29.7
1454309682 50 50 30.0
1454309683 50 50 30.1
1454309684 50 50 30.4
1454309685 50 50 30.4
1454309686 50 50 30.7
1454309687 50 50 30.8
1454309688 50 50 30.9
1454309689 50 50 31.0
1454309690 50 50 31.2
1454309696 50 50 32.3
1454309702 50 50 33.0
1454309703 50 50 33.1
1454309709 50 50 33.6
1454309710 50 50 33.7
1454309711 50 50 33.8
1454309717 50 50 34.1
1454309718 50 50 34.3
1454309724 50 50 34.7
1454309725 50 50 34.7
1454309726 50 50 34.8
1454309728 50 50 35.0
1454309729 50 50 35.0
1454309730 50 50 35.0
1454309732 50 50 35.1
1454309733 50 50 35.2
1454309734 50 50 35.2
1454309741 50 50 35.3
1454309742 50 50 35.2
1454309743 50 50 35.5
1454309750 50 50 35.8
1454309751 50 50 35.7
1454309753 50 50 35.8
1454309759 50 50 36.0
1454309760 80 50 36.0
1454309766 80 50 36.4
1454309767 80 50 36.4
1454309777 80 50 38.3
1454309778 80 50 38.6
1454309779 80 50 38.7
1454309780 80 50 38.8
1454309787 80 50 39.8
1454309788 80 50 40.0
1454309797 80 50 41.0
1454309798 80 50 40.9
1454309799 80 50 41.2
1454309800 80 50 41.4
1454309801 80 50 41.5
1454309802 80 50 41.6
1454309808 80 50 42.1
1454309809 80 50 41.8
1454309813 80 50 42.3
1454309814 80 50 42.3
1454309820 80 50 42.5
1454309821 80 50 42.4
1454309822 80 50 42.3
1454309823 80 50 42.5
1454309829 80 50 43.1
1454309830 80 50 43.0
1454309831 80 50 43.1
1454309832 80 50 43.1
1454309833 80 50 43.0
1454309834 80 50 43.1
1454309836 80 50 43.0
1454309837 80 50 42.9
1454309838 80 50 43.1
1454309839 80 50 43.2
1454309840 80 50 43.2
1454309841 80 50 43.3
1454309842 80 50 43.3
1454309843 80 50 43.2
1454309849 80 50 43.3
1454309849 80 50 43.3
1454309850 80 50 43.4
1454309856 80 50 43.4
1454309856 80 50 43.3
1454309857 80 50 43.4
1454309858 80 50 43.3
1454309859 80 50 43.3
1454309860 80 50 43.4
1454309866 80 50 43.6
1454309872 80 50 43.8
1454309873 80 50 43.8
1454309880 80 50 43.7
1454309881 80 50 43.7
1454309882 80 50 43.8
1454309883 80 50 43.7
1454309884 80 50 43.8
1454309885 80 50 43.8
1454309886 80 50 43.8
1454309892 80 50 43.7
1454309893 80 50 43.8
1454309894 80 50 43.8
1454309896 80 50 43.7
1454309897 80 50 43.7
1454309898 80 50 43.9
1454309899 80 50 43.9
1454309900 80 50 43.9
1454309901 80 50 44.0
1454309907 80 50 44.0
1454309908 80 50 44.1
1454309909 80 50 44.1
1454309910 80 50 44.1
1454309911 80 50 44.1
1454309912 80 50 44.1
1454309913 80 50 44.3
1454309919 80 50 44.3
1454309920 80 50 44.3
1454309926 80 50 44.3
1454309927 80 50 44.1
1454309928 80 50 44.3
1454309929 80 50 44.1
1454309930 80 50 44.1
1454309931 80 50 44.3
1454309937 80 50 44.1
1454309941 80 50 44.3
1454309945 80 50 44.6
1454309946 80 50 44.5
1454309947 80 50 44.4
1454309948 80 50 44.5
1454309949 80 50 44.4
1454309950 80 50 44.3
1454309951 80 50 44.4
1454309954 80 50 44.5
1454309955 80 50 44.5
1454309956 80 50 44.5
1454309957 80 50 44.4
1454309960 80 50 44.5
1454309962 80 50 44.5
1454309968 80 50 44.7
1454309969 80 50 44.7
1454309970 80 50 44.7
1454309974 80 50 44.7
1454309975 80 50 44.6
1454309976 80 50 44.8
1454309977 80 50 44.8
1454309983 80 50 45.0
1454309984 80 50 45.0
1454309985 80 50 45.0
1454309986 80 50 44.8
1454309987 80 50 45.0
1454309988 80 50 44.8
1454309989 80 50 44.7
1454309990 80 50 44.8
1454309991 80 50 44.7
1454309992 80 50 44.7
1454309993 80 50 44.7
1454309994 80 50 44.8
1454310001 80 50 44.6
1454310002 80 50 44.7
1454310003 80 50 44.7
1454310004 80 50 44.8
1454310005 80 50 44.8
1454310011 80 50 45.0
1454310012 80 50 45.0
1454310013 80 50 45.0
1454310014 80 50 45.0
1454310016 80 50 45.0
1454310017 80 50 45.0
1454310018 80 50 45.0
1454310019 80 50 44.8
1454310021 80 50 44.8
1454310022 80 50 45.0
1454310023 80 50 45.0
1454310024 80 50 45.0
1454310025 80 50 45.0
1454310026 80 50 45.0
1454310027 80 50 45.1
1454310028 80 50 45.1
1454310030 80 50 44.8
1454310031 80 50 44.5
1454310032 80 50 45.0
1454310033 80 50 45.0
1454310034 80 50 44.7
1454310035 80 50 44.8
1454310041 80 50 45.0
1454310042 80 50 45.0
1454310043 80 50 45.1
1454310049 80 50 45.0
